#
# There is insufficient memory for the Java Runtime Environment to continue.
# Native memory allocation (malloc) failed to allocate 977936 bytes for Chunk::new
# Possible reasons:
#   The system is out of physical RAM or swap space
#   The process is running with CompressedOops enabled, and the Java Heap may be blocking the growth of the native heap
# Possible solutions:
#   Reduce memory load on the system
#   Increase physical memory or swap space
#   Check if swap backing store is full
#   Decrease Java heap size (-Xmx/-Xms)
#   Decrease number of Java threads
#   Decrease Java thread stack sizes (-Xss)
#   Set larger code cache with -XX:ReservedCodeCacheSize=
#   JVM is running with Unscaled Compressed Oops mode in which the Java heap is
#     placed in the first 4GB address space. The Java Heap base address is the
#     maximum limit for the native heap growth. Please use -XX:HeapBaseMinAddress
#     to set the Java Heap base and to place the Java Heap above 4GB virtual address.
# This output file may be truncated or incomplete.
#
#  Out of Memory Error (./open/src/hotspot/share/memory/arena.cpp:195), pid=19780, tid=7200
#
# JRE version: OpenJDK Runtime Environment (15.0.2+7) (build 15.0.2+7-27)
# Java VM: OpenJDK 64-Bit Server VM (15.0.2+7-27, mixed mode, tiered, compressed oops, g1 gc, windows-amd64)
# No core dump will be written. Minidumps are not enabled by default on client versions of Windows
#

---------------  S U M M A R Y ------------

Command Line: -Dfile.encoding=UTF-8 -XX:+ShowCodeDetailsInExceptionMessages test.project

Host: Intel(R) Core(TM) i7-8565U CPU @ 1.80GHz, 8 cores, 7G,  Windows 10 , 64 bit Build 19041 (10.0.19041.928)
Time: Fri May 21 00:26:56 2021 SE Asia Standard Time elapsed time: 25627.404770 seconds (0d 7h 7m 7s)

---------------  T H R E A D  ---------------

Current thread (0x000001a5508a2710):  JavaThread "C2 CompilerThread0" daemon [_thread_in_native, id=7200, stack(0x0000004205700000,0x0000004205800000)]


Current CompileTask:
C2:25627404 3446   !   4       sun.awt.PostEventQueue::flush (168 bytes)

Stack: [0x0000004205700000,0x0000004205800000]
Native frames: (J=compiled Java code, j=interpreted, Vv=VM code, C=native code)
V  [jvm.dll+0x62ae9a]
V  [jvm.dll+0x7817a9]
V  [jvm.dll+0x782f03]
V  [jvm.dll+0x783563]
V  [jvm.dll+0x216325]
V  [jvm.dll+0x97f3a]
V  [jvm.dll+0x9861c]
V  [jvm.dll+0x32e2a8]
V  [jvm.dll+0x18e3b1]
V  [jvm.dll+0x1ea822]
V  [jvm.dll+0x1e996e]
V  [jvm.dll+0x178567]
V  [jvm.dll+0x1f9225]
V  [jvm.dll+0x1f72cc]
V  [jvm.dll+0x74495d]
V  [jvm.dll+0x73d75a]
V  [jvm.dll+0x629c56]
C  [ucrtbase.dll+0x21bb2]
C  [KERNEL32.DLL+0x17034]
C  [ntdll.dll+0x52651]


---------------  P R O C E S S  ---------------

Threads class SMR info:
_java_thread_list=0x000001a554a85620, length=18, elements={
0x000001a550882010, 0x000001a550885140, 0x000001a5508701c0, 0x000001a5508b16d0,
0x000001a55089e110, 0x000001a5508a2710, 0x000001a5508a52c0, 0x000001a5508c4370,
0x000001a550a46590, 0x000001a550a2d640, 0x000001a55100f880, 0x000001a55103e030,
0x000001a55103e500, 0x000001a551089e70, 0x000001a535d32340, 0x000001a551107910,
0x000001a5538e1340, 0x000001a55338c350
}

Java Threads: ( => current thread )
  0x000001a550882010 JavaThread "Reference Handler" daemon [_thread_blocked, id=1096, stack(0x0000004205200000,0x0000004205300000)]
  0x000001a550885140 JavaThread "Finalizer" daemon [_thread_blocked, id=9856, stack(0x0000004205300000,0x0000004205400000)]
  0x000001a5508701c0 JavaThread "Signal Dispatcher" daemon [_thread_blocked, id=2716, stack(0x0000004205400000,0x0000004205500000)]
  0x000001a5508b16d0 JavaThread "Attach Listener" daemon [_thread_blocked, id=4284, stack(0x0000004205500000,0x0000004205600000)]
  0x000001a55089e110 JavaThread "Service Thread" daemon [_thread_blocked, id=8028, stack(0x0000004205600000,0x0000004205700000)]
=>0x000001a5508a2710 JavaThread "C2 CompilerThread0" daemon [_thread_in_native, id=7200, stack(0x0000004205700000,0x0000004205800000)]
  0x000001a5508a52c0 JavaThread "C1 CompilerThread0" daemon [_thread_blocked, id=10492, stack(0x0000004205800000,0x0000004205900000)]
  0x000001a5508c4370 JavaThread "Sweeper thread" daemon [_thread_blocked, id=8528, stack(0x0000004205900000,0x0000004205a00000)]
  0x000001a550a46590 JavaThread "Notification Thread" daemon [_thread_blocked, id=1988, stack(0x0000004205a00000,0x0000004205b00000)]
  0x000001a550a2d640 JavaThread "Common-Cleaner" daemon [_thread_blocked, id=5452, stack(0x0000004205c00000,0x0000004205d00000)]
  0x000001a55100f880 JavaThread "Java2D Disposer" daemon [_thread_blocked, id=8892, stack(0x0000004205d00000,0x0000004205e00000)]
  0x000001a55103e030 JavaThread "AWT-Shutdown" [_thread_blocked, id=8160, stack(0x0000004205e00000,0x0000004205f00000)]
  0x000001a55103e500 JavaThread "AWT-Windows" daemon [_thread_in_native, id=1828, stack(0x0000004205f00000,0x0000004206000000)]
  0x000001a551089e70 JavaThread "AWT-EventQueue-0" [_thread_blocked, id=17224, stack(0x0000004206000000,0x0000004206100000)]
  0x000001a535d32340 JavaThread "DestroyJavaVM" [_thread_blocked, id=21080, stack(0x0000004204b00000,0x0000004204c00000)]
  0x000001a551107910 JavaThread "Swing-Shell" daemon [_thread_blocked, id=17696, stack(0x0000004206200000,0x0000004206300000)]
  0x000001a5538e1340 JavaThread "TimerQueue" daemon [_thread_blocked, id=9192, stack(0x0000004206900000,0x0000004206a00000)]
  0x000001a55338c350 JavaThread "Thread-0" [_thread_blocked, id=15048, stack(0x0000004206d00000,0x0000004206e00000)]

Other Threads:
  0x000001a55084a3e0 VMThread "VM Thread" [stack: 0x0000004205100000,0x0000004205200000] [id=20108]
  0x000001a550a28040 WatcherThread [stack: 0x0000004205b00000,0x0000004205c00000] [id=12960]
  0x000001a535d73400 GCTaskThread "GC Thread#0" [stack: 0x0000004204c00000,0x0000004204d00000] [id=19592]
  0x000001a551274560 GCTaskThread "GC Thread#1" [stack: 0x0000004206700000,0x0000004206800000] [id=13164]
  0x000001a551272250 GCTaskThread "GC Thread#2" [stack: 0x0000004206800000,0x0000004206900000] [id=2692]
  0x000001a551273f00 GCTaskThread "GC Thread#3" [stack: 0x0000004206a00000,0x0000004206b00000] [id=16344]
  0x000001a551272580 GCTaskThread "GC Thread#4" [stack: 0x0000004206b00000,0x0000004206c00000] [id=10432]
  0x000001a551274230 GCTaskThread "GC Thread#5" [stack: 0x0000004206c00000,0x0000004206d00000] [id=19056]
  0x000001a551273240 GCTaskThread "GC Thread#6" [stack: 0x0000004206e00000,0x0000004206f00000] [id=5820]
  0x000001a551274890 GCTaskThread "GC Thread#7" [stack: 0x0000004206f00000,0x0000004207000000] [id=13684]
  0x000001a535dc2010 ConcurrentGCThread "G1 Main Marker" [stack: 0x0000004204d00000,0x0000004204e00000] [id=21316]
  0x000001a535dc2c80 ConcurrentGCThread "G1 Conc#0" [stack: 0x0000004204e00000,0x0000004204f00000] [id=15096]
  0x000001a551274ef0 ConcurrentGCThread "G1 Conc#1" [stack: 0x0000004207000000,0x0000004207100000] [id=12828]
  0x000001a54fe744e0 ConcurrentGCThread "G1 Refine#0" [stack: 0x0000004204f00000,0x0000004205000000] [id=15648]
  0x000001a535e0bdd0 ConcurrentGCThread "G1 Young RemSet Sampling" [stack: 0x0000004205000000,0x0000004205100000] [id=19316]

Threads with active compile tasks:
C2 CompilerThread0  25627445 3446   !   4       sun.awt.PostEventQueue::flush (168 bytes)

VM state: not at safepoint (normal execution)

VM Mutex/Monitor currently owned by a thread: None

Heap address: 0x0000000081e00000, size: 2018 MB, Compressed Oops mode: 32-bit
CDS disabled.
Compressed class space mapped at: 0x0000000100000000-0x0000000140000000, size: 1073741824
Narrow klass base: 0x0000000000000000, Narrow klass shift: 3, Narrow klass range: 0x140000000

GC Precious Log:
 CPUs: 8 total, 8 available
 Memory: 8068M
 Large Page Support: Disabled
 NUMA Support: Disabled
 Compressed Oops: Enabled (32-bit)
 Heap Region Size: 1M
 Heap Min Capacity: 8M
 Heap Initial Capacity: 128M
 Heap Max Capacity: 2018M
 Pre-touch: Disabled
 Parallel Workers: 8
 Concurrent Workers: 2
 Concurrent Refinement Workers: 8
 Periodic GC: Disabled

Heap:
 garbage-first heap   total 65536K, used 39871K [0x0000000081e00000, 0x0000000100000000)
  region size 1024K, 17 young (17408K), 2 survivors (2048K)
 Metaspace       used 23850K, capacity 24058K, committed 24320K, reserved 1071104K
  class space    used 2391K, capacity 2442K, committed 2560K, reserved 1048576K

Heap Regions: E=young(eden), S=young(survivor), O=old, HS=humongous(starts), HC=humongous(continues), CS=collection set, F=free, OA=open archive, CA=closed archive, TAMS=top-at-mark-start (previous, next)
|   0|0x0000000081e00000, 0x0000000081f00000, 0x0000000081f00000|100%|HS|  |TAMS 0x0000000081f00000, 0x0000000081e00000| Complete 
|   1|0x0000000081f00000, 0x0000000082000000, 0x0000000082000000|100%|HC|  |TAMS 0x0000000082000000, 0x0000000081f00000| Complete 
|   2|0x0000000082000000, 0x0000000082100000, 0x0000000082100000|100%|HC|  |TAMS 0x0000000082100000, 0x0000000082000000| Complete 
|   3|0x0000000082100000, 0x0000000082200000, 0x0000000082200000|100%|HS|  |TAMS 0x0000000082200000, 0x0000000082100000| Complete 
|   4|0x0000000082200000, 0x0000000082300000, 0x0000000082300000|100%|HC|  |TAMS 0x0000000082300000, 0x0000000082200000| Complete 
|   5|0x0000000082300000, 0x0000000082400000, 0x0000000082400000|100%|HC|  |TAMS 0x0000000082400000, 0x0000000082300000| Complete 
|   6|0x0000000082400000, 0x0000000082500000, 0x0000000082500000|100%|HC|  |TAMS 0x0000000082500000, 0x0000000082400000| Complete 
|   7|0x0000000082500000, 0x0000000082600000, 0x0000000082600000|100%|HC|  |TAMS 0x0000000082600000, 0x0000000082500000| Complete 
|   8|0x0000000082600000, 0x0000000082700000, 0x0000000082700000|100%|HC|  |TAMS 0x0000000082700000, 0x0000000082600000| Complete 
|   9|0x0000000082700000, 0x0000000082800000, 0x0000000082800000|100%|HC|  |TAMS 0x0000000082800000, 0x0000000082700000| Complete 
|  10|0x0000000082800000, 0x0000000082900000, 0x0000000082900000|100%|HC|  |TAMS 0x0000000082900000, 0x0000000082800000| Complete 
|  11|0x0000000082900000, 0x0000000082a00000, 0x0000000082a00000|100%| O|  |TAMS 0x00000000829ba200, 0x0000000082900000| Untracked 
|  12|0x0000000082a00000, 0x0000000082b00000, 0x0000000082b00000|100%| O|  |TAMS 0x0000000082a00000, 0x0000000082a00000| Untracked 
|  13|0x0000000082b00000, 0x0000000082c00000, 0x0000000082c00000|100%| O|  |TAMS 0x0000000082b00000, 0x0000000082b00000| Untracked 
|  14|0x0000000082c00000, 0x0000000082cb8c00, 0x0000000082d00000| 72%| O|  |TAMS 0x0000000082c00000, 0x0000000082c00000| Untracked 
|  15|0x0000000082d00000, 0x0000000082e00000, 0x0000000082e00000|100%|HS|  |TAMS 0x0000000082d00000, 0x0000000082d00000| Complete 
|  16|0x0000000082e00000, 0x0000000082f00000, 0x0000000082f00000|100%|HC|  |TAMS 0x0000000082e00000, 0x0000000082e00000| Complete 
|  17|0x0000000082f00000, 0x0000000083000000, 0x0000000083000000|100%|HC|  |TAMS 0x0000000082f00000, 0x0000000082f00000| Complete 
|  18|0x0000000083000000, 0x0000000083100000, 0x0000000083100000|100%|HC|  |TAMS 0x0000000083000000, 0x0000000083000000| Complete 
|  19|0x0000000083100000, 0x0000000083200000, 0x0000000083200000|100%|HC|  |TAMS 0x0000000083100000, 0x0000000083100000| Complete 
|  20|0x0000000083200000, 0x0000000083300000, 0x0000000083300000|100%|HC|  |TAMS 0x0000000083200000, 0x0000000083200000| Complete 
|  21|0x0000000083300000, 0x0000000083400000, 0x0000000083400000|100%|HC|  |TAMS 0x0000000083300000, 0x0000000083300000| Complete 
|  22|0x0000000083400000, 0x0000000083500000, 0x0000000083500000|100%|HC|  |TAMS 0x0000000083400000, 0x0000000083400000| Complete 
|  23|0x0000000083500000, 0x0000000083500000, 0x0000000083600000|  0%| F|  |TAMS 0x0000000083500000, 0x0000000083500000| Untracked 
|  24|0x0000000083600000, 0x0000000083600000, 0x0000000083700000|  0%| F|  |TAMS 0x0000000083600000, 0x0000000083600000| Untracked 
|  25|0x0000000083700000, 0x0000000083700000, 0x0000000083800000|  0%| F|  |TAMS 0x0000000083700000, 0x0000000083700000| Untracked 
|  26|0x0000000083800000, 0x00000000838cd200, 0x0000000083900000| 80%| O|  |TAMS 0x0000000083800000, 0x0000000083800000| Untracked 
|  27|0x0000000083900000, 0x0000000083900000, 0x0000000083a00000|  0%| F|  |TAMS 0x0000000083900000, 0x0000000083900000| Untracked 
|  28|0x0000000083a00000, 0x0000000083a00000, 0x0000000083b00000|  0%| F|  |TAMS 0x0000000083a00000, 0x0000000083a00000| Untracked 
|  29|0x0000000083b00000, 0x0000000083b00000, 0x0000000083c00000|  0%| F|  |TAMS 0x0000000083b00000, 0x0000000083b00000| Untracked 
|  30|0x0000000083c00000, 0x0000000083c00000, 0x0000000083d00000|  0%| F|  |TAMS 0x0000000083c00000, 0x0000000083c00000| Untracked 
|  31|0x0000000083d00000, 0x0000000083d6a010, 0x0000000083e00000| 41%| S|CS|TAMS 0x0000000083d00000, 0x0000000083d00000| Complete 
|  32|0x0000000083e00000, 0x0000000083f00000, 0x0000000083f00000|100%| S|CS|TAMS 0x0000000083e00000, 0x0000000083e00000| Complete 
|  33|0x0000000083f00000, 0x0000000083f00000, 0x0000000084000000|  0%| F|  |TAMS 0x0000000083f00000, 0x0000000083f00000| Untracked 
|  34|0x0000000084000000, 0x0000000084000000, 0x0000000084100000|  0%| F|  |TAMS 0x0000000084000000, 0x0000000084000000| Untracked 
|  35|0x0000000084100000, 0x0000000084100000, 0x0000000084200000|  0%| F|  |TAMS 0x0000000084100000, 0x0000000084100000| Untracked 
|  36|0x0000000084200000, 0x0000000084200000, 0x0000000084300000|  0%| F|  |TAMS 0x0000000084200000, 0x0000000084200000| Untracked 
|  37|0x0000000084300000, 0x0000000084300000, 0x0000000084400000|  0%| F|  |TAMS 0x0000000084300000, 0x0000000084300000| Untracked 
|  38|0x0000000084400000, 0x0000000084400000, 0x0000000084500000|  0%| F|  |TAMS 0x0000000084400000, 0x0000000084400000| Untracked 
|  39|0x0000000084500000, 0x0000000084500000, 0x0000000084600000|  0%| F|  |TAMS 0x0000000084500000, 0x0000000084500000| Untracked 
|  40|0x0000000084600000, 0x0000000084600000, 0x0000000084700000|  0%| F|  |TAMS 0x0000000084600000, 0x0000000084600000| Untracked 
|  41|0x0000000084700000, 0x0000000084700000, 0x0000000084800000|  0%| F|  |TAMS 0x0000000084700000, 0x0000000084700000| Untracked 
|  42|0x0000000084800000, 0x0000000084800000, 0x0000000084900000|  0%| F|  |TAMS 0x0000000084800000, 0x0000000084800000| Untracked 
|  43|0x0000000084900000, 0x0000000084900000, 0x0000000084a00000|  0%| F|  |TAMS 0x0000000084900000, 0x0000000084900000| Untracked 
|  44|0x0000000084a00000, 0x0000000084a00000, 0x0000000084b00000|  0%| F|  |TAMS 0x0000000084a00000, 0x0000000084a00000| Untracked 
|  45|0x0000000084b00000, 0x0000000084b00000, 0x0000000084c00000|  0%| F|  |TAMS 0x0000000084b00000, 0x0000000084b00000| Untracked 
|  46|0x0000000084c00000, 0x0000000084c00000, 0x0000000084d00000|  0%| F|  |TAMS 0x0000000084c00000, 0x0000000084c00000| Untracked 
|  47|0x0000000084d00000, 0x0000000084d00000, 0x0000000084e00000|  0%| F|  |TAMS 0x0000000084d00000, 0x0000000084d00000| Untracked 
|  48|0x0000000084e00000, 0x0000000084e00000, 0x0000000084f00000|  0%| F|  |TAMS 0x0000000084e00000, 0x0000000084e00000| Untracked 
|  49|0x0000000084f00000, 0x0000000084f96918, 0x0000000085000000| 58%| E|  |TAMS 0x0000000084f00000, 0x0000000084f00000| Complete 
|  50|0x0000000085000000, 0x0000000085100000, 0x0000000085100000|100%| E|CS|TAMS 0x0000000085000000, 0x0000000085000000| Complete 
|  51|0x0000000085100000, 0x0000000085200000, 0x0000000085200000|100%| E|CS|TAMS 0x0000000085100000, 0x0000000085100000| Complete 
|  52|0x0000000085200000, 0x0000000085300000, 0x0000000085300000|100%| E|CS|TAMS 0x0000000085200000, 0x0000000085200000| Complete 
|  53|0x0000000085300000, 0x0000000085400000, 0x0000000085400000|100%| E|CS|TAMS 0x0000000085300000, 0x0000000085300000| Complete 
|  54|0x0000000085400000, 0x0000000085500000, 0x0000000085500000|100%| E|CS|TAMS 0x0000000085400000, 0x0000000085400000| Complete 
|  55|0x0000000085500000, 0x0000000085600000, 0x0000000085600000|100%| E|CS|TAMS 0x0000000085500000, 0x0000000085500000| Complete 
|  56|0x0000000085600000, 0x0000000085700000, 0x0000000085700000|100%| E|CS|TAMS 0x0000000085600000, 0x0000000085600000| Complete 
|  57|0x0000000085700000, 0x0000000085800000, 0x0000000085800000|100%| E|CS|TAMS 0x0000000085700000, 0x0000000085700000| Complete 
|  58|0x0000000085800000, 0x0000000085900000, 0x0000000085900000|100%| E|CS|TAMS 0x0000000085800000, 0x0000000085800000| Complete 
|  59|0x0000000085900000, 0x0000000085a00000, 0x0000000085a00000|100%| E|CS|TAMS 0x0000000085900000, 0x0000000085900000| Complete 
| 117|0x0000000089300000, 0x0000000089400000, 0x0000000089400000|100%| E|CS|TAMS 0x0000000089300000, 0x0000000089300000| Complete 
| 118|0x0000000089400000, 0x0000000089500000, 0x0000000089500000|100%| E|CS|TAMS 0x0000000089400000, 0x0000000089400000| Complete 
| 126|0x0000000089c00000, 0x0000000089d00000, 0x0000000089d00000|100%| E|CS|TAMS 0x0000000089c00000, 0x0000000089c00000| Complete 
| 127|0x0000000089d00000, 0x0000000089e00000, 0x0000000089e00000|100%| E|CS|TAMS 0x0000000089d00000, 0x0000000089d00000| Complete 

Card table byte_map: [0x000001a548e80000,0x000001a549280000] _byte_map_base: 0x000001a548a71000

Marking Bits (Prev, Next): (CMBitMap*) 0x000001a535d73cb0, (CMBitMap*) 0x000001a535d73c70
 Prev Bits: [0x000001a54b610000, 0x000001a54d598000)
 Next Bits: [0x000001a549680000, 0x000001a54b608000)

Polling page: 0x000001a533cb0000

Metaspace:

Usage:
  Non-class:     21.11 MB capacity,    20.96 MB (>99%) used,   129.64 KB ( <1%) free+waste,    26.69 KB ( <1%) overhead. 
      Class:      2.38 MB capacity,     2.34 MB ( 98%) used,    42.38 KB (  2%) free+waste,     8.31 KB ( <1%) overhead. 
       Both:     23.49 MB capacity,    23.29 MB (>99%) used,   172.02 KB ( <1%) free+waste,    35.00 KB ( <1%) overhead. 

Virtual space:
  Non-class space:       22.00 MB reserved,      21.25 MB ( 97%) committed 
      Class space:        1.00 GB reserved,       2.50 MB ( <1%) committed 
             Both:        1.02 GB reserved,      23.75 MB (  2%) committed 

Chunk freelists:
   Non-Class:  16.00 KB
       Class:  22.00 KB
        Both:  38.00 KB

MaxMetaspaceSize: 17179869184.00 GB
CompressedClassSpaceSize: 1.00 GB

CodeHeap 'non-profiled nmethods': size=120000Kb used=1640Kb max_used=1640Kb free=118360Kb
 bounds [0x000001a541220000, 0x000001a541490000, 0x000001a548750000]
CodeHeap 'profiled nmethods': size=120000Kb used=6750Kb max_used=6750Kb free=113249Kb
 bounds [0x000001a539cf0000, 0x000001a53a390000, 0x000001a541220000]
CodeHeap 'non-nmethods': size=5760Kb used=1364Kb max_used=1432Kb free=4395Kb
 bounds [0x000001a539750000, 0x000001a5399c0000, 0x000001a539cf0000]
 total_blobs=4123 nmethods=3443 adapters=590
 compilation: enabled
              stopped_count=0, restarted_count=0
 full_count=0

Compilation events (20 events):
Event: 4825.568 Thread 0x000001a5508a2710 nmethod 3434% 0x000001a5413b6710 code [0x000001a5413b69c0, 0x000001a5413b7830]
Event: 5370.390 Thread 0x000001a5508a52c0 3435 %     3       org.graphstream.ui.layout.LayoutRunner::run @ 13 (125 bytes)
Event: 5370.394 Thread 0x000001a5508a52c0 nmethod 3435% 0x000001a53a37e010 code [0x000001a53a37e360, 0x000001a53a37f908]
Event: 5458.038 Thread 0x000001a5508a52c0 3436       3       org.graphstream.ui.layout.LayoutRunner::run (125 bytes)
Event: 5458.041 Thread 0x000001a5508a52c0 nmethod 3436 0x000001a53a380010 code [0x000001a53a380360, 0x000001a53a381828]
Event: 15732.345 Thread 0x000001a5508a2710 3437 %     4       org.graphstream.ui.layout.LayoutRunner::run @ 13 (125 bytes)
Event: 15732.393 Thread 0x000001a5508a2710 nmethod 3437% 0x000001a5413b8310 code [0x000001a5413b8520, 0x000001a5413b8b58]
Event: 25546.956 Thread 0x000001a5508a52c0 3439   !   3       java.lang.invoke.MethodHandleNatives::linkMethodHandleConstant (50 bytes)
Event: 25546.966 Thread 0x000001a5508a52c0 nmethod 3439 0x000001a53a381f10 code [0x000001a53a3820e0, 0x000001a53a3822c8]
Event: 25546.966 Thread 0x000001a5508a52c0 3440       3       java.lang.invoke.MethodHandles$Lookup::linkMethodHandleConstant (223 bytes)
Event: 25546.998 Thread 0x000001a5508a52c0 nmethod 3440 0x000001a53a382490 code [0x000001a53a382840, 0x000001a53a384068]
Event: 25549.216 Thread 0x000001a5508a52c0 3442   !   3       sun.awt.PostEventQueue::flush (168 bytes)
Event: 25549.485 Thread 0x000001a5508a52c0 nmethod 3442 0x000001a53a384810 code [0x000001a53a384aa0, 0x000001a53a385768]
Event: 25553.324 Thread 0x000001a5508a52c0 3443   !   3       java.awt.EventQueue::postEventPrivate (104 bytes)
Event: 25553.333 Thread 0x000001a5508a52c0 nmethod 3443 0x000001a53a385d90 code [0x000001a53a385fe0, 0x000001a53a3867a8]
Event: 25553.465 Thread 0x000001a5508a52c0 3444       3       java.awt.EventQueue::coalesceEvent (86 bytes)
Event: 25553.469 Thread 0x000001a5508a52c0 nmethod 3444 0x000001a53a386a90 code [0x000001a53a386cc0, 0x000001a53a3878f8]
Event: 25556.125 Thread 0x000001a5508a2710 3445       4       java.awt.EventQueue::cacheEQItem (60 bytes)
Event: 25556.140 Thread 0x000001a5508a2710 nmethod 3445 0x000001a5413b9810 code [0x000001a5413b99a0, 0x000001a5413b9e18]
Event: 25627.117 Thread 0x000001a5508a2710 3446   !   4       sun.awt.PostEventQueue::flush (168 bytes)

GC Heap History (20 events):
Event: 1.634 GC heap before
{Heap before GC invocations=0 (full 0):
 garbage-first heap   total 131072K, used 34816K [0x0000000081e00000, 0x0000000100000000)
  region size 1024K, 23 young (23552K), 0 survivors (0K)
 Metaspace       used 17590K, capacity 17763K, committed 17920K, reserved 1064960K
  class space    used 1860K, capacity 1923K, committed 2048K, reserved 1048576K
}
Event: 1.648 GC heap after
{Heap after GC invocations=1 (full 0):
 garbage-first heap   total 131072K, used 15080K [0x0000000081e00000, 0x0000000100000000)
  region size 1024K, 3 young (3072K), 3 survivors (3072K)
 Metaspace       used 17590K, capacity 17763K, committed 17920K, reserved 1064960K
  class space    used 1860K, capacity 1923K, committed 2048K, reserved 1048576K
}
Event: 3.426 GC heap before
{Heap before GC invocations=1 (full 0):
 garbage-first heap   total 131072K, used 23272K [0x0000000081e00000, 0x0000000100000000)
  region size 1024K, 12 young (12288K), 3 survivors (3072K)
 Metaspace       used 21034K, capacity 21205K, committed 21248K, reserved 1069056K
  class space    used 2237K, capacity 2281K, committed 2304K, reserved 1048576K
}
Event: 3.432 GC heap after
{Heap after GC invocations=2 (full 0):
 garbage-first heap   total 131072K, used 16279K [0x0000000081e00000, 0x0000000100000000)
  region size 1024K, 2 young (2048K), 2 survivors (2048K)
 Metaspace       used 21034K, capacity 21205K, committed 21248K, reserved 1069056K
  class space    used 2237K, capacity 2281K, committed 2304K, reserved 1048576K
}
Event: 961.251 GC heap before
{Heap before GC invocations=3 (full 0):
 garbage-first heap   total 65536K, used 61335K [0x0000000081e00000, 0x0000000100000000)
  region size 1024K, 38 young (38912K), 2 survivors (2048K)
 Metaspace       used 23808K, capacity 23991K, committed 24320K, reserved 1071104K
  class space    used 2386K, capacity 2441K, committed 2560K, reserved 1048576K
}
Event: 961.258 GC heap after
{Heap after GC invocations=4 (full 0):
 garbage-first heap   total 65536K, used 25889K [0x0000000081e00000, 0x0000000100000000)
  region size 1024K, 3 young (3072K), 3 survivors (3072K)
 Metaspace       used 23808K, capacity 23991K, committed 24320K, reserved 1071104K
  class space    used 2386K, capacity 2441K, committed 2560K, reserved 1048576K
}
Event: 3042.257 GC heap before
{Heap before GC invocations=4 (full 0):
 garbage-first heap   total 65536K, used 49441K [0x0000000081e00000, 0x0000000100000000)
  region size 1024K, 26 young (26624K), 3 survivors (3072K)
 Metaspace       used 23816K, capacity 23991K, committed 24320K, reserved 1071104K
  class space    used 2386K, capacity 2441K, committed 2560K, reserved 1048576K
}
Event: 3042.263 GC heap after
{Heap after GC invocations=5 (full 0):
 garbage-first heap   total 65536K, used 25600K [0x0000000081e00000, 0x0000000100000000)
  region size 1024K, 2 young (2048K), 2 survivors (2048K)
 Metaspace       used 23816K, capacity 23991K, committed 24320K, reserved 1071104K
  class space    used 2386K, capacity 2441K, committed 2560K, reserved 1048576K
}
Event: 5364.179 GC heap before
{Heap before GC invocations=5 (full 0):
 garbage-first heap   total 65536K, used 51200K [0x0000000081e00000, 0x0000000100000000)
  region size 1024K, 27 young (27648K), 2 survivors (2048K)
 Metaspace       used 23816K, capacity 23991K, committed 24320K, reserved 1071104K
  class space    used 2386K, capacity 2441K, committed 2560K, reserved 1048576K
}
Event: 5364.183 GC heap after
{Heap after GC invocations=6 (full 0):
 garbage-first heap   total 65536K, used 25479K [0x0000000081e00000, 0x0000000100000000)
  region size 1024K, 2 young (2048K), 2 survivors (2048K)
 Metaspace       used 23816K, capacity 23991K, committed 24320K, reserved 1071104K
  class space    used 2386K, capacity 2441K, committed 2560K, reserved 1048576K
}
Event: 7697.691 GC heap before
{Heap before GC invocations=6 (full 0):
 garbage-first heap   total 65536K, used 52103K [0x0000000081e00000, 0x0000000100000000)
  region size 1024K, 28 young (28672K), 2 survivors (2048K)
 Metaspace       used 23819K, capacity 23991K, committed 24320K, reserved 1071104K
  class space    used 2386K, capacity 2441K, committed 2560K, reserved 1048576K
}
Event: 7697.697 GC heap after
{Heap after GC invocations=7 (full 0):
 garbage-first heap   total 65536K, used 25514K [0x0000000081e00000, 0x0000000100000000)
  region size 1024K, 2 young (2048K), 2 survivors (2048K)
 Metaspace       used 23819K, capacity 23991K, committed 24320K, reserved 1071104K
  class space    used 2386K, capacity 2441K, committed 2560K, reserved 1048576K
}
Event: 16729.396 GC heap before
{Heap before GC invocations=7 (full 0):
 garbage-first heap   total 65536K, used 53162K [0x0000000081e00000, 0x0000000100000000)
  region size 1024K, 29 young (29696K), 2 survivors (2048K)
 Metaspace       used 23822K, capacity 23991K, committed 24320K, reserved 1071104K
  class space    used 2388K, capacity 2441K, committed 2560K, reserved 1048576K
}
Event: 16729.403 GC heap after
{Heap after GC invocations=8 (full 0):
 garbage-first heap   total 65536K, used 25498K [0x0000000081e00000, 0x0000000100000000)
  region size 1024K, 2 young (2048K), 2 survivors (2048K)
 Metaspace       used 23822K, capacity 23991K, committed 24320K, reserved 1071104K
  class space    used 2388K, capacity 2441K, committed 2560K, reserved 1048576K
}
Event: 19229.480 GC heap before
{Heap before GC invocations=8 (full 0):
 garbage-first heap   total 65536K, used 54170K [0x0000000081e00000, 0x0000000100000000)
  region size 1024K, 30 young (30720K), 2 survivors (2048K)
 Metaspace       used 23822K, capacity 23991K, committed 24320K, reserved 1071104K
  class space    used 2388K, capacity 2441K, committed 2560K, reserved 1048576K
}
Event: 19229.489 GC heap after
{Heap after GC invocations=9 (full 0):
 garbage-first heap   total 65536K, used 25483K [0x0000000081e00000, 0x0000000100000000)
  region size 1024K, 2 young (2048K), 2 survivors (2048K)
 Metaspace       used 23822K, capacity 23991K, committed 24320K, reserved 1071104K
  class space    used 2388K, capacity 2441K, committed 2560K, reserved 1048576K
}
Event: 21746.281 GC heap before
{Heap before GC invocations=9 (full 0):
 garbage-first heap   total 65536K, used 54155K [0x0000000081e00000, 0x0000000100000000)
  region size 1024K, 30 young (30720K), 2 survivors (2048K)
 Metaspace       used 23822K, capacity 23991K, committed 24320K, reserved 1071104K
  class space    used 2388K, capacity 2441K, committed 2560K, reserved 1048576K
}
Event: 21746.305 GC heap after
{Heap after GC invocations=10 (full 0):
 garbage-first heap   total 65536K, used 25489K [0x0000000081e00000, 0x0000000100000000)
  region size 1024K, 2 young (2048K), 2 survivors (2048K)
 Metaspace       used 23822K, capacity 23991K, committed 24320K, reserved 1071104K
  class space    used 2388K, capacity 2441K, committed 2560K, reserved 1048576K
}
Event: 24350.176 GC heap before
{Heap before GC invocations=10 (full 0):
 garbage-first heap   total 65536K, used 55185K [0x0000000081e00000, 0x0000000100000000)
  region size 1024K, 31 young (31744K), 2 survivors (2048K)
 Metaspace       used 23822K, capacity 23991K, committed 24320K, reserved 1071104K
  class space    used 2388K, capacity 2441K, committed 2560K, reserved 1048576K
}
Event: 24350.199 GC heap after
{Heap after GC invocations=11 (full 0):
 garbage-first heap   total 65536K, used 25535K [0x0000000081e00000, 0x0000000100000000)
  region size 1024K, 2 young (2048K), 2 survivors (2048K)
 Metaspace       used 23822K, capacity 23991K, committed 24320K, reserved 1071104K
  class space    used 2388K, capacity 2441K, committed 2560K, reserved 1048576K
}

Deoptimization events (20 events):
Event: 6810.198 Thread 0x000001a55338c350 DEOPT PACKING pc=0x000001a53a37f4da sp=0x0000004206dff2b0
Event: 6810.198 Thread 0x000001a55338c350 DEOPT UNPACKING pc=0x000001a53979e23f sp=0x0000004206dfe818 mode 0
Event: 7575.659 Thread 0x000001a55338c350 DEOPT PACKING pc=0x000001a53a37f4da sp=0x0000004206dff2b0
Event: 7575.659 Thread 0x000001a55338c350 DEOPT UNPACKING pc=0x000001a53979e23f sp=0x0000004206dfe818 mode 0
Event: 14967.143 Thread 0x000001a55338c350 DEOPT PACKING pc=0x000001a53a37f4da sp=0x0000004206dff2b0
Event: 14967.143 Thread 0x000001a55338c350 DEOPT UNPACKING pc=0x000001a53979e23f sp=0x0000004206dfe818 mode 0
Event: 15732.345 Thread 0x000001a55338c350 DEOPT PACKING pc=0x000001a53a37f4da sp=0x0000004206dff2b0
Event: 15732.345 Thread 0x000001a55338c350 DEOPT UNPACKING pc=0x000001a53979e23f sp=0x0000004206dfe818 mode 0
Event: 25547.264 Thread 0x000001a551089e70 Uncommon trap: trap_request=0xffffff45 fr.pc=0x000001a54138a234 relative=0x00000000000040d4
Event: 25547.265 Thread 0x000001a551089e70 Uncommon trap: reason=unstable_if action=reinterpret pc=0x000001a54138a234 method=java.awt.EventQueue.coalesceEvent(Ljava/awt/AWTEvent;I)Z @ 16 c2
Event: 25547.266 Thread 0x000001a551089e70 DEOPT PACKING pc=0x000001a54138a234 sp=0x00000042060febe0
Event: 25547.273 Thread 0x000001a551089e70 DEOPT UNPACKING pc=0x000001a53979e42f sp=0x00000042060fea28 mode 2
Event: 25547.469 Thread 0x000001a551089e70 Uncommon trap: trap_request=0xffffff45 fr.pc=0x000001a5413a636c relative=0x0000000000001a0c
Event: 25547.471 Thread 0x000001a551089e70 Uncommon trap: reason=unstable_if action=reinterpret pc=0x000001a5413a636c method=java.awt.EventQueue.coalesceEvent(Ljava/awt/AWTEvent;I)Z @ 16 c2
Event: 25547.471 Thread 0x000001a551089e70 DEOPT PACKING pc=0x000001a5413a636c sp=0x00000042060feb00
Event: 25547.474 Thread 0x000001a551089e70 DEOPT UNPACKING pc=0x000001a53979e42f sp=0x00000042060fea00 mode 2
Event: 25547.477 Thread 0x000001a551089e70 Uncommon trap: trap_request=0xffffff45 fr.pc=0x000001a54139e9fc relative=0x00000000000002bc
Event: 25547.477 Thread 0x000001a551089e70 Uncommon trap: reason=unstable_if action=reinterpret pc=0x000001a54139e9fc method=java.awt.EventQueue.coalesceEvent(Ljava/awt/AWTEvent;I)Z @ 16 c2
Event: 25547.477 Thread 0x000001a551089e70 DEOPT PACKING pc=0x000001a54139e9fc sp=0x00000042060fe9d0
Event: 25547.480 Thread 0x000001a551089e70 DEOPT UNPACKING pc=0x000001a53979e42f sp=0x00000042060fe988 mode 2

Classes unloaded (0 events):
No events

Classes redefined (0 events):
No events

Internal exceptions (20 events):
Event: 0.146 Thread 0x000001a535d32340 Exception <a 'java/lang/NoSuchMethodError'{0x0000000089c50b98}: 'void java.lang.invoke.DirectMethodHandle$Holder.invokeSpecial(java.lang.Object, java.lang.Object, java.lang.Object)'> (0x0000000089c50b98) 
thrown [./open/src/hotspot/share/interpreter/linkResolver.cpp, line 782]
Event: 0.171 Thread 0x000001a535d32340 Exception <a 'java/lang/ClassNotFoundException'{0x0000000089c71ec0}: sun/awt/resources/spi/awtProvider> (0x0000000089c71ec0) 
thrown [./open/src/hotspot/share/classfile/systemDictionary.cpp, line 295]
Event: 0.205 Thread 0x000001a535d32340 Exception <a 'java/io/FileNotFoundException'{0x0000000089cce1c8}> (0x0000000089cce1c8) 
thrown [./open/src/hotspot/share/prims/jni.cpp, line 578]
Event: 0.214 Thread 0x000001a535d32340 Exception <a 'java/io/FileNotFoundException'{0x0000000089cfce70}> (0x0000000089cfce70) 
thrown [./open/src/hotspot/share/prims/jni.cpp, line 578]
Event: 0.215 Thread 0x000001a535d32340 Exception <a 'java/lang/NoSuchMethodError'{0x0000000089cfe1a8}: 'java.lang.Object java.lang.invoke.DirectMethodHandle$Holder.invokeStatic(java.lang.Object)'> (0x0000000089cfe1a8) 
thrown [./open/src/hotspot/share/interpreter/linkResolver.cpp, line 782]
Event: 0.254 Thread 0x000001a535d32340 Exception <a 'java/lang/NoSuchMethodError'{0x0000000089b484c0}: 'java.lang.Object java.lang.invoke.DirectMethodHandle$Holder.invokeStaticInit(java.lang.Object)'> (0x0000000089b484c0) 
thrown [./open/src/hotspot/share/interpreter/linkResolver.cpp, line 782]
Event: 0.288 Thread 0x000001a535d32340 Exception <a 'java/lang/NoSuchMethodError'{0x0000000089a30630}: 'java.lang.Object java.lang.invoke.DirectMethodHandle$Holder.newInvokeSpecial(java.lang.Object, java.lang.Object, java.lang.Object, java.lang.Object, java.lang.Object)'> (0x0000000089a30630) 
thrown [./open/src/hotspot/share/interpreter/linkResolver.cpp, line 782]
Event: 0.289 Thread 0x000001a535d32340 Exception <a 'java/lang/NoSuchMethodError'{0x0000000089a3c0c0}: 'java.lang.Object java.lang.invoke.DirectMethodHandle$Holder.invokeStatic(java.lang.Object, int, java.lang.Object, java.lang.Object, java.lang.Object, java.lang.Object)'> (0x0000000089a3c0c0) 
thrown [./open/src/hotspot/share/interpreter/linkResolver.cpp, line 782]
Event: 0.293 Thread 0x000001a535d32340 Exception <a 'java/lang/NoSuchMethodError'{0x0000000089a62368}: 'java.lang.Object java.lang.invoke.DirectMethodHandle$Holder.invokeStatic(java.lang.Object, int, java.lang.Object)'> (0x0000000089a62368) 
thrown [./open/src/hotspot/share/interpreter/linkResolver.cpp, line 782]
Event: 0.310 Thread 0x000001a535d32340 Exception <a 'java/lang/ClassNotFoundException'{0x000000008991b688}: com/sun/swing/internal/plaf/metal/resources/spi/metalProvider> (0x000000008991b688) 
thrown [./open/src/hotspot/share/classfile/systemDictionary.cpp, line 295]
Event: 0.311 Thread 0x000001a535d32340 Exception <a 'java/lang/ClassNotFoundException'{0x000000008991f710}: com/sun/swing/internal/plaf/basic/resources/spi/basicProvider> (0x000000008991f710) 
thrown [./open/src/hotspot/share/classfile/systemDictionary.cpp, line 295]
Event: 0.384 Thread 0x000001a551089e70 Exception <a 'java/lang/NoSuchMethodError'{0x00000000896327d0}: 'void java.lang.invoke.DirectMethodHandle$Holder.invokeStatic(java.lang.Object, java.lang.Object, java.lang.Object)'> (0x00000000896327d0) 
thrown [./open/src/hotspot/share/interpreter/linkResolver.cpp, line 782]
Event: 0.384 Thread 0x000001a551089e70 Exception <a 'java/lang/NoSuchMethodError'{0x00000000896391e0}: 'void java.lang.invoke.DirectMethodHandle$Holder.invokeStatic(java.lang.Object, java.lang.Object)'> (0x00000000896391e0) 
thrown [./open/src/hotspot/share/interpreter/linkResolver.cpp, line 782]
Event: 0.393 Thread 0x000001a550a28ba0 Exception <a 'java/lang/NoSuchMethodError'{0x0000000089686b08}: 'java.lang.Object java.lang.invoke.DirectMethodHandle$Holder.newInvokeSpecial(java.lang.Object, java.lang.Object, java.lang.Object, int, int, int, int, int)'> (0x0000000089686b08) 
thrown [./open/src/hotspot/share/interpreter/linkResolver.cpp, line 782]
Event: 0.682 Thread 0x000001a551089e70 Exception <a 'java/lang/NoSuchMethodError'{0x0000000089424900}: 'void java.lang.invoke.DirectMethodHandle$Holder.invokeStaticInit(java.lang.Object)'> (0x0000000089424900) 
thrown [./open/src/hotspot/share/interpreter/linkResolver.cpp, line 782]
Event: 1.771 Thread 0x000001a550c2c780 Implicit null exception at 0x000001a54126660e to 0x000001a5412666f4
Event: 1.782 Thread 0x000001a551089e70 Exception <a 'java/lang/NoSuchMethodError'{0x0000000089de9128}: 'int java.lang.invoke.DirectMethodHandle$Holder.invokeStatic(java.lang.Object)'> (0x0000000089de9128) 
thrown [./open/src/hotspot/share/interpreter/linkResolver.cpp, line 782]
Event: 3.114 Thread 0x000001a551089e70 Exception <a 'java/lang/NoSuchMethodError'{0x0000000089845cf0}: 'java.lang.Object java.lang.invoke.Invokers$Holder.invokeExact_MT(java.lang.Object, java.lang.Object, java.lang.Object, java.lang.Object, java.lang.Object, java.lang.Object)'> (0x0000000089845cf0) 
thrown [./open/src/hotspot/share/interpreter/linkResolver.cpp, line 782]
Event: 3.392 Thread 0x000001a551089e70 Exception <a 'java/lang/NoSuchMethodError'{0x0000000089517f88}: 'void java.lang.invoke.DirectMethodHandle$Holder.invokeSpecial(java.lang.Object, java.lang.Object, java.lang.Object, java.lang.Object, java.lang.Object)'> (0x0000000089517f88) 
thrown [./open/src/hotspot/share/interpreter/linkResolver.cpp, line 782]
Event: 25547.020 Thread 0x000001a551089e70 Exception <a 'java/lang/NoSuchMethodError'{0x0000000085052468}: 'void java.lang.invoke.DirectMethodHandle$Holder.invokeVirtual(java.lang.Object, java.lang.Object)'> (0x0000000085052468) 
thrown [./open/src/hotspot/share/interpreter/linkResolver.cpp, line 782]

Events (20 events):
Event: 7697.688 Executing VM operation: G1CollectForAllocation
Event: 7697.697 Executing VM operation: G1CollectForAllocation done
Event: 7730.307 loading class java/awt/desktop/SystemSleepListener
Event: 7730.316 loading class java/awt/desktop/SystemEventListener
Event: 7730.317 loading class java/awt/desktop/SystemEventListener done
Event: 7730.317 loading class java/awt/desktop/SystemSleepListener done
Event: 16729.395 Executing VM operation: G1CollectForAllocation
Event: 16729.403 Executing VM operation: G1CollectForAllocation done
Event: 19229.477 Executing VM operation: G1CollectForAllocation
Event: 19229.489 Executing VM operation: G1CollectForAllocation done
Event: 21746.276 Executing VM operation: G1CollectForAllocation
Event: 21746.305 Executing VM operation: G1CollectForAllocation done
Event: 24350.172 Executing VM operation: G1CollectForAllocation
Event: 24350.199 Executing VM operation: G1CollectForAllocation done
Event: 25546.607 loading class java/util/WeakHashMap$KeyIterator
Event: 25546.797 loading class java/util/WeakHashMap$HashIterator
Event: 25546.902 loading class java/util/WeakHashMap$HashIterator done
Event: 25546.902 loading class java/util/WeakHashMap$KeyIterator done
Event: 25547.247 loading class javax/swing/RepaintManager$DisplayChangedRunnable
Event: 25547.260 loading class javax/swing/RepaintManager$DisplayChangedRunnable done


Dynamic libraries:
0x00007ff6eb910000 - 0x00007ff6eb91d000 	C:\Users\Hiep\.p2\pool\plugins\org.eclipse.justj.openjdk.hotspot.jre.full.win32.x86_64_15.0.2.v20210201-0955\jre\bin\javaw.exe
0x00007ffc6f810000 - 0x00007ffc6fa05000 	C:\WINDOWS\SYSTEM32\ntdll.dll
0x00007ffc6de00000 - 0x00007ffc6debd000 	C:\WINDOWS\System32\KERNEL32.DLL
0x00007ffc6d470000 - 0x00007ffc6d738000 	C:\WINDOWS\System32\KERNELBASE.dll
0x00007ffc6d0b0000 - 0x00007ffc6d1b0000 	C:\WINDOWS\System32\ucrtbase.dll
0x00007ffc647d0000 - 0x00007ffc647e8000 	C:\Users\Hiep\.p2\pool\plugins\org.eclipse.justj.openjdk.hotspot.jre.full.win32.x86_64_15.0.2.v20210201-0955\jre\bin\jli.dll
0x00007ffc402a0000 - 0x00007ffc402b9000 	C:\Users\Hiep\.p2\pool\plugins\org.eclipse.justj.openjdk.hotspot.jre.full.win32.x86_64_15.0.2.v20210201-0955\jre\bin\VCRUNTIME140.dll
0x00007ffc6dc60000 - 0x00007ffc6de00000 	C:\WINDOWS\System32\USER32.dll
0x00007ffc6d210000 - 0x00007ffc6d232000 	C:\WINDOWS\System32\win32u.dll
0x00007ffc59920000 - 0x00007ffc59bba000 	C:\WINDOWS\WinSxS\amd64_microsoft.windows.common-controls_6595b64144ccf1df_6.0.19041.844_none_ca00b6081b84eb1d\COMCTL32.dll
0x00007ffc6f250000 - 0x00007ffc6f27a000 	C:\WINDOWS\System32\GDI32.dll
0x00007ffc6e230000 - 0x00007ffc6e2ce000 	C:\WINDOWS\System32\msvcrt.dll
0x00007ffc6cf50000 - 0x00007ffc6d05b000 	C:\WINDOWS\System32\gdi32full.dll
0x00007ffc6d270000 - 0x00007ffc6d30d000 	C:\WINDOWS\System32\msvcp_win.dll
0x00007ffc6dc30000 - 0x00007ffc6dc60000 	C:\WINDOWS\System32\IMM32.DLL
0x00007ffc526a0000 - 0x00007ffc526ac000 	C:\Users\Hiep\.p2\pool\plugins\org.eclipse.justj.openjdk.hotspot.jre.full.win32.x86_64_15.0.2.v20210201-0955\jre\bin\vcruntime140_1.dll
0x00007ffc30f70000 - 0x00007ffc31001000 	C:\Users\Hiep\.p2\pool\plugins\org.eclipse.justj.openjdk.hotspot.jre.full.win32.x86_64_15.0.2.v20210201-0955\jre\bin\msvcp140.dll
0x00007ffbf1910000 - 0x00007ffbf246e000 	C:\Users\Hiep\.p2\pool\plugins\org.eclipse.justj.openjdk.hotspot.jre.full.win32.x86_64_15.0.2.v20210201-0955\jre\bin\server\jvm.dll
0x00007ffc6ef90000 - 0x00007ffc6f03c000 	C:\WINDOWS\System32\ADVAPI32.dll
0x00007ffc6e100000 - 0x00007ffc6e19b000 	C:\WINDOWS\System32\sechost.dll
0x00007ffc6f040000 - 0x00007ffc6f16b000 	C:\WINDOWS\System32\RPCRT4.dll
0x00007ffc6ed50000 - 0x00007ffc6ed58000 	C:\WINDOWS\System32\PSAPI.DLL
0x00007ffc584a0000 - 0x00007ffc584a9000 	C:\WINDOWS\SYSTEM32\WSOCK32.dll
0x00007ffc61830000 - 0x00007ffc6183a000 	C:\WINDOWS\SYSTEM32\VERSION.dll
0x00007ffc6e330000 - 0x00007ffc6e39b000 	C:\WINDOWS\System32\WS2_32.dll
0x00007ffc49b10000 - 0x00007ffc49b37000 	C:\WINDOWS\SYSTEM32\WINMM.dll
0x00007ffc6b850000 - 0x00007ffc6b862000 	C:\WINDOWS\SYSTEM32\kernel.appcore.dll
0x00007ffc55590000 - 0x00007ffc5559a000 	C:\Users\Hiep\.p2\pool\plugins\org.eclipse.justj.openjdk.hotspot.jre.full.win32.x86_64_15.0.2.v20210201-0955\jre\bin\jimage.dll
0x00007ffc6b550000 - 0x00007ffc6b734000 	C:\WINDOWS\SYSTEM32\DBGHELP.DLL
0x00007ffc61860000 - 0x00007ffc6188c000 	C:\WINDOWS\SYSTEM32\dbgcore.DLL
0x00007ffc6d740000 - 0x00007ffc6d7c0000 	C:\WINDOWS\System32\bcryptPrimitives.dll
0x00007ffc3e3b0000 - 0x00007ffc3e3d5000 	C:\Users\Hiep\.p2\pool\plugins\org.eclipse.justj.openjdk.hotspot.jre.full.win32.x86_64_15.0.2.v20210201-0955\jre\bin\java.dll
0x00007ffc440b0000 - 0x00007ffc440c8000 	C:\Users\Hiep\.p2\pool\plugins\org.eclipse.justj.openjdk.hotspot.jre.full.win32.x86_64_15.0.2.v20210201-0955\jre\bin\zip.dll
0x00007ffc6e600000 - 0x00007ffc6ed42000 	C:\WINDOWS\System32\SHELL32.dll
0x00007ffc6acf0000 - 0x00007ffc6b480000 	C:\WINDOWS\SYSTEM32\windows.storage.dll
0x00007ffc6d8d0000 - 0x00007ffc6dc25000 	C:\WINDOWS\System32\combase.dll
0x00007ffc6c9c0000 - 0x00007ffc6c9ec000 	C:\WINDOWS\SYSTEM32\Wldp.dll
0x00007ffc6e550000 - 0x00007ffc6e5fe000 	C:\WINDOWS\System32\SHCORE.dll
0x00007ffc6d870000 - 0x00007ffc6d8c5000 	C:\WINDOWS\System32\shlwapi.dll
0x00007ffc6ce90000 - 0x00007ffc6ceaf000 	C:\WINDOWS\SYSTEM32\profapi.dll
0x00007ffc616a0000 - 0x00007ffc616b9000 	C:\Users\Hiep\.p2\pool\plugins\org.eclipse.justj.openjdk.hotspot.jre.full.win32.x86_64_15.0.2.v20210201-0955\jre\bin\net.dll
0x00007ffc61df0000 - 0x00007ffc61efb000 	C:\WINDOWS\SYSTEM32\WINHTTP.dll
0x00007ffc6c730000 - 0x00007ffc6c79a000 	C:\WINDOWS\system32\mswsock.dll
0x00007ffc554a0000 - 0x00007ffc554b2000 	C:\Users\Hiep\.p2\pool\plugins\org.eclipse.justj.openjdk.hotspot.jre.full.win32.x86_64_15.0.2.v20210201-0955\jre\bin\nio.dll
0x00007ffc2ae90000 - 0x00007ffc2b00f000 	C:\Users\Hiep\.p2\pool\plugins\org.eclipse.justj.openjdk.hotspot.jre.full.win32.x86_64_15.0.2.v20210201-0955\jre\bin\awt.dll
0x00007ffc6f700000 - 0x00007ffc6f7cd000 	C:\WINDOWS\System32\OLEAUT32.dll
0x00007ffc66710000 - 0x00007ffc667a0000 	C:\WINDOWS\SYSTEM32\apphelp.dll
0x00007ffc6a820000 - 0x00007ffc6a84f000 	C:\WINDOWS\system32\DWMAPI.DLL
0x00007ffc667c0000 - 0x00007ffc6685e000 	C:\WINDOWS\system32\uxtheme.dll
0x00007ffc52f60000 - 0x00007ffc53086000 	C:\WINDOWS\system32\opengl32.dll
0x00007ffc5f230000 - 0x00007ffc5f25c000 	C:\WINDOWS\SYSTEM32\GLU32.dll
0x00007ffc6ed60000 - 0x00007ffc6ee75000 	C:\WINDOWS\System32\MSCTF.dll
0x00007ffc6dfd0000 - 0x00007ffc6e0fa000 	C:\WINDOWS\System32\ole32.dll
0x00007ffc38f30000 - 0x00007ffc38f5d000 	C:\Users\Hiep\.p2\pool\plugins\org.eclipse.justj.openjdk.hotspot.jre.full.win32.x86_64_15.0.2.v20210201-0955\jre\bin\javajpeg.dll
0x00007ffc2ed80000 - 0x00007ffc2ee30000 	C:\WINDOWS\WinSxS\amd64_microsoft.windows.common-controls_6595b64144ccf1df_5.82.19041.844_none_423537bff6b9828c\comctl32.dll
0x00007ffc34e50000 - 0x00007ffc34ed5000 	C:\Users\Hiep\.p2\pool\plugins\org.eclipse.justj.openjdk.hotspot.jre.full.win32.x86_64_15.0.2.v20210201-0955\jre\bin\freetype.dll
0x00007ffc2bc10000 - 0x00007ffc2bcb9000 	C:\Users\Hiep\.p2\pool\plugins\org.eclipse.justj.openjdk.hotspot.jre.full.win32.x86_64_15.0.2.v20210201-0955\jre\bin\fontmanager.dll
0x00007ffc6d060000 - 0x00007ffc6d0ae000 	C:\WINDOWS\System32\CFGMGR32.dll
0x00007ffc6ee80000 - 0x00007ffc6ef29000 	C:\WINDOWS\System32\clbcatq.dll
0x00007ffc526b0000 - 0x00007ffc526c7000 	C:\WINDOWS\system32\NetworkExplorer.dll
0x00007ffc67260000 - 0x00007ffc67357000 	C:\WINDOWS\system32\PROPSYS.dll
0x00007ffc42f40000 - 0x00007ffc42f5d000 	C:\WINDOWS\SYSTEM32\MPR.dll
0x00007ffc61750000 - 0x00007ffc6175b000 	C:\WINDOWS\System32\drprov.dll
0x00007ffc6bd50000 - 0x00007ffc6bdaa000 	C:\WINDOWS\System32\WINSTA.dll
0x00007ffc5bf40000 - 0x00007ffc5bf58000 	C:\WINDOWS\System32\ntlanman.dll
0x00007ffc59760000 - 0x00007ffc5977e000 	C:\WINDOWS\System32\davclnt.dll
0x00007ffc2c0a0000 - 0x00007ffc2c0ad000 	C:\WINDOWS\System32\DAVHLPR.dll
0x00007ffc6c180000 - 0x00007ffc6c197000 	C:\WINDOWS\System32\wkscli.dll
0x00007ffc555a0000 - 0x00007ffc555b2000 	C:\WINDOWS\SYSTEM32\cscapi.dll
0x00007ffc6c4e0000 - 0x00007ffc6c4ec000 	C:\WINDOWS\System32\netutils.dll
0x00007ffc3b660000 - 0x00007ffc3b6b8000 	C:\Windows\System32\dlnashext.dll
0x00007ffc39180000 - 0x00007ffc391e4000 	C:\Windows\System32\PlayToDevice.dll
0x00007ffc670c0000 - 0x00007ffc670e0000 	C:\Windows\System32\DevDispItemProvider.dll
0x00007ffc60d90000 - 0x00007ffc60e15000 	C:\WINDOWS\System32\MMDevApi.dll
0x00007ffc6cd00000 - 0x00007ffc6cd2c000 	C:\WINDOWS\System32\DEVOBJ.dll
0x00007ffc2bb60000 - 0x00007ffc2bc03000 	C:\WINDOWS\system32\wpdshext.dll
0x00007ffc29120000 - 0x00007ffc292cb000 	C:\WINDOWS\WinSxS\amd64_microsoft.windows.gdiplus_6595b64144ccf1df_1.1.19041.928_none_faefac437613c6cc\gdiplus.dll
0x00007ffc3f830000 - 0x00007ffc3f8d3000 	C:\Windows\System32\PortableDeviceApi.dll
0x00007ffc6f280000 - 0x00007ffc6f6e9000 	C:\WINDOWS\System32\SETUPAPI.dll
0x00007ffc6d240000 - 0x00007ffc6d267000 	C:\WINDOWS\System32\bcrypt.dll
0x00007ffc6d1b0000 - 0x00007ffc6d210000 	C:\WINDOWS\System32\WINTRUST.dll
0x00007ffc6d310000 - 0x00007ffc6d46f000 	C:\WINDOWS\System32\CRYPT32.dll
0x00007ffc6cb40000 - 0x00007ffc6cb52000 	C:\WINDOWS\System32\MSASN1.dll
0x00007ffc477a0000 - 0x00007ffc477d7000 	C:\Windows\System32\EhStorShell.dll
0x00007ffc38010000 - 0x00007ffc38036000 	C:\Windows\System32\EhStorAPI.dll
0x00007ffc64c60000 - 0x00007ffc64c74000 	C:\Windows\System32\WTSAPI32.dll
0x00007ffc64670000 - 0x00007ffc6467d000 	C:\WINDOWS\SYSTEM32\LINKINFO.dll
0x00007ffc51f20000 - 0x00007ffc520d4000 	C:\WINDOWS\SYSTEM32\WindowsCodecs.dll
0x00007ffc55a20000 - 0x00007ffc55a5e000 	C:\WINDOWS\system32\dataexchange.dll
0x00007ffc65350000 - 0x00007ffc655b4000 	C:\WINDOWS\system32\d3d11.dll
0x00007ffc65c10000 - 0x00007ffc65df5000 	C:\WINDOWS\system32\dcomp.dll
0x00007ffc6b890000 - 0x00007ffc6b984000 	C:\WINDOWS\system32\dxgi.dll
0x00007ffc649f0000 - 0x00007ffc64bf1000 	C:\WINDOWS\system32\twinapi.appcore.dll
0x00007ffc57ee0000 - 0x00007ffc57fd9000 	C:\WINDOWS\SYSTEM32\textinputframework.dll
0x00007ffc65e00000 - 0x00007ffc6615e000 	C:\WINDOWS\System32\CoreUIComponents.dll
0x00007ffc664e0000 - 0x00007ffc665d2000 	C:\WINDOWS\System32\CoreMessaging.dll
0x00007ffc6bdb0000 - 0x00007ffc6bde3000 	C:\WINDOWS\SYSTEM32\ntmarta.dll
0x00007ffc66b90000 - 0x00007ffc66ce4000 	C:\WINDOWS\SYSTEM32\wintypes.dll
0x00007ffc54b40000 - 0x00007ffc54b50000 	C:\Users\Hiep\.p2\pool\plugins\org.eclipse.justj.openjdk.hotspot.jre.full.win32.x86_64_15.0.2.v20210201-0955\jre\bin\verify.dll
0x00007ffc4cd30000 - 0x00007ffc4cddc000 	C:\WINDOWS\SYSTEM32\TextShaping.dll

dbghelp: loaded successfully - version: 4.0.5 - missing functions: none
symbol engine: initialized successfully - sym options: 0x614 - pdb path: .;C:\Users\Hiep\.p2\pool\plugins\org.eclipse.justj.openjdk.hotspot.jre.full.win32.x86_64_15.0.2.v20210201-0955\jre\bin;C:\WINDOWS\SYSTEM32;C:\WINDOWS\WinSxS\amd64_microsoft.windows.common-controls_6595b64144ccf1df_6.0.19041.844_none_ca00b6081b84eb1d;C:\Users\Hiep\.p2\pool\plugins\org.eclipse.justj.openjdk.hotspot.jre.full.win32.x86_64_15.0.2.v20210201-0955\jre\bin\server;C:\WINDOWS\WinSxS\amd64_microsoft.windows.common-controls_6595b64144ccf1df_5.82.19041.844_none_423537bff6b9828c;C:\WINDOWS\WinSxS\amd64_microsoft.windows.gdiplus_6595b64144ccf1df_1.1.19041.928_none_faefac437613c6cc

VM Arguments:
jvm_args: -Dfile.encoding=UTF-8 -XX:+ShowCodeDetailsInExceptionMessages 
java_command: test.project
java_class_path (initial): D:\TTH\app code\Visual Studio\Java\Java_Eclipse\OOProject\MainProject\bin;C:\Users\Hiep\.m2\repository\org\graphstream\gs-core\2.0\gs-core-2.0.jar;C:\Users\Hiep\.m2\repository\org\graphstream\pherd\1.0\pherd-1.0.jar;C:\Users\Hiep\.m2\repository\org\graphstream\mbox2\1.0\mbox2-1.0.jar
Launcher Type: SUN_STANDARD

[Global flags]
     intx CICompilerCount                          = 4                                         {product} {ergonomic}
     uint ConcGCThreads                            = 2                                         {product} {ergonomic}
     uint G1ConcRefinementThreads                  = 8                                         {product} {ergonomic}
   size_t G1HeapRegionSize                         = 1048576                                   {product} {ergonomic}
    uintx GCDrainStackTargetSize                   = 64                                        {product} {ergonomic}
   size_t InitialHeapSize                          = 134217728                                 {product} {ergonomic}
   size_t MarkStackSize                            = 4194304                                   {product} {ergonomic}
   size_t MaxHeapSize                              = 2116026368                                {product} {ergonomic}
   size_t MaxNewSize                               = 1268776960                                {product} {ergonomic}
   size_t MinHeapDeltaBytes                        = 1048576                                   {product} {ergonomic}
   size_t MinHeapSize                              = 8388608                                   {product} {ergonomic}
    uintx NonNMethodCodeHeapSize                   = 5839372                                {pd product} {ergonomic}
    uintx NonProfiledCodeHeapSize                  = 122909434                              {pd product} {ergonomic}
    uintx ProfiledCodeHeapSize                     = 122909434                              {pd product} {ergonomic}
    uintx ReservedCodeCacheSize                    = 251658240                              {pd product} {ergonomic}
     bool SegmentedCodeCache                       = true                                      {product} {ergonomic}
     bool ShowCodeDetailsInExceptionMessages       = true                                   {manageable} {command line}
   size_t SoftMaxHeapSize                          = 2116026368                             {manageable} {ergonomic}
     bool UseCompressedClassPointers               = true                                 {lp64_product} {ergonomic}
     bool UseCompressedOops                        = true                                 {lp64_product} {ergonomic}
     bool UseG1GC                                  = true                                      {product} {ergonomic}
     bool UseLargePagesIndividualAllocation        = false                                  {pd product} {ergonomic}

Logging:
Log output configuration:
 #0: stdout all=warning uptime,level,tags
 #1: stderr all=off uptime,level,tags

Environment Variables:
JAVA_HOME=C:\Program Files\Java\jdk-14\bin
PATH=C:/Users/Hiep/.p2/pool/plugins/org.eclipse.justj.openjdk.hotspot.jre.full.win32.x86_64_15.0.2.v20210201-0955/jre/bin/server;C:/Users/Hiep/.p2/pool/plugins/org.eclipse.justj.openjdk.hotspot.jre.full.win32.x86_64_15.0.2.v20210201-0955/jre/bin;C:\Program Files\Common Files\Oracle\Java\javapath;C:\Program Files\AdoptOpenJDK\jdk-11.0.10.9-hotspot;C:\Program Files (x86)\VMware\VMware Workstation\bin\;C:\ProgramData\Anaconda3;C:\ProgramData\Anaconda3\Library\mingw-w64\bin;C:\ProgramData\Anaconda3\Library\usr\bin;C:\ProgramData\Anaconda3\Library\bin;C:\ProgramData\Anaconda3\Scripts;C:\Program Files\Java\jdk-14\bin;C:\Program Files\Calibre2\;C:\Program Files\Microsoft Network Monitor 3\;C:\Program Files\mingw-w64\x86_64-8.1.0-posix-seh-rt_v6-rev0\mingw64\bin;C:\WINDOWS\system32\WindowsPowerShell\v1.0\powershell.exe;D:\Git\cmd;C:\Program Files\AdoptOpenJDK\jdk-11.0.10.9-hotspot\bin;;C:\WINDOWS\system32;C:\WINDOWS;C:\WINDOWS\System32\Wbem;C:\WINDOWS\System32\WindowsPowerShell\v1.0\;C:\WINDOWS\System32\OpenSSH\;C:\Users\Hiep\AppData\Local\Programs\Python\Python38-32\Scripts\;C:\Users\Hiep\AppData\Local\Programs\Python\Python38-32\;C:\Users\Hiep\AppData\Local\Microsoft\WindowsApps;C:\Users\Hiep\AppData\Local\Programs\Microsoft VS Code\bin;C:\Program Files (x86)\CodeBlocks\MinGW\bin;C:\Program Files\JetBrains\PyCharm 2020.2.3\bin;;;C:\Users\Hiep;
USERNAME=Hiep
OS=Windows_NT
PROCESSOR_IDENTIFIER=Intel64 Family 6 Model 142 Stepping 12, GenuineIntel



---------------  S Y S T E M  ---------------

OS:
 Windows 10 , 64 bit Build 19041 (10.0.19041.928)
OS uptime: 2 days 5:55 hours

CPU: total 8 (initial active 8) (4 cores per cpu, 2 threads per core) family 6 model 142 stepping 12 microcode 0xca, cmov, cx8, fxsr, mmx, sse, sse2, sse3, ssse3, sse4.1, sse4.2, popcnt, vzeroupper, avx, avx2, aes, clmul, erms, 3dnowpref, lzcnt, ht, tsc, tscinvbit, bmi1, bmi2, adx, fma, clflush, clflushopt

Memory: 4k page, system-wide physical 8068M (443M free)
TotalPageFile size 21492M (AvailPageFile size 6M)
current process WorkingSet (physical memory assigned to process): 51M, peak: 199M
current process commit charge ("private bytes"): 201M, peak: 292M

vm_info: OpenJDK 64-Bit Server VM (15.0.2+7-27) for windows-amd64 JRE (15.0.2+7-27), built on Dec  7 2020 20:02:38 by "mach5one" with unknown MS VC++:1925

END.
