#
# There is insufficient memory for the Java Runtime Environment to continue.
# Native memory allocation (malloc) failed to allocate 269696 bytes for Chunk::new
# Possible reasons:
#   The system is out of physical RAM or swap space
#   The process is running with CompressedOops enabled, and the Java Heap may be blocking the growth of the native heap
# Possible solutions:
#   Reduce memory load on the system
#   Increase physical memory or swap space
#   Check if swap backing store is full
#   Decrease Java heap size (-Xmx/-Xms)
#   Decrease number of Java threads
#   Decrease Java thread stack sizes (-Xss)
#   Set larger code cache with -XX:ReservedCodeCacheSize=
#   JVM is running with Unscaled Compressed Oops mode in which the Java heap is
#     placed in the first 4GB address space. The Java Heap base address is the
#     maximum limit for the native heap growth. Please use -XX:HeapBaseMinAddress
#     to set the Java Heap base and to place the Java Heap above 4GB virtual address.
# This output file may be truncated or incomplete.
#
#  Out of Memory Error (./open/src/hotspot/share/memory/arena.cpp:195), pid=22968, tid=13708
#
# JRE version: OpenJDK Runtime Environment (15.0.2+7) (build 15.0.2+7-27)
# Java VM: OpenJDK 64-Bit Server VM (15.0.2+7-27, mixed mode, tiered, compressed oops, g1 gc, windows-amd64)
# No core dump will be written. Minidumps are not enabled by default on client versions of Windows
#

---------------  S U M M A R Y ------------

Command Line: -Dfile.encoding=UTF-8 -XX:+ShowCodeDetailsInExceptionMessages test.project

Host: Intel(R) Core(TM) i7-8565U CPU @ 1.80GHz, 8 cores, 7G,  Windows 10 , 64 bit Build 19041 (10.0.19041.928)
Time: Fri May 21 07:25:10 2021 SE Asia Standard Time elapsed time: 2.956687 seconds (0d 0h 0m 2s)

---------------  T H R E A D  ---------------

Current thread (0x0000024bf6b8a030):  JavaThread "C2 CompilerThread0" daemon [_thread_in_native, id=13708, stack(0x000000c38f700000,0x000000c38f800000)]


Current CompileTask:
C2:   2956 1679       4       jdk.internal.org.objectweb.asm.SymbolTable::addConstantUtf8 (98 bytes)

Stack: [0x000000c38f700000,0x000000c38f800000]
Native frames: (J=compiled Java code, j=interpreted, Vv=VM code, C=native code)
V  [jvm.dll+0x62ae9a]
V  [jvm.dll+0x7817a9]
V  [jvm.dll+0x782f03]
V  [jvm.dll+0x783563]
V  [jvm.dll+0x216325]
V  [jvm.dll+0x97f3a]
V  [jvm.dll+0x9861c]
V  [jvm.dll+0x279f9f]
V  [jvm.dll+0x540794]
V  [jvm.dll+0x1f3124]
V  [jvm.dll+0x1ecaf1]
V  [jvm.dll+0x1e9867]
V  [jvm.dll+0x178567]
V  [jvm.dll+0x1f9225]
V  [jvm.dll+0x1f72cc]
V  [jvm.dll+0x74495d]
V  [jvm.dll+0x73d75a]
V  [jvm.dll+0x629c56]
C  [ucrtbase.dll+0x21bb2]
C  [KERNEL32.DLL+0x17034]
C  [ntdll.dll+0x52651]


---------------  P R O C E S S  ---------------

Threads class SMR info:
_java_thread_list=0x0000024bfa66a420, length=19, elements={
0x0000024bf633c050, 0x0000024bf633ca10, 0x0000024bf6b86000, 0x0000024bf6b888d0,
0x0000024bf6b89290, 0x0000024bf6b8a030, 0x0000024bf6b92af0, 0x0000024bf6b4eab0,
0x0000024bf6cf0070, 0x0000024bf6d04b20, 0x0000024bf6f3de90, 0x0000024bf6f3e360,
0x0000024bf6f3e830, 0x0000024bf73bd410, 0x0000024bd9e6e7c0, 0x0000024bf6d02fc0,
0x0000024bf74ac440, 0x0000024bf98996e0, 0x0000024bf72eba90
}

Java Threads: ( => current thread )
  0x0000024bf633c050 JavaThread "Reference Handler" daemon [_thread_blocked, id=10024, stack(0x000000c38f200000,0x000000c38f300000)]
  0x0000024bf633ca10 JavaThread "Finalizer" daemon [_thread_blocked, id=14856, stack(0x000000c38f300000,0x000000c38f400000)]
  0x0000024bf6b86000 JavaThread "Signal Dispatcher" daemon [_thread_blocked, id=13160, stack(0x000000c38f400000,0x000000c38f500000)]
  0x0000024bf6b888d0 JavaThread "Attach Listener" daemon [_thread_blocked, id=17684, stack(0x000000c38f500000,0x000000c38f600000)]
  0x0000024bf6b89290 JavaThread "Service Thread" daemon [_thread_blocked, id=23580, stack(0x000000c38f600000,0x000000c38f700000)]
=>0x0000024bf6b8a030 JavaThread "C2 CompilerThread0" daemon [_thread_in_native, id=13708, stack(0x000000c38f700000,0x000000c38f800000)]
  0x0000024bf6b92af0 JavaThread "C1 CompilerThread0" daemon [_thread_in_native, id=21684, stack(0x000000c38f800000,0x000000c38f900000)]
  0x0000024bf6b4eab0 JavaThread "Sweeper thread" daemon [_thread_blocked, id=8556, stack(0x000000c38f900000,0x000000c38fa00000)]
  0x0000024bf6cf0070 JavaThread "Notification Thread" daemon [_thread_blocked, id=14944, stack(0x000000c38fa00000,0x000000c38fb00000)]
  0x0000024bf6d04b20 JavaThread "Common-Cleaner" daemon [_thread_blocked, id=16136, stack(0x000000c38fc00000,0x000000c38fd00000)]
  0x0000024bf6f3de90 JavaThread "Java2D Disposer" daemon [_thread_blocked, id=24020, stack(0x000000c38fd00000,0x000000c38fe00000)]
  0x0000024bf6f3e360 JavaThread "AWT-Shutdown" [_thread_blocked, id=10032, stack(0x000000c38fe00000,0x000000c38ff00000)]
  0x0000024bf6f3e830 JavaThread "AWT-Windows" daemon [_thread_in_native, id=24204, stack(0x000000c38ff00000,0x000000c390000000)]
  0x0000024bf73bd410 JavaThread "AWT-EventQueue-0" [_thread_in_vm, id=19212, stack(0x000000c390000000,0x000000c390100000)]
  0x0000024bd9e6e7c0 JavaThread "DestroyJavaVM" [_thread_blocked, id=23012, stack(0x000000c38eb00000,0x000000c38ec00000)]
  0x0000024bf6d02fc0 JavaThread "Image Fetcher 0" daemon [_thread_blocked, id=16364, stack(0x000000c390100000,0x000000c390200000)]
  0x0000024bf74ac440 JavaThread "Swing-Shell" daemon [_thread_blocked, id=21804, stack(0x000000c390200000,0x000000c390300000)]
  0x0000024bf98996e0 JavaThread "TimerQueue" daemon [_thread_blocked, id=17332, stack(0x000000c390800000,0x000000c390900000)]
  0x0000024bf72eba90 JavaThread "Thread-0" [_thread_blocked, id=19916, stack(0x000000c390700000,0x000000c390800000)]

Other Threads:
  0x0000024bf6323790 VMThread "VM Thread" [stack: 0x000000c38f100000,0x000000c38f200000] [id=13968]
  0x0000024bf6cf0540 WatcherThread [stack: 0x000000c38fb00000,0x000000c38fc00000] [id=10836]
  0x0000024bdc081730 GCTaskThread "GC Thread#0" [stack: 0x000000c38ec00000,0x000000c38ed00000] [id=22312]
  0x0000024bf75916b0 GCTaskThread "GC Thread#1" [stack: 0x000000c390900000,0x000000c390a00000] [id=16204]
  0x0000024bf7592370 GCTaskThread "GC Thread#2" [stack: 0x000000c390a00000,0x000000c390b00000] [id=17476]
  0x0000024bf7590d20 GCTaskThread "GC Thread#3" [stack: 0x000000c390b00000,0x000000c390c00000] [id=9840]
  0x0000024bf75926a0 GCTaskThread "GC Thread#4" [stack: 0x000000c390c00000,0x000000c390d00000] [id=22200]
  0x0000024bf7591380 GCTaskThread "GC Thread#5" [stack: 0x000000c390d00000,0x000000c390e00000] [id=22876]
  0x0000024bdc093c00 ConcurrentGCThread "G1 Main Marker" [stack: 0x000000c38ed00000,0x000000c38ee00000] [id=23700]
  0x0000024bdc095710 ConcurrentGCThread "G1 Conc#0" [stack: 0x000000c38ee00000,0x000000c38ef00000] [id=11640]
  0x0000024bdc110a20 ConcurrentGCThread "G1 Refine#0" [stack: 0x000000c38ef00000,0x000000c38f000000] [id=11872]
  0x0000024bf6150740 ConcurrentGCThread "G1 Young RemSet Sampling" [stack: 0x000000c38f000000,0x000000c38f100000] [id=1244]

Threads with active compile tasks:
C2 CompilerThread0     2993 1679       4       jdk.internal.org.objectweb.asm.SymbolTable::addConstantUtf8 (98 bytes)
C1 CompilerThread0     2993 1699       3       com.sun.imageio.plugins.png.PNGImageReader::updateImageProgress (30 bytes)

VM state: not at safepoint (normal execution)

VM Mutex/Monitor currently owned by a thread: None

Heap address: 0x0000000081e00000, size: 2018 MB, Compressed Oops mode: 32-bit
CDS disabled.
Compressed class space mapped at: 0x0000000100000000-0x0000000140000000, size: 1073741824
Narrow klass base: 0x0000000000000000, Narrow klass shift: 3, Narrow klass range: 0x140000000

GC Precious Log:
 CPUs: 8 total, 8 available
 Memory: 8068M
 Large Page Support: Disabled
 NUMA Support: Disabled
 Compressed Oops: Enabled (32-bit)
 Heap Region Size: 1M
 Heap Min Capacity: 8M
 Heap Initial Capacity: 128M
 Heap Max Capacity: 2018M
 Pre-touch: Disabled
 Parallel Workers: 8
 Concurrent Workers: 2
 Concurrent Refinement Workers: 8
 Periodic GC: Disabled

Heap:
 garbage-first heap   total 131072K, used 21177K [0x0000000081e00000, 0x0000000100000000)
  region size 1024K, 10 young (10240K), 3 survivors (3072K)
 Metaspace       used 20444K, capacity 20594K, committed 20736K, reserved 1067008K
  class space    used 2176K, capacity 2248K, committed 2304K, reserved 1048576K

Heap Regions: E=young(eden), S=young(survivor), O=old, HS=humongous(starts), HC=humongous(continues), CS=collection set, F=free, OA=open archive, CA=closed archive, TAMS=top-at-mark-start (previous, next)
|   0|0x0000000081e00000, 0x0000000081f00000, 0x0000000081f00000|100%|HS|  |TAMS 0x0000000081e00000, 0x0000000081e00000| Complete 
|   1|0x0000000081f00000, 0x0000000082000000, 0x0000000082000000|100%|HC|  |TAMS 0x0000000081f00000, 0x0000000081f00000| Complete 
|   2|0x0000000082000000, 0x0000000082100000, 0x0000000082100000|100%|HC|  |TAMS 0x0000000082000000, 0x0000000082000000| Complete 
|   3|0x0000000082100000, 0x0000000082200000, 0x0000000082200000|100%|HS|  |TAMS 0x0000000082100000, 0x0000000082100000| Complete 
|   4|0x0000000082200000, 0x0000000082300000, 0x0000000082300000|100%|HC|  |TAMS 0x0000000082200000, 0x0000000082200000| Complete 
|   5|0x0000000082300000, 0x0000000082400000, 0x0000000082400000|100%|HC|  |TAMS 0x0000000082300000, 0x0000000082300000| Complete 
|   6|0x0000000082400000, 0x0000000082500000, 0x0000000082500000|100%|HC|  |TAMS 0x0000000082400000, 0x0000000082400000| Complete 
|   7|0x0000000082500000, 0x0000000082600000, 0x0000000082600000|100%|HC|  |TAMS 0x0000000082500000, 0x0000000082500000| Complete 
|   8|0x0000000082600000, 0x0000000082700000, 0x0000000082700000|100%|HC|  |TAMS 0x0000000082600000, 0x0000000082600000| Complete 
|   9|0x0000000082700000, 0x0000000082800000, 0x0000000082800000|100%|HC|  |TAMS 0x0000000082700000, 0x0000000082700000| Complete 
|  10|0x0000000082800000, 0x0000000082900000, 0x0000000082900000|100%|HC|  |TAMS 0x0000000082800000, 0x0000000082800000| Complete 
|  11|0x0000000082900000, 0x00000000829ae400, 0x0000000082a00000| 68%| O|  |TAMS 0x0000000082900000, 0x0000000082900000| Untracked 
|  12|0x0000000082a00000, 0x0000000082a00000, 0x0000000082b00000|  0%| F|  |TAMS 0x0000000082a00000, 0x0000000082a00000| Untracked 
|  13|0x0000000082b00000, 0x0000000082b00000, 0x0000000082c00000|  0%| F|  |TAMS 0x0000000082b00000, 0x0000000082b00000| Untracked 
|  14|0x0000000082c00000, 0x0000000082c00000, 0x0000000082d00000|  0%| F|  |TAMS 0x0000000082c00000, 0x0000000082c00000| Untracked 
|  15|0x0000000082d00000, 0x0000000082d00000, 0x0000000082e00000|  0%| F|  |TAMS 0x0000000082d00000, 0x0000000082d00000| Untracked 
|  16|0x0000000082e00000, 0x0000000082e00000, 0x0000000082f00000|  0%| F|  |TAMS 0x0000000082e00000, 0x0000000082e00000| Untracked 
|  17|0x0000000082f00000, 0x0000000082f00000, 0x0000000083000000|  0%| F|  |TAMS 0x0000000082f00000, 0x0000000082f00000| Untracked 
|  18|0x0000000083000000, 0x0000000083000000, 0x0000000083100000|  0%| F|  |TAMS 0x0000000083000000, 0x0000000083000000| Untracked 
|  19|0x0000000083100000, 0x0000000083100000, 0x0000000083200000|  0%| F|  |TAMS 0x0000000083100000, 0x0000000083100000| Untracked 
|  20|0x0000000083200000, 0x0000000083200000, 0x0000000083300000|  0%| F|  |TAMS 0x0000000083200000, 0x0000000083200000| Untracked 
|  21|0x0000000083300000, 0x0000000083300000, 0x0000000083400000|  0%| F|  |TAMS 0x0000000083300000, 0x0000000083300000| Untracked 
|  22|0x0000000083400000, 0x0000000083400000, 0x0000000083500000|  0%| F|  |TAMS 0x0000000083400000, 0x0000000083400000| Untracked 
|  23|0x0000000083500000, 0x0000000083500000, 0x0000000083600000|  0%| F|  |TAMS 0x0000000083500000, 0x0000000083500000| Untracked 
|  24|0x0000000083600000, 0x0000000083600000, 0x0000000083700000|  0%| F|  |TAMS 0x0000000083600000, 0x0000000083600000| Untracked 
|  25|0x0000000083700000, 0x0000000083700000, 0x0000000083800000|  0%| F|  |TAMS 0x0000000083700000, 0x0000000083700000| Untracked 
|  26|0x0000000083800000, 0x0000000083800000, 0x0000000083900000|  0%| F|  |TAMS 0x0000000083800000, 0x0000000083800000| Untracked 
|  27|0x0000000083900000, 0x0000000083900000, 0x0000000083a00000|  0%| F|  |TAMS 0x0000000083900000, 0x0000000083900000| Untracked 
|  28|0x0000000083a00000, 0x0000000083a00000, 0x0000000083b00000|  0%| F|  |TAMS 0x0000000083a00000, 0x0000000083a00000| Untracked 
|  29|0x0000000083b00000, 0x0000000083b00000, 0x0000000083c00000|  0%| F|  |TAMS 0x0000000083b00000, 0x0000000083b00000| Untracked 
|  30|0x0000000083c00000, 0x0000000083c00000, 0x0000000083d00000|  0%| F|  |TAMS 0x0000000083c00000, 0x0000000083c00000| Untracked 
|  31|0x0000000083d00000, 0x0000000083d00000, 0x0000000083e00000|  0%| F|  |TAMS 0x0000000083d00000, 0x0000000083d00000| Untracked 
|  32|0x0000000083e00000, 0x0000000083e00000, 0x0000000083f00000|  0%| F|  |TAMS 0x0000000083e00000, 0x0000000083e00000| Untracked 
|  33|0x0000000083f00000, 0x0000000083f00000, 0x0000000084000000|  0%| F|  |TAMS 0x0000000083f00000, 0x0000000083f00000| Untracked 
|  34|0x0000000084000000, 0x0000000084000000, 0x0000000084100000|  0%| F|  |TAMS 0x0000000084000000, 0x0000000084000000| Untracked 
|  35|0x0000000084100000, 0x0000000084100000, 0x0000000084200000|  0%| F|  |TAMS 0x0000000084100000, 0x0000000084100000| Untracked 
|  36|0x0000000084200000, 0x0000000084200000, 0x0000000084300000|  0%| F|  |TAMS 0x0000000084200000, 0x0000000084200000| Untracked 
|  37|0x0000000084300000, 0x0000000084300000, 0x0000000084400000|  0%| F|  |TAMS 0x0000000084300000, 0x0000000084300000| Untracked 
|  38|0x0000000084400000, 0x0000000084400000, 0x0000000084500000|  0%| F|  |TAMS 0x0000000084400000, 0x0000000084400000| Untracked 
|  39|0x0000000084500000, 0x0000000084500000, 0x0000000084600000|  0%| F|  |TAMS 0x0000000084500000, 0x0000000084500000| Untracked 
|  40|0x0000000084600000, 0x0000000084600000, 0x0000000084700000|  0%| F|  |TAMS 0x0000000084600000, 0x0000000084600000| Untracked 
|  41|0x0000000084700000, 0x0000000084700000, 0x0000000084800000|  0%| F|  |TAMS 0x0000000084700000, 0x0000000084700000| Untracked 
|  42|0x0000000084800000, 0x0000000084800000, 0x0000000084900000|  0%| F|  |TAMS 0x0000000084800000, 0x0000000084800000| Untracked 
|  43|0x0000000084900000, 0x0000000084900000, 0x0000000084a00000|  0%| F|  |TAMS 0x0000000084900000, 0x0000000084900000| Untracked 
|  44|0x0000000084a00000, 0x0000000084a00000, 0x0000000084b00000|  0%| F|  |TAMS 0x0000000084a00000, 0x0000000084a00000| Untracked 
|  45|0x0000000084b00000, 0x0000000084b00000, 0x0000000084c00000|  0%| F|  |TAMS 0x0000000084b00000, 0x0000000084b00000| Untracked 
|  46|0x0000000084c00000, 0x0000000084c00000, 0x0000000084d00000|  0%| F|  |TAMS 0x0000000084c00000, 0x0000000084c00000| Untracked 
|  47|0x0000000084d00000, 0x0000000084d00000, 0x0000000084e00000|  0%| F|  |TAMS 0x0000000084d00000, 0x0000000084d00000| Untracked 
|  48|0x0000000084e00000, 0x0000000084e00000, 0x0000000084f00000|  0%| F|  |TAMS 0x0000000084e00000, 0x0000000084e00000| Untracked 
|  49|0x0000000084f00000, 0x0000000084f00000, 0x0000000085000000|  0%| F|  |TAMS 0x0000000084f00000, 0x0000000084f00000| Untracked 
|  50|0x0000000085000000, 0x0000000085000000, 0x0000000085100000|  0%| F|  |TAMS 0x0000000085000000, 0x0000000085000000| Untracked 
|  51|0x0000000085100000, 0x0000000085100000, 0x0000000085200000|  0%| F|  |TAMS 0x0000000085100000, 0x0000000085100000| Untracked 
|  52|0x0000000085200000, 0x0000000085200000, 0x0000000085300000|  0%| F|  |TAMS 0x0000000085200000, 0x0000000085200000| Untracked 
|  53|0x0000000085300000, 0x0000000085300000, 0x0000000085400000|  0%| F|  |TAMS 0x0000000085300000, 0x0000000085300000| Untracked 
|  54|0x0000000085400000, 0x0000000085400000, 0x0000000085500000|  0%| F|  |TAMS 0x0000000085400000, 0x0000000085400000| Untracked 
|  55|0x0000000085500000, 0x0000000085500000, 0x0000000085600000|  0%| F|  |TAMS 0x0000000085500000, 0x0000000085500000| Untracked 
|  56|0x0000000085600000, 0x0000000085600000, 0x0000000085700000|  0%| F|  |TAMS 0x0000000085600000, 0x0000000085600000| Untracked 
|  57|0x0000000085700000, 0x0000000085700000, 0x0000000085800000|  0%| F|  |TAMS 0x0000000085700000, 0x0000000085700000| Untracked 
|  58|0x0000000085800000, 0x0000000085800000, 0x0000000085900000|  0%| F|  |TAMS 0x0000000085800000, 0x0000000085800000| Untracked 
|  59|0x0000000085900000, 0x0000000085900000, 0x0000000085a00000|  0%| F|  |TAMS 0x0000000085900000, 0x0000000085900000| Untracked 
|  60|0x0000000085a00000, 0x0000000085a00000, 0x0000000085b00000|  0%| F|  |TAMS 0x0000000085a00000, 0x0000000085a00000| Untracked 
|  61|0x0000000085b00000, 0x0000000085b00000, 0x0000000085c00000|  0%| F|  |TAMS 0x0000000085b00000, 0x0000000085b00000| Untracked 
|  62|0x0000000085c00000, 0x0000000085c00000, 0x0000000085d00000|  0%| F|  |TAMS 0x0000000085c00000, 0x0000000085c00000| Untracked 
|  63|0x0000000085d00000, 0x0000000085d00000, 0x0000000085e00000|  0%| F|  |TAMS 0x0000000085d00000, 0x0000000085d00000| Untracked 
|  64|0x0000000085e00000, 0x0000000085e00000, 0x0000000085f00000|  0%| F|  |TAMS 0x0000000085e00000, 0x0000000085e00000| Untracked 
|  65|0x0000000085f00000, 0x0000000085f00000, 0x0000000086000000|  0%| F|  |TAMS 0x0000000085f00000, 0x0000000085f00000| Untracked 
|  66|0x0000000086000000, 0x0000000086000000, 0x0000000086100000|  0%| F|  |TAMS 0x0000000086000000, 0x0000000086000000| Untracked 
|  67|0x0000000086100000, 0x0000000086100000, 0x0000000086200000|  0%| F|  |TAMS 0x0000000086100000, 0x0000000086100000| Untracked 
|  68|0x0000000086200000, 0x0000000086200000, 0x0000000086300000|  0%| F|  |TAMS 0x0000000086200000, 0x0000000086200000| Untracked 
|  69|0x0000000086300000, 0x0000000086300000, 0x0000000086400000|  0%| F|  |TAMS 0x0000000086300000, 0x0000000086300000| Untracked 
|  70|0x0000000086400000, 0x0000000086400000, 0x0000000086500000|  0%| F|  |TAMS 0x0000000086400000, 0x0000000086400000| Untracked 
|  71|0x0000000086500000, 0x0000000086500000, 0x0000000086600000|  0%| F|  |TAMS 0x0000000086500000, 0x0000000086500000| Untracked 
|  72|0x0000000086600000, 0x0000000086600000, 0x0000000086700000|  0%| F|  |TAMS 0x0000000086600000, 0x0000000086600000| Untracked 
|  73|0x0000000086700000, 0x0000000086700000, 0x0000000086800000|  0%| F|  |TAMS 0x0000000086700000, 0x0000000086700000| Untracked 
|  74|0x0000000086800000, 0x0000000086800000, 0x0000000086900000|  0%| F|  |TAMS 0x0000000086800000, 0x0000000086800000| Untracked 
|  75|0x0000000086900000, 0x0000000086900000, 0x0000000086a00000|  0%| F|  |TAMS 0x0000000086900000, 0x0000000086900000| Untracked 
|  76|0x0000000086a00000, 0x0000000086a00000, 0x0000000086b00000|  0%| F|  |TAMS 0x0000000086a00000, 0x0000000086a00000| Untracked 
|  77|0x0000000086b00000, 0x0000000086b00000, 0x0000000086c00000|  0%| F|  |TAMS 0x0000000086b00000, 0x0000000086b00000| Untracked 
|  78|0x0000000086c00000, 0x0000000086c00000, 0x0000000086d00000|  0%| F|  |TAMS 0x0000000086c00000, 0x0000000086c00000| Untracked 
|  79|0x0000000086d00000, 0x0000000086d00000, 0x0000000086e00000|  0%| F|  |TAMS 0x0000000086d00000, 0x0000000086d00000| Untracked 
|  80|0x0000000086e00000, 0x0000000086e00000, 0x0000000086f00000|  0%| F|  |TAMS 0x0000000086e00000, 0x0000000086e00000| Untracked 
|  81|0x0000000086f00000, 0x0000000086f00000, 0x0000000087000000|  0%| F|  |TAMS 0x0000000086f00000, 0x0000000086f00000| Untracked 
|  82|0x0000000087000000, 0x0000000087000000, 0x0000000087100000|  0%| F|  |TAMS 0x0000000087000000, 0x0000000087000000| Untracked 
|  83|0x0000000087100000, 0x0000000087100000, 0x0000000087200000|  0%| F|  |TAMS 0x0000000087100000, 0x0000000087100000| Untracked 
|  84|0x0000000087200000, 0x0000000087200000, 0x0000000087300000|  0%| F|  |TAMS 0x0000000087200000, 0x0000000087200000| Untracked 
|  85|0x0000000087300000, 0x0000000087300000, 0x0000000087400000|  0%| F|  |TAMS 0x0000000087300000, 0x0000000087300000| Untracked 
|  86|0x0000000087400000, 0x0000000087400000, 0x0000000087500000|  0%| F|  |TAMS 0x0000000087400000, 0x0000000087400000| Untracked 
|  87|0x0000000087500000, 0x0000000087500000, 0x0000000087600000|  0%| F|  |TAMS 0x0000000087500000, 0x0000000087500000| Untracked 
|  88|0x0000000087600000, 0x0000000087600000, 0x0000000087700000|  0%| F|  |TAMS 0x0000000087600000, 0x0000000087600000| Untracked 
|  89|0x0000000087700000, 0x0000000087700000, 0x0000000087800000|  0%| F|  |TAMS 0x0000000087700000, 0x0000000087700000| Untracked 
|  90|0x0000000087800000, 0x0000000087800000, 0x0000000087900000|  0%| F|  |TAMS 0x0000000087800000, 0x0000000087800000| Untracked 
|  91|0x0000000087900000, 0x0000000087900000, 0x0000000087a00000|  0%| F|  |TAMS 0x0000000087900000, 0x0000000087900000| Untracked 
|  92|0x0000000087a00000, 0x0000000087a00000, 0x0000000087b00000|  0%| F|  |TAMS 0x0000000087a00000, 0x0000000087a00000| Untracked 
|  93|0x0000000087b00000, 0x0000000087b00000, 0x0000000087c00000|  0%| F|  |TAMS 0x0000000087b00000, 0x0000000087b00000| Untracked 
|  94|0x0000000087c00000, 0x0000000087c00000, 0x0000000087d00000|  0%| F|  |TAMS 0x0000000087c00000, 0x0000000087c00000| Untracked 
|  95|0x0000000087d00000, 0x0000000087d00000, 0x0000000087e00000|  0%| F|  |TAMS 0x0000000087d00000, 0x0000000087d00000| Untracked 
|  96|0x0000000087e00000, 0x0000000087e00000, 0x0000000087f00000|  0%| F|  |TAMS 0x0000000087e00000, 0x0000000087e00000| Untracked 
|  97|0x0000000087f00000, 0x0000000087f00000, 0x0000000088000000|  0%| F|  |TAMS 0x0000000087f00000, 0x0000000087f00000| Untracked 
|  98|0x0000000088000000, 0x0000000088000000, 0x0000000088100000|  0%| F|  |TAMS 0x0000000088000000, 0x0000000088000000| Untracked 
|  99|0x0000000088100000, 0x0000000088100000, 0x0000000088200000|  0%| F|  |TAMS 0x0000000088100000, 0x0000000088100000| Untracked 
| 100|0x0000000088200000, 0x0000000088200000, 0x0000000088300000|  0%| F|  |TAMS 0x0000000088200000, 0x0000000088200000| Untracked 
| 101|0x0000000088300000, 0x0000000088300000, 0x0000000088400000|  0%| F|  |TAMS 0x0000000088300000, 0x0000000088300000| Untracked 
| 102|0x0000000088400000, 0x0000000088500000, 0x0000000088500000|100%| S|CS|TAMS 0x0000000088400000, 0x0000000088400000| Complete 
| 103|0x0000000088500000, 0x0000000088600000, 0x0000000088600000|100%| S|CS|TAMS 0x0000000088500000, 0x0000000088500000| Complete 
| 104|0x0000000088600000, 0x0000000088700000, 0x0000000088700000|100%| S|CS|TAMS 0x0000000088600000, 0x0000000088600000| Complete 
| 105|0x0000000088700000, 0x0000000088700000, 0x0000000088800000|  0%| F|  |TAMS 0x0000000088700000, 0x0000000088700000| Untracked 
| 106|0x0000000088800000, 0x0000000088800000, 0x0000000088900000|  0%| F|  |TAMS 0x0000000088800000, 0x0000000088800000| Untracked 
| 107|0x0000000088900000, 0x0000000088900000, 0x0000000088a00000|  0%| F|  |TAMS 0x0000000088900000, 0x0000000088900000| Untracked 
| 108|0x0000000088a00000, 0x0000000088a00000, 0x0000000088b00000|  0%| F|  |TAMS 0x0000000088a00000, 0x0000000088a00000| Untracked 
| 109|0x0000000088b00000, 0x0000000088b00000, 0x0000000088c00000|  0%| F|  |TAMS 0x0000000088b00000, 0x0000000088b00000| Untracked 
| 110|0x0000000088c00000, 0x0000000088c00000, 0x0000000088d00000|  0%| F|  |TAMS 0x0000000088c00000, 0x0000000088c00000| Untracked 
| 111|0x0000000088d00000, 0x0000000088d00000, 0x0000000088e00000|  0%| F|  |TAMS 0x0000000088d00000, 0x0000000088d00000| Untracked 
| 112|0x0000000088e00000, 0x0000000088e00000, 0x0000000088f00000|  0%| F|  |TAMS 0x0000000088e00000, 0x0000000088e00000| Untracked 
| 113|0x0000000088f00000, 0x0000000088f00000, 0x0000000089000000|  0%| F|  |TAMS 0x0000000088f00000, 0x0000000088f00000| Untracked 
| 114|0x0000000089000000, 0x0000000089000000, 0x0000000089100000|  0%| F|  |TAMS 0x0000000089000000, 0x0000000089000000| Untracked 
| 115|0x0000000089100000, 0x0000000089100000, 0x0000000089200000|  0%| F|  |TAMS 0x0000000089100000, 0x0000000089100000| Untracked 
| 116|0x0000000089200000, 0x0000000089200000, 0x0000000089300000|  0%| F|  |TAMS 0x0000000089200000, 0x0000000089200000| Untracked 
| 117|0x0000000089300000, 0x0000000089300000, 0x0000000089400000|  0%| F|  |TAMS 0x0000000089300000, 0x0000000089300000| Untracked 
| 118|0x0000000089400000, 0x0000000089400000, 0x0000000089500000|  0%| F|  |TAMS 0x0000000089400000, 0x0000000089400000| Untracked 
| 119|0x0000000089500000, 0x0000000089500000, 0x0000000089600000|  0%| F|  |TAMS 0x0000000089500000, 0x0000000089500000| Untracked 
| 120|0x0000000089600000, 0x0000000089600000, 0x0000000089700000|  0%| F|  |TAMS 0x0000000089600000, 0x0000000089600000| Untracked 
| 121|0x0000000089700000, 0x0000000089780c10, 0x0000000089800000| 50%| E|  |TAMS 0x0000000089700000, 0x0000000089700000| Complete 
| 122|0x0000000089800000, 0x0000000089900000, 0x0000000089900000|100%| E|CS|TAMS 0x0000000089800000, 0x0000000089800000| Complete 
| 123|0x0000000089900000, 0x0000000089a00000, 0x0000000089a00000|100%| E|CS|TAMS 0x0000000089900000, 0x0000000089900000| Complete 
| 124|0x0000000089a00000, 0x0000000089b00000, 0x0000000089b00000|100%| E|CS|TAMS 0x0000000089a00000, 0x0000000089a00000| Complete 
| 125|0x0000000089b00000, 0x0000000089c00000, 0x0000000089c00000|100%| E|CS|TAMS 0x0000000089b00000, 0x0000000089b00000| Complete 
| 126|0x0000000089c00000, 0x0000000089d00000, 0x0000000089d00000|100%| E|CS|TAMS 0x0000000089c00000, 0x0000000089c00000| Complete 
| 127|0x0000000089d00000, 0x0000000089e00000, 0x0000000089e00000|100%| E|CS|TAMS 0x0000000089d00000, 0x0000000089d00000| Complete 

Card table byte_map: [0x0000024bef1a0000,0x0000024bef5a0000] _byte_map_base: 0x0000024beed91000

Marking Bits (Prev, Next): (CMBitMap*) 0x0000024bdc081eb0, (CMBitMap*) 0x0000024bdc081ef0
 Prev Bits: [0x0000024bef9a0000, 0x0000024bf1928000)
 Next Bits: [0x0000024bf1930000, 0x0000024bf38b8000)

Polling page: 0x0000024bd9fa0000

Metaspace:

Usage:
  Non-class:     17.92 MB capacity,    17.85 MB (>99%) used,    48.90 KB ( <1%) free+waste,    23.12 KB ( <1%) overhead. 
      Class:      2.20 MB capacity,     2.13 MB ( 97%) used,    62.73 KB (  3%) free+waste,     7.81 KB ( <1%) overhead. 
       Both:     20.11 MB capacity,    19.97 MB (>99%) used,   111.63 KB ( <1%) free+waste,    30.94 KB ( <1%) overhead. 

Virtual space:
  Non-class space:       18.00 MB reserved,      18.00 MB (100%) committed 
      Class space:        1.00 GB reserved,       2.25 MB ( <1%) committed 
             Both:        1.02 GB reserved,      20.25 MB (  2%) committed 

Chunk freelists:
   Non-Class:  22.00 KB
       Class:  24.00 KB
        Both:  46.00 KB

MaxMetaspaceSize: 17179869184.00 GB
CompressedClassSpaceSize: 1.00 GB

CodeHeap 'non-profiled nmethods': size=120000Kb used=665Kb max_used=665Kb free=119334Kb
 bounds [0x0000024be7530000, 0x0000024be77a0000, 0x0000024beea60000]
CodeHeap 'profiled nmethods': size=120000Kb used=2926Kb max_used=2926Kb free=117073Kb
 bounds [0x0000024be0000000, 0x0000024be02e0000, 0x0000024be7530000]
CodeHeap 'non-nmethods': size=5760Kb used=1318Kb max_used=1398Kb free=4441Kb
 bounds [0x0000024bdfa60000, 0x0000024bdfcd0000, 0x0000024be0000000]
 total_blobs=2323 nmethods=1702 adapters=534
 compilation: enabled
              stopped_count=0, restarted_count=0
 full_count=0

Compilation events (20 events):
Event: 2.933 Thread 0x0000024bf6b92af0 nmethod 1673 0x0000024be02cc190 code [0x0000024be02cc340, 0x0000024be02cc518]
Event: 2.933 Thread 0x0000024bf6b92af0 1675       3       jdk.internal.loader.BuiltinClassLoader::findLoadedModule (33 bytes)
Event: 2.933 Thread 0x0000024bf6b92af0 nmethod 1675 0x0000024be02cc610 code [0x0000024be02cc820, 0x0000024be02cce38]
Event: 2.933 Thread 0x0000024bf6b92af0 1677   !   3       java.util.zip.ZipFile$ZipFileInputStream::close (59 bytes)
Event: 2.933 Thread 0x0000024bf6b92af0 nmethod 1677 0x0000024be02cd090 code [0x0000024be02cd240, 0x0000024be02cd588]
Event: 2.933 Thread 0x0000024bf6b92af0 1678       3       java.util.Collections$SetFromMap::remove (19 bytes)
Event: 2.934 Thread 0x0000024bf6b92af0 nmethod 1678 0x0000024be02cd790 code [0x0000024be02cd940, 0x0000024be02cdb68]
Event: 2.935 Thread 0x0000024bf6b8a030 1679       4       jdk.internal.org.objectweb.asm.SymbolTable::addConstantUtf8 (98 bytes)
Event: 2.942 Thread 0x0000024bf6b92af0 1680   !   3       java.net.URL::<init> (543 bytes)
Event: 2.947 Thread 0x0000024bf6b92af0 nmethod 1680 0x0000024be02cdc10 code [0x0000024be02ce2a0, 0x0000024be02d1a88]
Event: 2.947 Thread 0x0000024bf6b92af0 1682       3       java.lang.ClassLoader::loadClass (7 bytes)
Event: 2.948 Thread 0x0000024bf6b92af0 nmethod 1682 0x0000024be02d3a90 code [0x0000024be02d3c40, 0x0000024be02d3e08]
Event: 2.948 Thread 0x0000024bf6b92af0 1681       1       java.util.zip.ZipEntry::getSize (5 bytes)
Event: 2.948 Thread 0x0000024bf6b92af0 nmethod 1681 0x0000024be75d5490 code [0x0000024be75d5620, 0x0000024be75d56d8]
Event: 2.948 Thread 0x0000024bf6b92af0 1683       3       jdk.internal.access.SharedSecrets::javaUtilJarAccess (15 bytes)
Event: 2.948 Thread 0x0000024bf6b92af0 nmethod 1683 0x0000024be02d3e90 code [0x0000024be02d4080, 0x0000024be02d4408]
Event: 2.949 Thread 0x0000024bf6b92af0 1684       1       java.util.jar.Manifest::getEntries (5 bytes)
Event: 2.949 Thread 0x0000024bf6b92af0 nmethod 1684 0x0000024be75d5790 code [0x0000024be75d5920, 0x0000024be75d59d8]
Event: 2.949 Thread 0x0000024bf6b92af0 1685       1       java.util.jar.Manifest::getMainAttributes (5 bytes)
Event: 2.949 Thread 0x0000024bf6b92af0 nmethod 1685 0x0000024be75d5a90 code [0x0000024be75d5c20, 0x0000024be75d5cd8]

GC Heap History (2 events):
Event: 1.607 GC heap before
{Heap before GC invocations=0 (full 0):
 garbage-first heap   total 131072K, used 34816K [0x0000000081e00000, 0x0000000100000000)
  region size 1024K, 23 young (23552K), 0 survivors (0K)
 Metaspace       used 17609K, capacity 17763K, committed 17920K, reserved 1064960K
  class space    used 1860K, capacity 1923K, committed 2048K, reserved 1048576K
}
Event: 1.611 GC heap after
{Heap after GC invocations=1 (full 0):
 garbage-first heap   total 131072K, used 15033K [0x0000000081e00000, 0x0000000100000000)
  region size 1024K, 3 young (3072K), 3 survivors (3072K)
 Metaspace       used 17609K, capacity 17763K, committed 17920K, reserved 1064960K
  class space    used 1860K, capacity 1923K, committed 2048K, reserved 1048576K
}

Deoptimization events (20 events):
Event: 1.722 Thread 0x0000024bf73bd410 Uncommon trap: trap_request=0xffffffde fr.pc=0x0000024be755cd7c relative=0x000000000000017c
Event: 1.722 Thread 0x0000024bf73bd410 Uncommon trap: reason=class_check action=maybe_recompile pc=0x0000024be755cd7c method=java.lang.String.equals(Ljava/lang/Object;)Z @ 8 c2
Event: 1.722 Thread 0x0000024bf73bd410 DEOPT PACKING pc=0x0000024be755cd7c sp=0x000000c3900fccc0
Event: 1.722 Thread 0x0000024bf73bd410 DEOPT UNPACKING pc=0x0000024bdfaae42f sp=0x000000c3900fcc48 mode 2
Event: 1.722 Thread 0x0000024bf73bd410 Uncommon trap: trap_request=0xffffffde fr.pc=0x0000024be755cd7c relative=0x000000000000017c
Event: 1.722 Thread 0x0000024bf73bd410 Uncommon trap: reason=class_check action=maybe_recompile pc=0x0000024be755cd7c method=java.lang.String.equals(Ljava/lang/Object;)Z @ 8 c2
Event: 1.722 Thread 0x0000024bf73bd410 DEOPT PACKING pc=0x0000024be755cd7c sp=0x000000c3900fccd0
Event: 1.722 Thread 0x0000024bf73bd410 DEOPT UNPACKING pc=0x0000024bdfaae42f sp=0x000000c3900fcc58 mode 2
Event: 1.722 Thread 0x0000024bf73bd410 Uncommon trap: trap_request=0xffffffde fr.pc=0x0000024be755cd7c relative=0x000000000000017c
Event: 1.722 Thread 0x0000024bf73bd410 Uncommon trap: reason=class_check action=maybe_recompile pc=0x0000024be755cd7c method=java.lang.String.equals(Ljava/lang/Object;)Z @ 8 c2
Event: 1.722 Thread 0x0000024bf73bd410 DEOPT PACKING pc=0x0000024be755cd7c sp=0x000000c3900fcbf0
Event: 1.722 Thread 0x0000024bf73bd410 DEOPT UNPACKING pc=0x0000024bdfaae42f sp=0x000000c3900fcb78 mode 2
Event: 1.729 Thread 0x0000024bfa1480c0 Uncommon trap: trap_request=0xffffff45 fr.pc=0x0000024be7576c94 relative=0x0000000000000174
Event: 1.729 Thread 0x0000024bfa1480c0 Uncommon trap: reason=unstable_if action=reinterpret pc=0x0000024be7576c94 method=java.lang.ThreadLocal$ThreadLocalMap.getEntry(Ljava/lang/ThreadLocal;)Ljava/lang/ThreadLocal$ThreadLocalMap$Entry; @ 21 c2
Event: 1.729 Thread 0x0000024bfa1480c0 DEOPT PACKING pc=0x0000024be7576c94 sp=0x000000c390efe920
Event: 1.729 Thread 0x0000024bfa1480c0 DEOPT UNPACKING pc=0x0000024bdfaae42f sp=0x000000c390efe868 mode 2
Event: 2.868 Thread 0x0000024bf73bd410 Uncommon trap: trap_request=0xffffff45 fr.pc=0x0000024be7575d80 relative=0x00000000000001c0
Event: 2.868 Thread 0x0000024bf73bd410 Uncommon trap: reason=unstable_if action=reinterpret pc=0x0000024be7575d80 method=java.io.WinNTFileSystem.normalize(Ljava/lang/String;)Ljava/lang/String; @ 40 c2
Event: 2.868 Thread 0x0000024bf73bd410 DEOPT PACKING pc=0x0000024be7575d80 sp=0x000000c3900fd050
Event: 2.868 Thread 0x0000024bf73bd410 DEOPT UNPACKING pc=0x0000024bdfaae42f sp=0x000000c3900fcfc8 mode 2

Classes unloaded (0 events):
No events

Classes redefined (0 events):
No events

Internal exceptions (18 events):
Event: 0.153 Thread 0x0000024bd9e6e7c0 Exception <a 'java/lang/NoSuchMethodError'{0x0000000089c51848}: 'void java.lang.invoke.DirectMethodHandle$Holder.invokeSpecial(java.lang.Object, java.lang.Object, java.lang.Object)'> (0x0000000089c51848) 
thrown [./open/src/hotspot/share/interpreter/linkResolver.cpp, line 782]
Event: 0.174 Thread 0x0000024bd9e6e7c0 Exception <a 'java/lang/ClassNotFoundException'{0x0000000089c72b70}: sun/awt/resources/spi/awtProvider> (0x0000000089c72b70) 
thrown [./open/src/hotspot/share/classfile/systemDictionary.cpp, line 295]
Event: 0.203 Thread 0x0000024bd9e6e7c0 Exception <a 'java/io/FileNotFoundException'{0x0000000089cceed0}> (0x0000000089cceed0) 
thrown [./open/src/hotspot/share/prims/jni.cpp, line 578]
Event: 0.211 Thread 0x0000024bd9e6e7c0 Exception <a 'java/io/FileNotFoundException'{0x0000000089cfd9f8}> (0x0000000089cfd9f8) 
thrown [./open/src/hotspot/share/prims/jni.cpp, line 578]
Event: 0.211 Thread 0x0000024bd9e6e7c0 Exception <a 'java/lang/NoSuchMethodError'{0x0000000089cfed30}: 'java.lang.Object java.lang.invoke.DirectMethodHandle$Holder.invokeStatic(java.lang.Object)'> (0x0000000089cfed30) 
thrown [./open/src/hotspot/share/interpreter/linkResolver.cpp, line 782]
Event: 0.252 Thread 0x0000024bd9e6e7c0 Exception <a 'java/lang/NoSuchMethodError'{0x0000000089b48d08}: 'java.lang.Object java.lang.invoke.DirectMethodHandle$Holder.invokeStaticInit(java.lang.Object)'> (0x0000000089b48d08) 
thrown [./open/src/hotspot/share/interpreter/linkResolver.cpp, line 782]
Event: 0.293 Thread 0x0000024bd9e6e7c0 Exception <a 'java/lang/NoSuchMethodError'{0x0000000089a30fb8}: 'java.lang.Object java.lang.invoke.DirectMethodHandle$Holder.newInvokeSpecial(java.lang.Object, java.lang.Object, java.lang.Object, java.lang.Object, java.lang.Object)'> (0x0000000089a30fb8) 
thrown [./open/src/hotspot/share/interpreter/linkResolver.cpp, line 782]
Event: 0.294 Thread 0x0000024bd9e6e7c0 Exception <a 'java/lang/NoSuchMethodError'{0x0000000089a3ca48}: 'java.lang.Object java.lang.invoke.DirectMethodHandle$Holder.invokeStatic(java.lang.Object, int, java.lang.Object, java.lang.Object, java.lang.Object, java.lang.Object)'> (0x0000000089a3ca48) 
thrown [./open/src/hotspot/share/interpreter/linkResolver.cpp, line 782]
Event: 0.296 Thread 0x0000024bd9e6e7c0 Exception <a 'java/lang/NoSuchMethodError'{0x0000000089a62cf0}: 'java.lang.Object java.lang.invoke.DirectMethodHandle$Holder.invokeStatic(java.lang.Object, int, java.lang.Object)'> (0x0000000089a62cf0) 
thrown [./open/src/hotspot/share/interpreter/linkResolver.cpp, line 782]
Event: 0.314 Thread 0x0000024bd9e6e7c0 Exception <a 'java/lang/ClassNotFoundException'{0x000000008991b688}: com/sun/swing/internal/plaf/metal/resources/spi/metalProvider> (0x000000008991b688) 
thrown [./open/src/hotspot/share/classfile/systemDictionary.cpp, line 295]
Event: 0.315 Thread 0x0000024bd9e6e7c0 Exception <a 'java/lang/ClassNotFoundException'{0x000000008991f710}: com/sun/swing/internal/plaf/basic/resources/spi/basicProvider> (0x000000008991f710) 
thrown [./open/src/hotspot/share/classfile/systemDictionary.cpp, line 295]
Event: 0.382 Thread 0x0000024bf73bd410 Exception <a 'java/lang/NoSuchMethodError'{0x0000000089632280}: 'void java.lang.invoke.DirectMethodHandle$Holder.invokeStatic(java.lang.Object, java.lang.Object, java.lang.Object)'> (0x0000000089632280) 
thrown [./open/src/hotspot/share/interpreter/linkResolver.cpp, line 782]
Event: 0.383 Thread 0x0000024bf73bd410 Exception <a 'java/lang/NoSuchMethodError'{0x0000000089638c90}: 'void java.lang.invoke.DirectMethodHandle$Holder.invokeStatic(java.lang.Object, java.lang.Object)'> (0x0000000089638c90) 
thrown [./open/src/hotspot/share/interpreter/linkResolver.cpp, line 782]
Event: 0.391 Thread 0x0000024bf6d02fc0 Exception <a 'java/lang/NoSuchMethodError'{0x0000000089686b08}: 'java.lang.Object java.lang.invoke.DirectMethodHandle$Holder.newInvokeSpecial(java.lang.Object, java.lang.Object, java.lang.Object, int, int, int, int, int)'> (0x0000000089686b08) 
thrown [./open/src/hotspot/share/interpreter/linkResolver.cpp, line 782]
Event: 0.649 Thread 0x0000024bf73bd410 Exception <a 'java/lang/NoSuchMethodError'{0x0000000089424160}: 'void java.lang.invoke.DirectMethodHandle$Holder.invokeStaticInit(java.lang.Object)'> (0x0000000089424160) 
thrown [./open/src/hotspot/share/interpreter/linkResolver.cpp, line 782]
Event: 1.729 Thread 0x0000024bfa1480c0 Implicit null exception at 0x0000024be7576b8e to 0x0000024be7576c74
Event: 1.737 Thread 0x0000024bf73bd410 Exception <a 'java/lang/NoSuchMethodError'{0x0000000089dee760}: 'int java.lang.invoke.DirectMethodHandle$Holder.invokeStatic(java.lang.Object)'> (0x0000000089dee760) 
thrown [./open/src/hotspot/share/interpreter/linkResolver.cpp, line 782]
Event: 2.918 Thread 0x0000024bf73bd410 Exception <a 'java/lang/NoSuchMethodError'{0x000000008986b168}: 'java.lang.Object java.lang.invoke.Invokers$Holder.invokeExact_MT(java.lang.Object, java.lang.Object, java.lang.Object, java.lang.Object, java.lang.Object, java.lang.Object)'> (0x000000008986b168) 
thrown [./open/src/hotspot/share/interpreter/linkResolver.cpp, line 782]

Events (20 events):
Event: 2.935 loading class java/util/StringJoiner
Event: 2.935 loading class java/util/StringJoiner done
Event: 2.935 loading class java/util/function/BiConsumer
Event: 2.935 loading class java/util/function/BiConsumer done
Event: 2.936 loading class java/util/function/BinaryOperator
Event: 2.936 loading class java/util/function/BinaryOperator done
Event: 2.937 loading class java/util/stream/ReduceOps
Event: 2.939 loading class java/util/stream/ReduceOps done
Event: 2.939 loading class java/util/stream/ReduceOps$3
Event: 2.939 loading class java/util/stream/ReduceOps$ReduceOp
Event: 2.941 loading class java/util/stream/ReduceOps$ReduceOp done
Event: 2.941 loading class java/util/stream/ReduceOps$3 done
Event: 2.941 loading class java/util/stream/ReduceOps$3ReducingSink
Event: 2.941 loading class java/util/stream/ReduceOps$AccumulatingSink
Event: 2.941 loading class java/util/stream/ReduceOps$AccumulatingSink done
Event: 2.941 loading class java/util/stream/ReduceOps$Box
Event: 2.941 loading class java/util/stream/ReduceOps$Box done
Event: 2.941 loading class java/util/stream/ReduceOps$3ReducingSink done
Event: 2.947 loading class java/awt/geom/NoninvertibleTransformException
Event: 2.947 loading class java/awt/geom/NoninvertibleTransformException done


Dynamic libraries:
0x00007ff6eb910000 - 0x00007ff6eb91d000 	C:\Users\Hiep\.p2\pool\plugins\org.eclipse.justj.openjdk.hotspot.jre.full.win32.x86_64_15.0.2.v20210201-0955\jre\bin\javaw.exe
0x00007ffc6f810000 - 0x00007ffc6fa05000 	C:\WINDOWS\SYSTEM32\ntdll.dll
0x00007ffc6de00000 - 0x00007ffc6debd000 	C:\WINDOWS\System32\KERNEL32.DLL
0x00007ffc6d470000 - 0x00007ffc6d738000 	C:\WINDOWS\System32\KERNELBASE.dll
0x00007ffc6d0b0000 - 0x00007ffc6d1b0000 	C:\WINDOWS\System32\ucrtbase.dll
0x00007ffc647d0000 - 0x00007ffc647e8000 	C:\Users\Hiep\.p2\pool\plugins\org.eclipse.justj.openjdk.hotspot.jre.full.win32.x86_64_15.0.2.v20210201-0955\jre\bin\jli.dll
0x00007ffc402a0000 - 0x00007ffc402b9000 	C:\Users\Hiep\.p2\pool\plugins\org.eclipse.justj.openjdk.hotspot.jre.full.win32.x86_64_15.0.2.v20210201-0955\jre\bin\VCRUNTIME140.dll
0x00007ffc6dc60000 - 0x00007ffc6de00000 	C:\WINDOWS\System32\USER32.dll
0x00007ffc6d210000 - 0x00007ffc6d232000 	C:\WINDOWS\System32\win32u.dll
0x00007ffc59920000 - 0x00007ffc59bba000 	C:\WINDOWS\WinSxS\amd64_microsoft.windows.common-controls_6595b64144ccf1df_6.0.19041.844_none_ca00b6081b84eb1d\COMCTL32.dll
0x00007ffc6f250000 - 0x00007ffc6f27a000 	C:\WINDOWS\System32\GDI32.dll
0x00007ffc6e230000 - 0x00007ffc6e2ce000 	C:\WINDOWS\System32\msvcrt.dll
0x00007ffc6cf50000 - 0x00007ffc6d05b000 	C:\WINDOWS\System32\gdi32full.dll
0x00007ffc6d270000 - 0x00007ffc6d30d000 	C:\WINDOWS\System32\msvcp_win.dll
0x00007ffc6dc30000 - 0x00007ffc6dc60000 	C:\WINDOWS\System32\IMM32.DLL
0x00007ffc526a0000 - 0x00007ffc526ac000 	C:\Users\Hiep\.p2\pool\plugins\org.eclipse.justj.openjdk.hotspot.jre.full.win32.x86_64_15.0.2.v20210201-0955\jre\bin\vcruntime140_1.dll
0x00007ffc30f70000 - 0x00007ffc31001000 	C:\Users\Hiep\.p2\pool\plugins\org.eclipse.justj.openjdk.hotspot.jre.full.win32.x86_64_15.0.2.v20210201-0955\jre\bin\msvcp140.dll
0x00007ffbf1910000 - 0x00007ffbf246e000 	C:\Users\Hiep\.p2\pool\plugins\org.eclipse.justj.openjdk.hotspot.jre.full.win32.x86_64_15.0.2.v20210201-0955\jre\bin\server\jvm.dll
0x00007ffc6ef90000 - 0x00007ffc6f03c000 	C:\WINDOWS\System32\ADVAPI32.dll
0x00007ffc6e100000 - 0x00007ffc6e19b000 	C:\WINDOWS\System32\sechost.dll
0x00007ffc6f040000 - 0x00007ffc6f16b000 	C:\WINDOWS\System32\RPCRT4.dll
0x00007ffc6ed50000 - 0x00007ffc6ed58000 	C:\WINDOWS\System32\PSAPI.DLL
0x00007ffc61830000 - 0x00007ffc6183a000 	C:\WINDOWS\SYSTEM32\VERSION.dll
0x00007ffc584a0000 - 0x00007ffc584a9000 	C:\WINDOWS\SYSTEM32\WSOCK32.dll
0x00007ffc49b10000 - 0x00007ffc49b37000 	C:\WINDOWS\SYSTEM32\WINMM.dll
0x00007ffc6e330000 - 0x00007ffc6e39b000 	C:\WINDOWS\System32\WS2_32.dll
0x00007ffc6b850000 - 0x00007ffc6b862000 	C:\WINDOWS\SYSTEM32\kernel.appcore.dll
0x00007ffc55590000 - 0x00007ffc5559a000 	C:\Users\Hiep\.p2\pool\plugins\org.eclipse.justj.openjdk.hotspot.jre.full.win32.x86_64_15.0.2.v20210201-0955\jre\bin\jimage.dll
0x00007ffc6b550000 - 0x00007ffc6b734000 	C:\WINDOWS\SYSTEM32\DBGHELP.DLL
0x00007ffc61860000 - 0x00007ffc6188c000 	C:\WINDOWS\SYSTEM32\dbgcore.DLL
0x00007ffc6d740000 - 0x00007ffc6d7c0000 	C:\WINDOWS\System32\bcryptPrimitives.dll
0x00007ffc3e3b0000 - 0x00007ffc3e3d5000 	C:\Users\Hiep\.p2\pool\plugins\org.eclipse.justj.openjdk.hotspot.jre.full.win32.x86_64_15.0.2.v20210201-0955\jre\bin\java.dll
0x00007ffc440b0000 - 0x00007ffc440c8000 	C:\Users\Hiep\.p2\pool\plugins\org.eclipse.justj.openjdk.hotspot.jre.full.win32.x86_64_15.0.2.v20210201-0955\jre\bin\zip.dll
0x00007ffc6e600000 - 0x00007ffc6ed42000 	C:\WINDOWS\System32\SHELL32.dll
0x00007ffc6acf0000 - 0x00007ffc6b480000 	C:\WINDOWS\SYSTEM32\windows.storage.dll
0x00007ffc6d8d0000 - 0x00007ffc6dc25000 	C:\WINDOWS\System32\combase.dll
0x00007ffc6c9c0000 - 0x00007ffc6c9ec000 	C:\WINDOWS\SYSTEM32\Wldp.dll
0x00007ffc6e550000 - 0x00007ffc6e5fe000 	C:\WINDOWS\System32\SHCORE.dll
0x00007ffc6d870000 - 0x00007ffc6d8c5000 	C:\WINDOWS\System32\shlwapi.dll
0x00007ffc6ce90000 - 0x00007ffc6ceaf000 	C:\WINDOWS\SYSTEM32\profapi.dll
0x00007ffc616a0000 - 0x00007ffc616b9000 	C:\Users\Hiep\.p2\pool\plugins\org.eclipse.justj.openjdk.hotspot.jre.full.win32.x86_64_15.0.2.v20210201-0955\jre\bin\net.dll
0x00007ffc61df0000 - 0x00007ffc61efb000 	C:\WINDOWS\SYSTEM32\WINHTTP.dll
0x00007ffc6c730000 - 0x00007ffc6c79a000 	C:\WINDOWS\system32\mswsock.dll
0x00007ffc554a0000 - 0x00007ffc554b2000 	C:\Users\Hiep\.p2\pool\plugins\org.eclipse.justj.openjdk.hotspot.jre.full.win32.x86_64_15.0.2.v20210201-0955\jre\bin\nio.dll
0x00007ffc2ae90000 - 0x00007ffc2b00f000 	C:\Users\Hiep\.p2\pool\plugins\org.eclipse.justj.openjdk.hotspot.jre.full.win32.x86_64_15.0.2.v20210201-0955\jre\bin\awt.dll
0x00007ffc6f700000 - 0x00007ffc6f7cd000 	C:\WINDOWS\System32\OLEAUT32.dll
0x00007ffc66710000 - 0x00007ffc667a0000 	C:\WINDOWS\SYSTEM32\apphelp.dll
0x00007ffc6a820000 - 0x00007ffc6a84f000 	C:\WINDOWS\system32\DWMAPI.DLL
0x00007ffc667c0000 - 0x00007ffc6685e000 	C:\WINDOWS\system32\uxtheme.dll
0x00007ffc52f60000 - 0x00007ffc53086000 	C:\WINDOWS\system32\opengl32.dll
0x00007ffc5f230000 - 0x00007ffc5f25c000 	C:\WINDOWS\SYSTEM32\GLU32.dll
0x00007ffc6ed60000 - 0x00007ffc6ee75000 	C:\WINDOWS\System32\MSCTF.dll
0x00007ffc6dfd0000 - 0x00007ffc6e0fa000 	C:\WINDOWS\System32\ole32.dll
0x00007ffc38f30000 - 0x00007ffc38f5d000 	C:\Users\Hiep\.p2\pool\plugins\org.eclipse.justj.openjdk.hotspot.jre.full.win32.x86_64_15.0.2.v20210201-0955\jre\bin\javajpeg.dll
0x00007ffc2ed80000 - 0x00007ffc2ee30000 	C:\WINDOWS\WinSxS\amd64_microsoft.windows.common-controls_6595b64144ccf1df_5.82.19041.844_none_423537bff6b9828c\comctl32.dll
0x00007ffc34e50000 - 0x00007ffc34ed5000 	C:\Users\Hiep\.p2\pool\plugins\org.eclipse.justj.openjdk.hotspot.jre.full.win32.x86_64_15.0.2.v20210201-0955\jre\bin\freetype.dll
0x00007ffc2bc10000 - 0x00007ffc2bcb9000 	C:\Users\Hiep\.p2\pool\plugins\org.eclipse.justj.openjdk.hotspot.jre.full.win32.x86_64_15.0.2.v20210201-0955\jre\bin\fontmanager.dll
0x00007ffc6d060000 - 0x00007ffc6d0ae000 	C:\WINDOWS\System32\CFGMGR32.dll
0x00007ffc6ee80000 - 0x00007ffc6ef29000 	C:\WINDOWS\System32\clbcatq.dll
0x00007ffc526b0000 - 0x00007ffc526c7000 	C:\WINDOWS\system32\NetworkExplorer.dll
0x00007ffc67260000 - 0x00007ffc67357000 	C:\WINDOWS\system32\PROPSYS.dll
0x00007ffc42f40000 - 0x00007ffc42f5d000 	C:\WINDOWS\SYSTEM32\MPR.dll
0x00007ffc61750000 - 0x00007ffc6175b000 	C:\WINDOWS\System32\drprov.dll
0x00007ffc6bd50000 - 0x00007ffc6bdaa000 	C:\WINDOWS\System32\WINSTA.dll
0x00007ffc5bf40000 - 0x00007ffc5bf58000 	C:\WINDOWS\System32\ntlanman.dll
0x00007ffc59760000 - 0x00007ffc5977e000 	C:\WINDOWS\System32\davclnt.dll
0x00007ffc2c0a0000 - 0x00007ffc2c0ad000 	C:\WINDOWS\System32\DAVHLPR.dll
0x00007ffc6c180000 - 0x00007ffc6c197000 	C:\WINDOWS\System32\wkscli.dll
0x00007ffc555a0000 - 0x00007ffc555b2000 	C:\WINDOWS\SYSTEM32\cscapi.dll
0x00007ffc6c4e0000 - 0x00007ffc6c4ec000 	C:\WINDOWS\System32\netutils.dll
0x00007ffc3b660000 - 0x00007ffc3b6b8000 	C:\Windows\System32\dlnashext.dll
0x00007ffc39180000 - 0x00007ffc391e4000 	C:\Windows\System32\PlayToDevice.dll
0x00007ffc670c0000 - 0x00007ffc670e0000 	C:\Windows\System32\DevDispItemProvider.dll
0x00007ffc60d90000 - 0x00007ffc60e15000 	C:\WINDOWS\System32\MMDevApi.dll
0x00007ffc6cd00000 - 0x00007ffc6cd2c000 	C:\WINDOWS\System32\DEVOBJ.dll
0x00007ffc2bb60000 - 0x00007ffc2bc03000 	C:\WINDOWS\system32\wpdshext.dll
0x00007ffc29120000 - 0x00007ffc292cb000 	C:\WINDOWS\WinSxS\amd64_microsoft.windows.gdiplus_6595b64144ccf1df_1.1.19041.928_none_faefac437613c6cc\gdiplus.dll
0x00007ffc3f830000 - 0x00007ffc3f8d3000 	C:\Windows\System32\PortableDeviceApi.dll
0x00007ffc6f280000 - 0x00007ffc6f6e9000 	C:\WINDOWS\System32\SETUPAPI.dll
0x00007ffc6d240000 - 0x00007ffc6d267000 	C:\WINDOWS\System32\bcrypt.dll
0x00007ffc6d1b0000 - 0x00007ffc6d210000 	C:\WINDOWS\System32\WINTRUST.dll
0x00007ffc6d310000 - 0x00007ffc6d46f000 	C:\WINDOWS\System32\CRYPT32.dll
0x00007ffc6cb40000 - 0x00007ffc6cb52000 	C:\WINDOWS\System32\MSASN1.dll
0x00007ffc477a0000 - 0x00007ffc477d7000 	C:\Windows\System32\EhStorShell.dll
0x00007ffc38010000 - 0x00007ffc38036000 	C:\Windows\System32\EhStorAPI.dll
0x00007ffc64c60000 - 0x00007ffc64c74000 	C:\Windows\System32\WTSAPI32.dll
0x00007ffc64670000 - 0x00007ffc6467d000 	C:\WINDOWS\SYSTEM32\LINKINFO.dll
0x00007ffc51f20000 - 0x00007ffc520d4000 	C:\WINDOWS\SYSTEM32\WindowsCodecs.dll
0x00007ffc55a20000 - 0x00007ffc55a5e000 	C:\WINDOWS\system32\dataexchange.dll
0x00007ffc65350000 - 0x00007ffc655b4000 	C:\WINDOWS\system32\d3d11.dll
0x00007ffc65c10000 - 0x00007ffc65df5000 	C:\WINDOWS\system32\dcomp.dll
0x00007ffc6b890000 - 0x00007ffc6b984000 	C:\WINDOWS\system32\dxgi.dll
0x00007ffc649f0000 - 0x00007ffc64bf1000 	C:\WINDOWS\system32\twinapi.appcore.dll
0x00007ffc57ee0000 - 0x00007ffc57fd9000 	C:\WINDOWS\SYSTEM32\textinputframework.dll
0x00007ffc65e00000 - 0x00007ffc6615e000 	C:\WINDOWS\System32\CoreUIComponents.dll
0x00007ffc664e0000 - 0x00007ffc665d2000 	C:\WINDOWS\System32\CoreMessaging.dll
0x00007ffc6bdb0000 - 0x00007ffc6bde3000 	C:\WINDOWS\SYSTEM32\ntmarta.dll
0x00007ffc66b90000 - 0x00007ffc66ce4000 	C:\WINDOWS\SYSTEM32\wintypes.dll
0x00007ffc54b40000 - 0x00007ffc54b50000 	C:\Users\Hiep\.p2\pool\plugins\org.eclipse.justj.openjdk.hotspot.jre.full.win32.x86_64_15.0.2.v20210201-0955\jre\bin\verify.dll

dbghelp: loaded successfully - version: 4.0.5 - missing functions: none
symbol engine: initialized successfully - sym options: 0x614 - pdb path: .;C:\Users\Hiep\.p2\pool\plugins\org.eclipse.justj.openjdk.hotspot.jre.full.win32.x86_64_15.0.2.v20210201-0955\jre\bin;C:\WINDOWS\SYSTEM32;C:\WINDOWS\WinSxS\amd64_microsoft.windows.common-controls_6595b64144ccf1df_6.0.19041.844_none_ca00b6081b84eb1d;C:\Users\Hiep\.p2\pool\plugins\org.eclipse.justj.openjdk.hotspot.jre.full.win32.x86_64_15.0.2.v20210201-0955\jre\bin\server;C:\WINDOWS\WinSxS\amd64_microsoft.windows.common-controls_6595b64144ccf1df_5.82.19041.844_none_423537bff6b9828c;C:\WINDOWS\WinSxS\amd64_microsoft.windows.gdiplus_6595b64144ccf1df_1.1.19041.928_none_faefac437613c6cc

VM Arguments:
jvm_args: -Dfile.encoding=UTF-8 -XX:+ShowCodeDetailsInExceptionMessages 
java_command: test.project
java_class_path (initial): D:\TTH\app code\Visual Studio\Java\Java_Eclipse\OOProject\MainProject\bin;C:\Users\Hiep\.m2\repository\org\graphstream\gs-core\2.0\gs-core-2.0.jar;C:\Users\Hiep\.m2\repository\org\graphstream\pherd\1.0\pherd-1.0.jar;C:\Users\Hiep\.m2\repository\org\graphstream\mbox2\1.0\mbox2-1.0.jar
Launcher Type: SUN_STANDARD

[Global flags]
     intx CICompilerCount                          = 4                                         {product} {ergonomic}
     uint ConcGCThreads                            = 2                                         {product} {ergonomic}
     uint G1ConcRefinementThreads                  = 8                                         {product} {ergonomic}
   size_t G1HeapRegionSize                         = 1048576                                   {product} {ergonomic}
    uintx GCDrainStackTargetSize                   = 64                                        {product} {ergonomic}
   size_t InitialHeapSize                          = 134217728                                 {product} {ergonomic}
   size_t MarkStackSize                            = 4194304                                   {product} {ergonomic}
   size_t MaxHeapSize                              = 2116026368                                {product} {ergonomic}
   size_t MaxNewSize                               = 1268776960                                {product} {ergonomic}
   size_t MinHeapDeltaBytes                        = 1048576                                   {product} {ergonomic}
   size_t MinHeapSize                              = 8388608                                   {product} {ergonomic}
    uintx NonNMethodCodeHeapSize                   = 5839372                                {pd product} {ergonomic}
    uintx NonProfiledCodeHeapSize                  = 122909434                              {pd product} {ergonomic}
    uintx ProfiledCodeHeapSize                     = 122909434                              {pd product} {ergonomic}
    uintx ReservedCodeCacheSize                    = 251658240                              {pd product} {ergonomic}
     bool SegmentedCodeCache                       = true                                      {product} {ergonomic}
     bool ShowCodeDetailsInExceptionMessages       = true                                   {manageable} {command line}
   size_t SoftMaxHeapSize                          = 2116026368                             {manageable} {ergonomic}
     bool UseCompressedClassPointers               = true                                 {lp64_product} {ergonomic}
     bool UseCompressedOops                        = true                                 {lp64_product} {ergonomic}
     bool UseG1GC                                  = true                                      {product} {ergonomic}
     bool UseLargePagesIndividualAllocation        = false                                  {pd product} {ergonomic}

Logging:
Log output configuration:
 #0: stdout all=warning uptime,level,tags
 #1: stderr all=off uptime,level,tags

Environment Variables:
JAVA_HOME=C:\Program Files\Java\jdk-14\bin
PATH=C:/Users/Hiep/.p2/pool/plugins/org.eclipse.justj.openjdk.hotspot.jre.full.win32.x86_64_15.0.2.v20210201-0955/jre/bin/server;C:/Users/Hiep/.p2/pool/plugins/org.eclipse.justj.openjdk.hotspot.jre.full.win32.x86_64_15.0.2.v20210201-0955/jre/bin;C:\Program Files\Common Files\Oracle\Java\javapath;C:\Program Files\AdoptOpenJDK\jdk-11.0.10.9-hotspot;C:\Program Files (x86)\VMware\VMware Workstation\bin\;C:\ProgramData\Anaconda3;C:\ProgramData\Anaconda3\Library\mingw-w64\bin;C:\ProgramData\Anaconda3\Library\usr\bin;C:\ProgramData\Anaconda3\Library\bin;C:\ProgramData\Anaconda3\Scripts;C:\Program Files\Java\jdk-14\bin;C:\Program Files\Calibre2\;C:\Program Files\Microsoft Network Monitor 3\;C:\Program Files\mingw-w64\x86_64-8.1.0-posix-seh-rt_v6-rev0\mingw64\bin;C:\WINDOWS\system32\WindowsPowerShell\v1.0\powershell.exe;D:\Git\cmd;C:\Program Files\AdoptOpenJDK\jdk-11.0.10.9-hotspot\bin;;C:\WINDOWS\system32;C:\WINDOWS;C:\WINDOWS\System32\Wbem;C:\WINDOWS\System32\WindowsPowerShell\v1.0\;C:\WINDOWS\System32\OpenSSH\;C:\Users\Hiep\AppData\Local\Programs\Python\Python38-32\Scripts\;C:\Users\Hiep\AppData\Local\Programs\Python\Python38-32\;C:\Users\Hiep\AppData\Local\Microsoft\WindowsApps;C:\Users\Hiep\AppData\Local\Programs\Microsoft VS Code\bin;C:\Program Files (x86)\CodeBlocks\MinGW\bin;C:\Program Files\JetBrains\PyCharm 2020.2.3\bin;;;C:\Users\Hiep;
USERNAME=Hiep
OS=Windows_NT
PROCESSOR_IDENTIFIER=Intel64 Family 6 Model 142 Stepping 12, GenuineIntel



---------------  S Y S T E M  ---------------

OS:
 Windows 10 , 64 bit Build 19041 (10.0.19041.928)
OS uptime: 2 days 12:54 hours

CPU: total 8 (initial active 8) (4 cores per cpu, 2 threads per core) family 6 model 142 stepping 12 microcode 0xca, cmov, cx8, fxsr, mmx, sse, sse2, sse3, ssse3, sse4.1, sse4.2, popcnt, vzeroupper, avx, avx2, aes, clmul, erms, 3dnowpref, lzcnt, ht, tsc, tscinvbit, bmi1, bmi2, adx, fma, clflush, clflushopt

Memory: 4k page, system-wide physical 8068M (563M free)
TotalPageFile size 21492M (AvailPageFile size 25M)
current process WorkingSet (physical memory assigned to process): 164M, peak: 165M
current process commit charge ("private bytes"): 286M, peak: 294M

vm_info: OpenJDK 64-Bit Server VM (15.0.2+7-27) for windows-amd64 JRE (15.0.2+7-27), built on Dec  7 2020 20:02:38 by "mach5one" with unknown MS VC++:1925

END.
