#
# There is insufficient memory for the Java Runtime Environment to continue.
# Native memory allocation (malloc) failed to allocate 1420176 bytes for Chunk::new
# Possible reasons:
#   The system is out of physical RAM or swap space
#   The process is running with CompressedOops enabled, and the Java Heap may be blocking the growth of the native heap
# Possible solutions:
#   Reduce memory load on the system
#   Increase physical memory or swap space
#   Check if swap backing store is full
#   Decrease Java heap size (-Xmx/-Xms)
#   Decrease number of Java threads
#   Decrease Java thread stack sizes (-Xss)
#   Set larger code cache with -XX:ReservedCodeCacheSize=
#   JVM is running with Unscaled Compressed Oops mode in which the Java heap is
#     placed in the first 4GB address space. The Java Heap base address is the
#     maximum limit for the native heap growth. Please use -XX:HeapBaseMinAddress
#     to set the Java Heap base and to place the Java Heap above 4GB virtual address.
# This output file may be truncated or incomplete.
#
#  Out of Memory Error (./open/src/hotspot/share/memory/arena.cpp:195), pid=4316, tid=20284
#
# JRE version: OpenJDK Runtime Environment (15.0.2+7) (build 15.0.2+7-27)
# Java VM: OpenJDK 64-Bit Server VM (15.0.2+7-27, mixed mode, tiered, compressed oops, g1 gc, windows-amd64)
# No core dump will be written. Minidumps are not enabled by default on client versions of Windows
#

---------------  S U M M A R Y ------------

Command Line: -Dfile.encoding=UTF-8 -XX:+ShowCodeDetailsInExceptionMessages test.project

Host: Intel(R) Core(TM) i7-8565U CPU @ 1.80GHz, 8 cores, 7G,  Windows 10 , 64 bit Build 19041 (10.0.19041.928)
Time: Fri May 21 00:26:56 2021 SE Asia Standard Time elapsed time: 3744.710801 seconds (0d 1h 2m 24s)

---------------  T H R E A D  ---------------

Current thread (0x0000022c530e3c70):  JavaThread "C2 CompilerThread0" daemon [_thread_in_native, id=20284, stack(0x0000007250d00000,0x0000007250e00000)]


Current CompileTask:
C2:3744710 3075   !   4       sun.awt.PostEventQueue::flush (168 bytes)

Stack: [0x0000007250d00000,0x0000007250e00000]
Native frames: (J=compiled Java code, j=interpreted, Vv=VM code, C=native code)
V  [jvm.dll+0x62ae9a]
V  [jvm.dll+0x7817a9]
V  [jvm.dll+0x782f03]
V  [jvm.dll+0x783563]
V  [jvm.dll+0x216325]
V  [jvm.dll+0x97f3a]
V  [jvm.dll+0x9861c]
V  [jvm.dll+0x32e2a8]
V  [jvm.dll+0x2f768a]
V  [jvm.dll+0x2f6a4a]
V  [jvm.dll+0x1ea705]
V  [jvm.dll+0x1e996e]
V  [jvm.dll+0x178567]
V  [jvm.dll+0x1f9225]
V  [jvm.dll+0x1f72cc]
V  [jvm.dll+0x74495d]
V  [jvm.dll+0x73d75a]
V  [jvm.dll+0x629c56]
C  [ucrtbase.dll+0x21bb2]
C  [KERNEL32.DLL+0x17034]
C  [ntdll.dll+0x52651]


---------------  P R O C E S S  ---------------

Threads class SMR info:
_java_thread_list=0x0000022c5682ae50, length=18, elements={
0x0000022c528d5440, 0x0000022c528d5d00, 0x0000022c53123000, 0x0000022c531238c0,
0x0000022c53124490, 0x0000022c530e3c70, 0x0000022c530e4670, 0x0000022c53135d10,
0x0000022c532c7b00, 0x0000022c532fe720, 0x0000022c538bd320, 0x0000022c538d2010,
0x0000022c538d4fa0, 0x0000022c53927020, 0x0000022c385e8d20, 0x0000022c53b68020,
0x0000022c55caeb30, 0x0000022c57245460
}

Java Threads: ( => current thread )
  0x0000022c528d5440 JavaThread "Reference Handler" daemon [_thread_blocked, id=17316, stack(0x0000007250800000,0x0000007250900000)]
  0x0000022c528d5d00 JavaThread "Finalizer" daemon [_thread_blocked, id=5700, stack(0x0000007250900000,0x0000007250a00000)]
  0x0000022c53123000 JavaThread "Signal Dispatcher" daemon [_thread_blocked, id=2684, stack(0x0000007250a00000,0x0000007250b00000)]
  0x0000022c531238c0 JavaThread "Attach Listener" daemon [_thread_blocked, id=12504, stack(0x0000007250b00000,0x0000007250c00000)]
  0x0000022c53124490 JavaThread "Service Thread" daemon [_thread_blocked, id=18632, stack(0x0000007250c00000,0x0000007250d00000)]
=>0x0000022c530e3c70 JavaThread "C2 CompilerThread0" daemon [_thread_in_native, id=20284, stack(0x0000007250d00000,0x0000007250e00000)]
  0x0000022c530e4670 JavaThread "C1 CompilerThread0" daemon [_thread_blocked, id=10188, stack(0x0000007250e00000,0x0000007250f00000)]
  0x0000022c53135d10 JavaThread "Sweeper thread" daemon [_thread_blocked, id=12892, stack(0x0000007250f00000,0x0000007251000000)]
  0x0000022c532c7b00 JavaThread "Notification Thread" daemon [_thread_blocked, id=14744, stack(0x0000007251000000,0x0000007251100000)]
  0x0000022c532fe720 JavaThread "Common-Cleaner" daemon [_thread_blocked, id=14548, stack(0x0000007251200000,0x0000007251300000)]
  0x0000022c538bd320 JavaThread "Java2D Disposer" daemon [_thread_blocked, id=18824, stack(0x0000007251300000,0x0000007251400000)]
  0x0000022c538d2010 JavaThread "AWT-Shutdown" [_thread_blocked, id=12720, stack(0x0000007251400000,0x0000007251500000)]
  0x0000022c538d4fa0 JavaThread "AWT-Windows" daemon [_thread_in_native, id=10524, stack(0x0000007251500000,0x0000007251600000)]
  0x0000022c53927020 JavaThread "AWT-EventQueue-0" [_thread_blocked, id=17932, stack(0x0000007251600000,0x0000007251700000)]
  0x0000022c385e8d20 JavaThread "DestroyJavaVM" [_thread_blocked, id=15408, stack(0x0000007250100000,0x0000007250200000)]
  0x0000022c53b68020 JavaThread "Swing-Shell" daemon [_thread_blocked, id=15256, stack(0x0000007251800000,0x0000007251900000)]
  0x0000022c55caeb30 JavaThread "TimerQueue" daemon [_thread_blocked, id=21200, stack(0x0000007251e00000,0x0000007251f00000)]
  0x0000022c57245460 JavaThread "Thread-0" [_thread_blocked, id=19484, stack(0x0000007252300000,0x0000007252400000)]

Other Threads:
  0x0000022c528bef20 VMThread "VM Thread" [stack: 0x0000007250700000,0x0000007250800000] [id=7236]
  0x0000022c532c9fe0 WatcherThread [stack: 0x0000007251100000,0x0000007251200000] [id=2736]
  0x0000022c386229b0 GCTaskThread "GC Thread#0" [stack: 0x0000007250200000,0x0000007250300000] [id=13004]
  0x0000022c539c7370 GCTaskThread "GC Thread#1" [stack: 0x0000007251d00000,0x0000007251e00000] [id=6776]
  0x0000022c539c7d00 GCTaskThread "GC Thread#2" [stack: 0x0000007251f00000,0x0000007252000000] [id=20156]
  0x0000022c539c79d0 GCTaskThread "GC Thread#3" [stack: 0x0000007252000000,0x0000007252100000] [id=13036]
  0x0000022c539c76a0 GCTaskThread "GC Thread#4" [stack: 0x0000007252100000,0x0000007252200000] [id=16284]
  0x0000022c539c8030 GCTaskThread "GC Thread#5" [stack: 0x0000007252200000,0x0000007252300000] [id=19924]
  0x0000022c539c5060 GCTaskThread "GC Thread#6" [stack: 0x0000007252400000,0x0000007252500000] [id=11444]
  0x0000022c539c56c0 GCTaskThread "GC Thread#7" [stack: 0x0000007252500000,0x0000007252600000] [id=10292]
  0x0000022c386337d0 ConcurrentGCThread "G1 Main Marker" [stack: 0x0000007250300000,0x0000007250400000] [id=4136]
  0x0000022c38635b00 ConcurrentGCThread "G1 Conc#0" [stack: 0x0000007250400000,0x0000007250500000] [id=13940]
  0x0000022c539c59f0 ConcurrentGCThread "G1 Conc#1" [stack: 0x0000007252600000,0x0000007252700000] [id=17448]
  0x0000022c386b29d0 ConcurrentGCThread "G1 Refine#0" [stack: 0x0000007250500000,0x0000007250600000] [id=14988]
  0x0000022c386b34e0 ConcurrentGCThread "G1 Young RemSet Sampling" [stack: 0x0000007250600000,0x0000007250700000] [id=21204]

Threads with active compile tasks:
C2 CompilerThread0  3744745 3075   !   4       sun.awt.PostEventQueue::flush (168 bytes)

VM state: not at safepoint (normal execution)

VM Mutex/Monitor currently owned by a thread: None

Heap address: 0x0000000081e00000, size: 2018 MB, Compressed Oops mode: 32-bit
CDS disabled.
Compressed class space mapped at: 0x0000000100000000-0x0000000140000000, size: 1073741824
Narrow klass base: 0x0000000000000000, Narrow klass shift: 3, Narrow klass range: 0x140000000

GC Precious Log:
 CPUs: 8 total, 8 available
 Memory: 8068M
 Large Page Support: Disabled
 NUMA Support: Disabled
 Compressed Oops: Enabled (32-bit)
 Heap Region Size: 1M
 Heap Min Capacity: 8M
 Heap Initial Capacity: 128M
 Heap Max Capacity: 2018M
 Pre-touch: Disabled
 Parallel Workers: 8
 Concurrent Workers: 2
 Concurrent Refinement Workers: 8
 Periodic GC: Disabled

Heap:
 garbage-first heap   total 65536K, used 36913K [0x0000000081e00000, 0x0000000100000000)
  region size 1024K, 23 young (23552K), 2 survivors (2048K)
 Metaspace       used 22986K, capacity 23219K, committed 23424K, reserved 1071104K
  class space    used 2331K, capacity 2418K, committed 2432K, reserved 1048576K

Heap Regions: E=young(eden), S=young(survivor), O=old, HS=humongous(starts), HC=humongous(continues), CS=collection set, F=free, OA=open archive, CA=closed archive, TAMS=top-at-mark-start (previous, next)
|   0|0x0000000081e00000, 0x0000000081f00000, 0x0000000081f00000|100%|HS|  |TAMS 0x0000000081f00000, 0x0000000081e00000| Complete 
|   1|0x0000000081f00000, 0x0000000082000000, 0x0000000082000000|100%|HC|  |TAMS 0x0000000082000000, 0x0000000081f00000| Complete 
|   2|0x0000000082000000, 0x0000000082100000, 0x0000000082100000|100%|HC|  |TAMS 0x0000000082100000, 0x0000000082000000| Complete 
|   3|0x0000000082100000, 0x0000000082200000, 0x0000000082200000|100%|HS|  |TAMS 0x0000000082200000, 0x0000000082100000| Complete 
|   4|0x0000000082200000, 0x0000000082300000, 0x0000000082300000|100%|HC|  |TAMS 0x0000000082300000, 0x0000000082200000| Complete 
|   5|0x0000000082300000, 0x0000000082400000, 0x0000000082400000|100%|HC|  |TAMS 0x0000000082400000, 0x0000000082300000| Complete 
|   6|0x0000000082400000, 0x0000000082500000, 0x0000000082500000|100%|HC|  |TAMS 0x0000000082500000, 0x0000000082400000| Complete 
|   7|0x0000000082500000, 0x0000000082600000, 0x0000000082600000|100%|HC|  |TAMS 0x0000000082600000, 0x0000000082500000| Complete 
|   8|0x0000000082600000, 0x0000000082700000, 0x0000000082700000|100%|HC|  |TAMS 0x0000000082700000, 0x0000000082600000| Complete 
|   9|0x0000000082700000, 0x0000000082800000, 0x0000000082800000|100%|HC|  |TAMS 0x0000000082800000, 0x0000000082700000| Complete 
|  10|0x0000000082800000, 0x0000000082900000, 0x0000000082900000|100%|HC|  |TAMS 0x0000000082900000, 0x0000000082800000| Complete 
|  11|0x0000000082900000, 0x0000000082a00000, 0x0000000082a00000|100%| O|  |TAMS 0x00000000829b2200, 0x0000000082900000| Untracked 
|  12|0x0000000082a00000, 0x0000000082b00000, 0x0000000082b00000|100%| O|  |TAMS 0x0000000082a00000, 0x0000000082a00000| Untracked 
|  13|0x0000000082b00000, 0x0000000082c00000, 0x0000000082c00000|100%| O|  |TAMS 0x0000000082b00000, 0x0000000082b00000| Untracked 
|  14|0x0000000082c00000, 0x0000000082ca8e00, 0x0000000082d00000| 65%| O|  |TAMS 0x0000000082c00000, 0x0000000082c00000| Untracked 
|  15|0x0000000082d00000, 0x0000000082d00000, 0x0000000082e00000|  0%| F|  |TAMS 0x0000000082d00000, 0x0000000082d00000| Untracked 
|  16|0x0000000082e00000, 0x0000000082e00000, 0x0000000082f00000|  0%| F|  |TAMS 0x0000000082e00000, 0x0000000082e00000| Untracked 
|  17|0x0000000082f00000, 0x0000000082f00000, 0x0000000083000000|  0%| F|  |TAMS 0x0000000082f00000, 0x0000000082f00000| Untracked 
|  18|0x0000000083000000, 0x0000000083000000, 0x0000000083100000|  0%| F|  |TAMS 0x0000000083000000, 0x0000000083000000| Untracked 
|  19|0x0000000083100000, 0x0000000083100000, 0x0000000083200000|  0%| F|  |TAMS 0x0000000083100000, 0x0000000083100000| Untracked 
|  20|0x0000000083200000, 0x0000000083200000, 0x0000000083300000|  0%| F|  |TAMS 0x0000000083200000, 0x0000000083200000| Untracked 
|  21|0x0000000083300000, 0x0000000083300000, 0x0000000083400000|  0%| F|  |TAMS 0x0000000083300000, 0x0000000083300000| Untracked 
|  22|0x0000000083400000, 0x0000000083400000, 0x0000000083500000|  0%| F|  |TAMS 0x0000000083400000, 0x0000000083400000| Untracked 
|  23|0x0000000083500000, 0x0000000083500000, 0x0000000083600000|  0%| F|  |TAMS 0x0000000083500000, 0x0000000083500000| Untracked 
|  24|0x0000000083600000, 0x00000000836637a0, 0x0000000083700000| 38%| S|CS|TAMS 0x0000000083600000, 0x0000000083600000| Complete 
|  25|0x0000000083700000, 0x0000000083800000, 0x0000000083800000|100%| S|CS|TAMS 0x0000000083700000, 0x0000000083700000| Complete 
|  26|0x0000000083800000, 0x0000000083800000, 0x0000000083900000|  0%| F|  |TAMS 0x0000000083800000, 0x0000000083800000| Untracked 
|  27|0x0000000083900000, 0x0000000083900000, 0x0000000083a00000|  0%| F|  |TAMS 0x0000000083900000, 0x0000000083900000| Untracked 
|  28|0x0000000083a00000, 0x0000000083a00000, 0x0000000083b00000|  0%| F|  |TAMS 0x0000000083a00000, 0x0000000083a00000| Untracked 
|  29|0x0000000083b00000, 0x0000000083b00000, 0x0000000083c00000|  0%| F|  |TAMS 0x0000000083b00000, 0x0000000083b00000| Untracked 
|  30|0x0000000083c00000, 0x0000000083c00000, 0x0000000083d00000|  0%| F|  |TAMS 0x0000000083c00000, 0x0000000083c00000| Untracked 
|  31|0x0000000083d00000, 0x0000000083d00000, 0x0000000083e00000|  0%| F|  |TAMS 0x0000000083d00000, 0x0000000083d00000| Untracked 
|  32|0x0000000083e00000, 0x0000000083e00000, 0x0000000083f00000|  0%| F|  |TAMS 0x0000000083e00000, 0x0000000083e00000| Untracked 
|  33|0x0000000083f00000, 0x0000000083f00000, 0x0000000084000000|  0%| F|  |TAMS 0x0000000083f00000, 0x0000000083f00000| Untracked 
|  34|0x0000000084000000, 0x0000000084000000, 0x0000000084100000|  0%| F|  |TAMS 0x0000000084000000, 0x0000000084000000| Untracked 
|  35|0x0000000084100000, 0x0000000084100000, 0x0000000084200000|  0%| F|  |TAMS 0x0000000084100000, 0x0000000084100000| Untracked 
|  36|0x0000000084200000, 0x0000000084200000, 0x0000000084300000|  0%| F|  |TAMS 0x0000000084200000, 0x0000000084200000| Untracked 
|  37|0x0000000084300000, 0x0000000084300000, 0x0000000084400000|  0%| F|  |TAMS 0x0000000084300000, 0x0000000084300000| Untracked 
|  38|0x0000000084400000, 0x0000000084400000, 0x0000000084500000|  0%| F|  |TAMS 0x0000000084400000, 0x0000000084400000| Untracked 
|  39|0x0000000084500000, 0x0000000084500000, 0x0000000084600000|  0%| F|  |TAMS 0x0000000084500000, 0x0000000084500000| Untracked 
|  40|0x0000000084600000, 0x0000000084600000, 0x0000000084700000|  0%| F|  |TAMS 0x0000000084600000, 0x0000000084600000| Untracked 
|  41|0x0000000084700000, 0x0000000084700000, 0x0000000084800000|  0%| F|  |TAMS 0x0000000084700000, 0x0000000084700000| Untracked 
|  42|0x0000000084800000, 0x0000000084800000, 0x0000000084900000|  0%| F|  |TAMS 0x0000000084800000, 0x0000000084800000| Untracked 
|  43|0x0000000084900000, 0x00000000849faa88, 0x0000000084a00000| 97%| E|  |TAMS 0x0000000084900000, 0x0000000084900000| Complete 
|  44|0x0000000084a00000, 0x0000000084b00000, 0x0000000084b00000|100%| E|CS|TAMS 0x0000000084a00000, 0x0000000084a00000| Complete 
|  45|0x0000000084b00000, 0x0000000084c00000, 0x0000000084c00000|100%| E|CS|TAMS 0x0000000084b00000, 0x0000000084b00000| Complete 
|  46|0x0000000084c00000, 0x0000000084d00000, 0x0000000084d00000|100%| E|CS|TAMS 0x0000000084c00000, 0x0000000084c00000| Complete 
|  47|0x0000000084d00000, 0x0000000084e00000, 0x0000000084e00000|100%| E|CS|TAMS 0x0000000084d00000, 0x0000000084d00000| Complete 
|  48|0x0000000084e00000, 0x0000000084f00000, 0x0000000084f00000|100%| E|CS|TAMS 0x0000000084e00000, 0x0000000084e00000| Complete 
|  49|0x0000000084f00000, 0x0000000085000000, 0x0000000085000000|100%| E|CS|TAMS 0x0000000084f00000, 0x0000000084f00000| Complete 
|  50|0x0000000085000000, 0x0000000085100000, 0x0000000085100000|100%| E|CS|TAMS 0x0000000085000000, 0x0000000085000000| Complete 
|  51|0x0000000085100000, 0x0000000085200000, 0x0000000085200000|100%| E|CS|TAMS 0x0000000085100000, 0x0000000085100000| Complete 
|  52|0x0000000085200000, 0x0000000085300000, 0x0000000085300000|100%| E|CS|TAMS 0x0000000085200000, 0x0000000085200000| Complete 
|  53|0x0000000085300000, 0x0000000085400000, 0x0000000085400000|100%| E|CS|TAMS 0x0000000085300000, 0x0000000085300000| Complete 
|  54|0x0000000085400000, 0x0000000085500000, 0x0000000085500000|100%| E|CS|TAMS 0x0000000085400000, 0x0000000085400000| Complete 
|  55|0x0000000085500000, 0x0000000085600000, 0x0000000085600000|100%| E|CS|TAMS 0x0000000085500000, 0x0000000085500000| Complete 
|  56|0x0000000085600000, 0x0000000085700000, 0x0000000085700000|100%| E|CS|TAMS 0x0000000085600000, 0x0000000085600000| Complete 
|  57|0x0000000085700000, 0x0000000085800000, 0x0000000085800000|100%| E|CS|TAMS 0x0000000085700000, 0x0000000085700000| Complete 
|  58|0x0000000085800000, 0x0000000085900000, 0x0000000085900000|100%| E|CS|TAMS 0x0000000085800000, 0x0000000085800000| Complete 
|  59|0x0000000085900000, 0x0000000085a00000, 0x0000000085a00000|100%| E|CS|TAMS 0x0000000085900000, 0x0000000085900000| Complete 
| 117|0x0000000089300000, 0x0000000089400000, 0x0000000089400000|100%| E|CS|TAMS 0x0000000089300000, 0x0000000089300000| Complete 
| 118|0x0000000089400000, 0x0000000089500000, 0x0000000089500000|100%| E|CS|TAMS 0x0000000089400000, 0x0000000089400000| Complete 
| 126|0x0000000089c00000, 0x0000000089d00000, 0x0000000089d00000|100%| E|CS|TAMS 0x0000000089c00000, 0x0000000089c00000| Complete 
| 127|0x0000000089d00000, 0x0000000089e00000, 0x0000000089e00000|100%| E|CS|TAMS 0x0000000089d00000, 0x0000000089d00000| Complete 

Card table byte_map: [0x0000022c4b730000,0x0000022c4bb30000] _byte_map_base: 0x0000022c4b321000

Marking Bits (Prev, Next): (CMBitMap*) 0x0000022c38623170, (CMBitMap*) 0x0000022c38623130
 Prev Bits: [0x0000022c4dec0000, 0x0000022c4fe48000)
 Next Bits: [0x0000022c4bf30000, 0x0000022c4deb8000)

Polling page: 0x0000022c36580000

Metaspace:

Usage:
  Non-class:     20.31 MB capacity,    20.17 MB (>99%) used,   119.76 KB ( <1%) free+waste,    26.94 KB ( <1%) overhead. 
      Class:      2.36 MB capacity,     2.28 MB ( 96%) used,    77.30 KB (  3%) free+waste,     8.75 KB ( <1%) overhead. 
       Both:     22.67 MB capacity,    22.45 MB ( 99%) used,   197.06 KB ( <1%) free+waste,    35.69 KB ( <1%) overhead. 

Virtual space:
  Non-class space:       22.00 MB reserved,      20.50 MB ( 93%) committed 
      Class space:        1.00 GB reserved,       2.38 MB ( <1%) committed 
             Both:        1.02 GB reserved,      22.88 MB (  2%) committed 

Chunk freelists:
   Non-Class:  0 bytes
       Class:  14.00 KB
        Both:  14.00 KB

MaxMetaspaceSize: 17179869184.00 GB
CompressedClassSpaceSize: 1.00 GB

CodeHeap 'non-profiled nmethods': size=120000Kb used=1207Kb max_used=1207Kb free=118792Kb
 bounds [0x0000022c43ad0000, 0x0000022c43d40000, 0x0000022c4b000000]
CodeHeap 'profiled nmethods': size=120000Kb used=5831Kb max_used=5831Kb free=114169Kb
 bounds [0x0000022c3c5a0000, 0x0000022c3cb60000, 0x0000022c43ad0000]
CodeHeap 'non-nmethods': size=5760Kb used=1362Kb max_used=1430Kb free=4397Kb
 bounds [0x0000022c3c000000, 0x0000022c3c270000, 0x0000022c3c5a0000]
 total_blobs=3747 nmethods=3072 adapters=587
 compilation: enabled
              stopped_count=0, restarted_count=0
 full_count=0

Compilation events (20 events):
Event: 3670.793 Thread 0x0000022c530e4670 nmethod 3065 0x0000022c3cb4ef10 code [0x0000022c3cb4f160, 0x0000022c3cb4f928]
Event: 3670.833 Thread 0x0000022c530e3c70 3066       4       java.awt.EventQueue::getPriority (78 bytes)
Event: 3670.835 Thread 0x0000022c530e3c70 nmethod 3066 0x0000022c43bf2490 code [0x0000022c43bf2600, 0x0000022c43bf26b8]
Event: 3670.926 Thread 0x0000022c530e4670 3067       3       javax.swing.Timer::post (36 bytes)
Event: 3670.932 Thread 0x0000022c530e4670 nmethod 3067 0x0000022c3cb4fc10 code [0x0000022c3cb4ff00, 0x0000022c3cb50e38]
Event: 3670.973 Thread 0x0000022c530e4670 3069       2       javax.swing.Timer::getAccessControlContext (22 bytes)
Event: 3670.973 Thread 0x0000022c530e3c70 3068       4       javax.swing.Timer$1::<init> (10 bytes)
Event: 3670.973 Thread 0x0000022c530e4670 nmethod 3069 0x0000022c3cb51410 code [0x0000022c3cb515c0, 0x0000022c3cb51788]
Event: 3670.973 Thread 0x0000022c530e4670 3071       2       javax.swing.Timer$1::run (12 bytes)
Event: 3670.973 Thread 0x0000022c530e4670 nmethod 3071 0x0000022c3cb51890 code [0x0000022c3cb51a40, 0x0000022c3cb51b68]
Event: 3670.974 Thread 0x0000022c530e3c70 nmethod 3068 0x0000022c43bf2790 code [0x0000022c43bf2900, 0x0000022c43bf2a38]
Event: 3670.974 Thread 0x0000022c530e3c70 3070       4       javax.swing.Timer$1::run (5 bytes)
Event: 3671.178 Thread 0x0000022c530e3c70 nmethod 3070 0x0000022c43bf2a90 code [0x0000022c43bf2f80, 0x0000022c43bf97a0]
Event: 3674.441 Thread 0x0000022c530e3c70 3072       4       java.awt.EventQueue::cacheEQItem (60 bytes)
Event: 3674.446 Thread 0x0000022c530e3c70 nmethod 3072 0x0000022c43bfbf90 code [0x0000022c43bfc120, 0x0000022c43bfc5b8]
Event: 3684.221 Thread 0x0000022c530e3c70 3073       4       java.util.concurrent.locks.AbstractQueuedSynchronizer$ConditionObject::doSignal (54 bytes)
Event: 3684.227 Thread 0x0000022c530e3c70 nmethod 3073 0x0000022c43bfc810 code [0x0000022c43bfc9a0, 0x0000022c43bfcf98]
Event: 3684.271 Thread 0x0000022c530e3c70 3074   !   4       sun.awt.AWTAutoShutdown::notifyThreadBusy (88 bytes)
Event: 3684.277 Thread 0x0000022c530e3c70 nmethod 3074 0x0000022c43bfd190 code [0x0000022c43bfd360, 0x0000022c43bfdaf0]
Event: 3744.532 Thread 0x0000022c530e3c70 3075   !   4       sun.awt.PostEventQueue::flush (168 bytes)

GC Heap History (6 events):
Event: 1.777 GC heap before
{Heap before GC invocations=0 (full 0):
 garbage-first heap   total 131072K, used 34816K [0x0000000081e00000, 0x0000000100000000)
  region size 1024K, 23 young (23552K), 0 survivors (0K)
 Metaspace       used 17629K, capacity 17763K, committed 17920K, reserved 1064960K
  class space    used 1866K, capacity 1923K, committed 2048K, reserved 1048576K
}
Event: 1.784 GC heap after
{Heap after GC invocations=1 (full 0):
 garbage-first heap   total 131072K, used 15048K [0x0000000081e00000, 0x0000000100000000)
  region size 1024K, 3 young (3072K), 3 survivors (3072K)
 Metaspace       used 17629K, capacity 17763K, committed 17920K, reserved 1064960K
  class space    used 1866K, capacity 1923K, committed 2048K, reserved 1048576K
}
Event: 3.585 GC heap before
{Heap before GC invocations=1 (full 0):
 garbage-first heap   total 131072K, used 23240K [0x0000000081e00000, 0x0000000100000000)
  region size 1024K, 12 young (12288K), 3 survivors (3072K)
 Metaspace       used 21082K, capacity 21217K, committed 21248K, reserved 1069056K
  class space    used 2237K, capacity 2285K, committed 2304K, reserved 1048576K
}
Event: 3.593 GC heap after
{Heap after GC invocations=2 (full 0):
 garbage-first heap   total 131072K, used 16275K [0x0000000081e00000, 0x0000000100000000)
  region size 1024K, 2 young (2048K), 2 survivors (2048K)
 Metaspace       used 21082K, capacity 21217K, committed 21248K, reserved 1069056K
  class space    used 2237K, capacity 2285K, committed 2304K, reserved 1048576K
}
Event: 1926.943 GC heap before
{Heap before GC invocations=3 (full 0):
 garbage-first heap   total 65536K, used 53139K [0x0000000081e00000, 0x0000000100000000)
  region size 1024K, 38 young (38912K), 2 survivors (2048K)
 Metaspace       used 22960K, capacity 23120K, committed 23168K, reserved 1071104K
  class space    used 2328K, capacity 2385K, committed 2432K, reserved 1048576K
}
Event: 1926.956 GC heap after
{Heap after GC invocations=4 (full 0):
 garbage-first heap   total 65536K, used 16433K [0x0000000081e00000, 0x0000000100000000)
  region size 1024K, 2 young (2048K), 2 survivors (2048K)
 Metaspace       used 22960K, capacity 23120K, committed 23168K, reserved 1071104K
  class space    used 2328K, capacity 2385K, committed 2432K, reserved 1048576K
}

Deoptimization events (20 events):
Event: 3178.284 Thread 0x0000022c53927020 DEOPT PACKING pc=0x0000022c3cb4461d sp=0x00000072516ff070
Event: 3178.287 Thread 0x0000022c53927020 DEOPT UNPACKING pc=0x0000022c3c04e23f sp=0x00000072516fe588 mode 0
Event: 3223.550 Thread 0x0000022c55caeb30 DEOPT PACKING pc=0x0000022c3cb46856 sp=0x0000007251eff160
Event: 3223.551 Thread 0x0000022c55caeb30 DEOPT UNPACKING pc=0x0000022c3c04e23f sp=0x0000007251efe700 mode 0
Event: 3568.886 Thread 0x0000022c53927020 DEOPT PACKING pc=0x0000022c3cb4461d sp=0x00000072516ff070
Event: 3568.888 Thread 0x0000022c53927020 DEOPT UNPACKING pc=0x0000022c3c04e23f sp=0x00000072516fe588 mode 0
Event: 3612.153 Thread 0x0000022c55caeb30 DEOPT PACKING pc=0x0000022c3cb46856 sp=0x0000007251eff160
Event: 3612.153 Thread 0x0000022c55caeb30 DEOPT UNPACKING pc=0x0000022c3c04e23f sp=0x0000007251efe700 mode 0
Event: 3664.535 Thread 0x0000022c55caeb30 Uncommon trap: trap_request=0xffffff45 fr.pc=0x0000022c43bef7e8 relative=0x0000000000000548
Event: 3664.535 Thread 0x0000022c55caeb30 Uncommon trap: reason=unstable_if action=reinterpret pc=0x0000022c43bef7e8 method=javax.swing.Timer.post()V @ 9 c2
Event: 3664.538 Thread 0x0000022c55caeb30 DEOPT PACKING pc=0x0000022c43bef7e8 sp=0x0000007251eff0f0
Event: 3664.572 Thread 0x0000022c55caeb30 DEOPT UNPACKING pc=0x0000022c3c04e42f sp=0x0000007251eff0c8 mode 2
Event: 3664.697 Thread 0x0000022c53927020 Uncommon trap: trap_request=0xffffff45 fr.pc=0x0000022c43bcbfa0 relative=0x0000000000003d20
Event: 3664.697 Thread 0x0000022c53927020 Uncommon trap: reason=unstable_if action=reinterpret pc=0x0000022c43bcbfa0 method=java.awt.EventQueue.coalesceEvent(Ljava/awt/AWTEvent;I)Z @ 16 c2
Event: 3664.699 Thread 0x0000022c53927020 DEOPT PACKING pc=0x0000022c43bcbfa0 sp=0x00000072516feb00
Event: 3664.700 Thread 0x0000022c53927020 DEOPT UNPACKING pc=0x0000022c3c04e42f sp=0x00000072516fe948 mode 2
Event: 3664.730 Thread 0x0000022c53927020 Uncommon trap: trap_request=0xffffff45 fr.pc=0x0000022c43bdd184 relative=0x00000000000019a4
Event: 3664.730 Thread 0x0000022c53927020 Uncommon trap: reason=unstable_if action=reinterpret pc=0x0000022c43bdd184 method=java.awt.EventQueue.coalesceEvent(Ljava/awt/AWTEvent;I)Z @ 16 c2
Event: 3664.730 Thread 0x0000022c53927020 DEOPT PACKING pc=0x0000022c43bdd184 sp=0x00000072516fea20
Event: 3664.730 Thread 0x0000022c53927020 DEOPT UNPACKING pc=0x0000022c3c04e42f sp=0x00000072516fe920 mode 2

Classes unloaded (0 events):
No events

Classes redefined (0 events):
No events

Internal exceptions (20 events):
Event: 0.135 Thread 0x0000022c385e8d20 Exception <a 'java/lang/NoSuchMethodError'{0x0000000089c51258}: 'void java.lang.invoke.DirectMethodHandle$Holder.invokeSpecial(java.lang.Object, java.lang.Object, java.lang.Object)'> (0x0000000089c51258) 
thrown [./open/src/hotspot/share/interpreter/linkResolver.cpp, line 782]
Event: 0.156 Thread 0x0000022c385e8d20 Exception <a 'java/lang/ClassNotFoundException'{0x0000000089c72580}: sun/awt/resources/spi/awtProvider> (0x0000000089c72580) 
thrown [./open/src/hotspot/share/classfile/systemDictionary.cpp, line 295]
Event: 0.180 Thread 0x0000022c385e8d20 Exception <a 'java/io/FileNotFoundException'{0x0000000089cce898}> (0x0000000089cce898) 
thrown [./open/src/hotspot/share/prims/jni.cpp, line 578]
Event: 0.186 Thread 0x0000022c385e8d20 Exception <a 'java/io/FileNotFoundException'{0x0000000089cfd710}> (0x0000000089cfd710) 
thrown [./open/src/hotspot/share/prims/jni.cpp, line 578]
Event: 0.186 Thread 0x0000022c385e8d20 Exception <a 'java/lang/NoSuchMethodError'{0x0000000089cfea48}: 'java.lang.Object java.lang.invoke.DirectMethodHandle$Holder.invokeStatic(java.lang.Object)'> (0x0000000089cfea48) 
thrown [./open/src/hotspot/share/interpreter/linkResolver.cpp, line 782]
Event: 0.233 Thread 0x0000022c385e8d20 Exception <a 'java/lang/NoSuchMethodError'{0x0000000089b48a80}: 'java.lang.Object java.lang.invoke.DirectMethodHandle$Holder.invokeStaticInit(java.lang.Object)'> (0x0000000089b48a80) 
thrown [./open/src/hotspot/share/interpreter/linkResolver.cpp, line 782]
Event: 0.268 Thread 0x0000022c385e8d20 Exception <a 'java/lang/NoSuchMethodError'{0x0000000089a30ec8}: 'java.lang.Object java.lang.invoke.DirectMethodHandle$Holder.newInvokeSpecial(java.lang.Object, java.lang.Object, java.lang.Object, java.lang.Object, java.lang.Object)'> (0x0000000089a30ec8) 
thrown [./open/src/hotspot/share/interpreter/linkResolver.cpp, line 782]
Event: 0.269 Thread 0x0000022c385e8d20 Exception <a 'java/lang/NoSuchMethodError'{0x0000000089a3c958}: 'java.lang.Object java.lang.invoke.DirectMethodHandle$Holder.invokeStatic(java.lang.Object, int, java.lang.Object, java.lang.Object, java.lang.Object, java.lang.Object)'> (0x0000000089a3c958) 
thrown [./open/src/hotspot/share/interpreter/linkResolver.cpp, line 782]
Event: 0.272 Thread 0x0000022c385e8d20 Exception <a 'java/lang/NoSuchMethodError'{0x0000000089a62c00}: 'java.lang.Object java.lang.invoke.DirectMethodHandle$Holder.invokeStatic(java.lang.Object, int, java.lang.Object)'> (0x0000000089a62c00) 
thrown [./open/src/hotspot/share/interpreter/linkResolver.cpp, line 782]
Event: 0.287 Thread 0x0000022c385e8d20 Exception <a 'java/lang/ClassNotFoundException'{0x000000008991b688}: com/sun/swing/internal/plaf/metal/resources/spi/metalProvider> (0x000000008991b688) 
thrown [./open/src/hotspot/share/classfile/systemDictionary.cpp, line 295]
Event: 0.288 Thread 0x0000022c385e8d20 Exception <a 'java/lang/ClassNotFoundException'{0x000000008991f710}: com/sun/swing/internal/plaf/basic/resources/spi/basicProvider> (0x000000008991f710) 
thrown [./open/src/hotspot/share/classfile/systemDictionary.cpp, line 295]
Event: 0.353 Thread 0x0000022c53927020 Exception <a 'java/lang/NoSuchMethodError'{0x00000000896327d0}: 'void java.lang.invoke.DirectMethodHandle$Holder.invokeStatic(java.lang.Object, java.lang.Object, java.lang.Object)'> (0x00000000896327d0) 
thrown [./open/src/hotspot/share/interpreter/linkResolver.cpp, line 782]
Event: 0.354 Thread 0x0000022c53927020 Exception <a 'java/lang/NoSuchMethodError'{0x00000000896391e0}: 'void java.lang.invoke.DirectMethodHandle$Holder.invokeStatic(java.lang.Object, java.lang.Object)'> (0x00000000896391e0) 
thrown [./open/src/hotspot/share/interpreter/linkResolver.cpp, line 782]
Event: 0.361 Thread 0x0000022c5396b620 Exception <a 'java/lang/NoSuchMethodError'{0x0000000089686b08}: 'java.lang.Object java.lang.invoke.DirectMethodHandle$Holder.newInvokeSpecial(java.lang.Object, java.lang.Object, java.lang.Object, int, int, int, int, int)'> (0x0000000089686b08) 
thrown [./open/src/hotspot/share/interpreter/linkResolver.cpp, line 782]
Event: 0.606 Thread 0x0000022c53927020 Exception <a 'java/lang/NoSuchMethodError'{0x0000000089424900}: 'void java.lang.invoke.DirectMethodHandle$Holder.invokeStaticInit(java.lang.Object)'> (0x0000000089424900) 
thrown [./open/src/hotspot/share/interpreter/linkResolver.cpp, line 782]
Event: 2.035 Thread 0x0000022c560383f0 Implicit null exception at 0x0000022c43b15a8e to 0x0000022c43b15b74
Event: 2.041 Thread 0x0000022c53927020 Exception <a 'java/lang/NoSuchMethodError'{0x0000000089d2b998}: 'int java.lang.invoke.DirectMethodHandle$Holder.invokeStatic(java.lang.Object)'> (0x0000000089d2b998) 
thrown [./open/src/hotspot/share/interpreter/linkResolver.cpp, line 782]
Event: 3.205 Thread 0x0000022c53927020 Exception <a 'java/lang/NoSuchMethodError'{0x00000000899ca148}: 'java.lang.Object java.lang.invoke.Invokers$Holder.invokeExact_MT(java.lang.Object, java.lang.Object, java.lang.Object, java.lang.Object, java.lang.Object, java.lang.Object)'> (0x00000000899ca148) 
thrown [./open/src/hotspot/share/interpreter/linkResolver.cpp, line 782]
Event: 3.536 Thread 0x0000022c53927020 Exception <a 'java/lang/NoSuchMethodError'{0x00000000896b6e10}: 'void java.lang.invoke.DirectMethodHandle$Holder.invokeSpecial(java.lang.Object, java.lang.Object, java.lang.Object, java.lang.Object, java.lang.Object)'> (0x00000000896b6e10) 
thrown [./open/src/hotspot/share/interpreter/linkResolver.cpp, line 782]
Event: 3664.610 Thread 0x0000022c53927020 Exception <a 'java/lang/NoSuchMethodError'{0x0000000084a80680}: 'void java.lang.invoke.DirectMethodHandle$Holder.invokeVirtual(java.lang.Object, java.lang.Object)'> (0x0000000084a80680) 
thrown [./open/src/hotspot/share/interpreter/linkResolver.cpp, line 782]

Events (20 events):
Event: 3.649 loading class java/util/stream/ReferencePipeline$2 done
Event: 3.649 loading class java/util/stream/ReferencePipeline$2$1
Event: 3.649 loading class java/util/stream/ReferencePipeline$2$1 done
Event: 3.943 Loaded shared library C:\Users\Hiep\.p2\pool\plugins\org.eclipse.justj.openjdk.hotspot.jre.full.win32.x86_64_15.0.2.v20210201-0955\jre\bin\java.dll
Event: 5.372 Thread 0x0000022c5396b620 Thread exited: 0x0000022c5396b620
Event: 5.639 Executing VM operation: HandshakeAllThreads
Event: 5.639 Executing VM operation: HandshakeAllThreads done
Event: 7.662 Executing VM operation: HandshakeAllThreads
Event: 7.662 Executing VM operation: HandshakeAllThreads done
Event: 19.102 Loaded shared library C:\Users\Hiep\.p2\pool\plugins\org.eclipse.justj.openjdk.hotspot.jre.full.win32.x86_64_15.0.2.v20210201-0955\jre\bin\java.dll
Event: 230.417 loading class java/security/DomainCombiner
Event: 230.417 loading class java/security/DomainCombiner done
Event: 1926.942 Executing VM operation: G1CollectForAllocation
Event: 1926.956 Executing VM operation: G1CollectForAllocation done
Event: 3664.499 loading class java/util/WeakHashMap$KeyIterator
Event: 3664.510 loading class java/util/WeakHashMap$HashIterator
Event: 3664.580 loading class java/util/WeakHashMap$HashIterator done
Event: 3664.580 loading class java/util/WeakHashMap$KeyIterator done
Event: 3664.656 loading class javax/swing/RepaintManager$DisplayChangedRunnable
Event: 3664.696 loading class javax/swing/RepaintManager$DisplayChangedRunnable done


Dynamic libraries:
0x00007ff6eb910000 - 0x00007ff6eb91d000 	C:\Users\Hiep\.p2\pool\plugins\org.eclipse.justj.openjdk.hotspot.jre.full.win32.x86_64_15.0.2.v20210201-0955\jre\bin\javaw.exe
0x00007ffc6f810000 - 0x00007ffc6fa05000 	C:\WINDOWS\SYSTEM32\ntdll.dll
0x00007ffc6de00000 - 0x00007ffc6debd000 	C:\WINDOWS\System32\KERNEL32.DLL
0x00007ffc6d470000 - 0x00007ffc6d738000 	C:\WINDOWS\System32\KERNELBASE.dll
0x00007ffc6d0b0000 - 0x00007ffc6d1b0000 	C:\WINDOWS\System32\ucrtbase.dll
0x00007ffc647d0000 - 0x00007ffc647e8000 	C:\Users\Hiep\.p2\pool\plugins\org.eclipse.justj.openjdk.hotspot.jre.full.win32.x86_64_15.0.2.v20210201-0955\jre\bin\jli.dll
0x00007ffc402a0000 - 0x00007ffc402b9000 	C:\Users\Hiep\.p2\pool\plugins\org.eclipse.justj.openjdk.hotspot.jre.full.win32.x86_64_15.0.2.v20210201-0955\jre\bin\VCRUNTIME140.dll
0x00007ffc6dc60000 - 0x00007ffc6de00000 	C:\WINDOWS\System32\USER32.dll
0x00007ffc59920000 - 0x00007ffc59bba000 	C:\WINDOWS\WinSxS\amd64_microsoft.windows.common-controls_6595b64144ccf1df_6.0.19041.844_none_ca00b6081b84eb1d\COMCTL32.dll
0x00007ffc6d210000 - 0x00007ffc6d232000 	C:\WINDOWS\System32\win32u.dll
0x00007ffc6e230000 - 0x00007ffc6e2ce000 	C:\WINDOWS\System32\msvcrt.dll
0x00007ffc6f250000 - 0x00007ffc6f27a000 	C:\WINDOWS\System32\GDI32.dll
0x00007ffc6cf50000 - 0x00007ffc6d05b000 	C:\WINDOWS\System32\gdi32full.dll
0x00007ffc6d270000 - 0x00007ffc6d30d000 	C:\WINDOWS\System32\msvcp_win.dll
0x00007ffc6dc30000 - 0x00007ffc6dc60000 	C:\WINDOWS\System32\IMM32.DLL
0x00007ffc526a0000 - 0x00007ffc526ac000 	C:\Users\Hiep\.p2\pool\plugins\org.eclipse.justj.openjdk.hotspot.jre.full.win32.x86_64_15.0.2.v20210201-0955\jre\bin\vcruntime140_1.dll
0x00007ffc30f70000 - 0x00007ffc31001000 	C:\Users\Hiep\.p2\pool\plugins\org.eclipse.justj.openjdk.hotspot.jre.full.win32.x86_64_15.0.2.v20210201-0955\jre\bin\msvcp140.dll
0x00007ffbf1910000 - 0x00007ffbf246e000 	C:\Users\Hiep\.p2\pool\plugins\org.eclipse.justj.openjdk.hotspot.jre.full.win32.x86_64_15.0.2.v20210201-0955\jre\bin\server\jvm.dll
0x00007ffc6ef90000 - 0x00007ffc6f03c000 	C:\WINDOWS\System32\ADVAPI32.dll
0x00007ffc6e100000 - 0x00007ffc6e19b000 	C:\WINDOWS\System32\sechost.dll
0x00007ffc6f040000 - 0x00007ffc6f16b000 	C:\WINDOWS\System32\RPCRT4.dll
0x00007ffc6ed50000 - 0x00007ffc6ed58000 	C:\WINDOWS\System32\PSAPI.DLL
0x00007ffc49b10000 - 0x00007ffc49b37000 	C:\WINDOWS\SYSTEM32\WINMM.dll
0x00007ffc584a0000 - 0x00007ffc584a9000 	C:\WINDOWS\SYSTEM32\WSOCK32.dll
0x00007ffc61830000 - 0x00007ffc6183a000 	C:\WINDOWS\SYSTEM32\VERSION.dll
0x00007ffc6e330000 - 0x00007ffc6e39b000 	C:\WINDOWS\System32\WS2_32.dll
0x00007ffc6b850000 - 0x00007ffc6b862000 	C:\WINDOWS\SYSTEM32\kernel.appcore.dll
0x00007ffc55590000 - 0x00007ffc5559a000 	C:\Users\Hiep\.p2\pool\plugins\org.eclipse.justj.openjdk.hotspot.jre.full.win32.x86_64_15.0.2.v20210201-0955\jre\bin\jimage.dll
0x00007ffc6b550000 - 0x00007ffc6b734000 	C:\WINDOWS\SYSTEM32\DBGHELP.DLL
0x00007ffc61860000 - 0x00007ffc6188c000 	C:\WINDOWS\SYSTEM32\dbgcore.DLL
0x00007ffc6d740000 - 0x00007ffc6d7c0000 	C:\WINDOWS\System32\bcryptPrimitives.dll
0x00007ffc3e3b0000 - 0x00007ffc3e3d5000 	C:\Users\Hiep\.p2\pool\plugins\org.eclipse.justj.openjdk.hotspot.jre.full.win32.x86_64_15.0.2.v20210201-0955\jre\bin\java.dll
0x00007ffc440b0000 - 0x00007ffc440c8000 	C:\Users\Hiep\.p2\pool\plugins\org.eclipse.justj.openjdk.hotspot.jre.full.win32.x86_64_15.0.2.v20210201-0955\jre\bin\zip.dll
0x00007ffc6e600000 - 0x00007ffc6ed42000 	C:\WINDOWS\System32\SHELL32.dll
0x00007ffc6acf0000 - 0x00007ffc6b480000 	C:\WINDOWS\SYSTEM32\windows.storage.dll
0x00007ffc6d8d0000 - 0x00007ffc6dc25000 	C:\WINDOWS\System32\combase.dll
0x00007ffc6c9c0000 - 0x00007ffc6c9ec000 	C:\WINDOWS\SYSTEM32\Wldp.dll
0x00007ffc6e550000 - 0x00007ffc6e5fe000 	C:\WINDOWS\System32\SHCORE.dll
0x00007ffc6d870000 - 0x00007ffc6d8c5000 	C:\WINDOWS\System32\shlwapi.dll
0x00007ffc6ce90000 - 0x00007ffc6ceaf000 	C:\WINDOWS\SYSTEM32\profapi.dll
0x00007ffc616a0000 - 0x00007ffc616b9000 	C:\Users\Hiep\.p2\pool\plugins\org.eclipse.justj.openjdk.hotspot.jre.full.win32.x86_64_15.0.2.v20210201-0955\jre\bin\net.dll
0x00007ffc61df0000 - 0x00007ffc61efb000 	C:\WINDOWS\SYSTEM32\WINHTTP.dll
0x00007ffc6c730000 - 0x00007ffc6c79a000 	C:\WINDOWS\system32\mswsock.dll
0x00007ffc554a0000 - 0x00007ffc554b2000 	C:\Users\Hiep\.p2\pool\plugins\org.eclipse.justj.openjdk.hotspot.jre.full.win32.x86_64_15.0.2.v20210201-0955\jre\bin\nio.dll
0x00007ffc2ae90000 - 0x00007ffc2b00f000 	C:\Users\Hiep\.p2\pool\plugins\org.eclipse.justj.openjdk.hotspot.jre.full.win32.x86_64_15.0.2.v20210201-0955\jre\bin\awt.dll
0x00007ffc6f700000 - 0x00007ffc6f7cd000 	C:\WINDOWS\System32\OLEAUT32.dll
0x00007ffc66710000 - 0x00007ffc667a0000 	C:\WINDOWS\SYSTEM32\apphelp.dll
0x00007ffc6a820000 - 0x00007ffc6a84f000 	C:\WINDOWS\system32\DWMAPI.DLL
0x00007ffc667c0000 - 0x00007ffc6685e000 	C:\WINDOWS\system32\uxtheme.dll
0x00007ffc52f60000 - 0x00007ffc53086000 	C:\WINDOWS\system32\opengl32.dll
0x00007ffc5f230000 - 0x00007ffc5f25c000 	C:\WINDOWS\SYSTEM32\GLU32.dll
0x00007ffc6ed60000 - 0x00007ffc6ee75000 	C:\WINDOWS\System32\MSCTF.dll
0x00007ffc6dfd0000 - 0x00007ffc6e0fa000 	C:\WINDOWS\System32\ole32.dll
0x00007ffc38f30000 - 0x00007ffc38f5d000 	C:\Users\Hiep\.p2\pool\plugins\org.eclipse.justj.openjdk.hotspot.jre.full.win32.x86_64_15.0.2.v20210201-0955\jre\bin\javajpeg.dll
0x00007ffc2ed80000 - 0x00007ffc2ee30000 	C:\WINDOWS\WinSxS\amd64_microsoft.windows.common-controls_6595b64144ccf1df_5.82.19041.844_none_423537bff6b9828c\comctl32.dll
0x00007ffc34e50000 - 0x00007ffc34ed5000 	C:\Users\Hiep\.p2\pool\plugins\org.eclipse.justj.openjdk.hotspot.jre.full.win32.x86_64_15.0.2.v20210201-0955\jre\bin\freetype.dll
0x00007ffc2bc10000 - 0x00007ffc2bcb9000 	C:\Users\Hiep\.p2\pool\plugins\org.eclipse.justj.openjdk.hotspot.jre.full.win32.x86_64_15.0.2.v20210201-0955\jre\bin\fontmanager.dll
0x00007ffc6d060000 - 0x00007ffc6d0ae000 	C:\WINDOWS\System32\CFGMGR32.dll
0x00007ffc6ee80000 - 0x00007ffc6ef29000 	C:\WINDOWS\System32\clbcatq.dll
0x00007ffc526b0000 - 0x00007ffc526c7000 	C:\WINDOWS\system32\NetworkExplorer.dll
0x00007ffc67260000 - 0x00007ffc67357000 	C:\WINDOWS\system32\PROPSYS.dll
0x00007ffc42f40000 - 0x00007ffc42f5d000 	C:\WINDOWS\SYSTEM32\MPR.dll
0x00007ffc61750000 - 0x00007ffc6175b000 	C:\WINDOWS\System32\drprov.dll
0x00007ffc6bd50000 - 0x00007ffc6bdaa000 	C:\WINDOWS\System32\WINSTA.dll
0x00007ffc5bf40000 - 0x00007ffc5bf58000 	C:\WINDOWS\System32\ntlanman.dll
0x00007ffc59760000 - 0x00007ffc5977e000 	C:\WINDOWS\System32\davclnt.dll
0x00007ffc2c0a0000 - 0x00007ffc2c0ad000 	C:\WINDOWS\System32\DAVHLPR.dll
0x00007ffc6c180000 - 0x00007ffc6c197000 	C:\WINDOWS\System32\wkscli.dll
0x00007ffc555a0000 - 0x00007ffc555b2000 	C:\WINDOWS\SYSTEM32\cscapi.dll
0x00007ffc6c4e0000 - 0x00007ffc6c4ec000 	C:\WINDOWS\System32\netutils.dll
0x00007ffc3b660000 - 0x00007ffc3b6b8000 	C:\Windows\System32\dlnashext.dll
0x00007ffc39180000 - 0x00007ffc391e4000 	C:\Windows\System32\PlayToDevice.dll
0x00007ffc670c0000 - 0x00007ffc670e0000 	C:\Windows\System32\DevDispItemProvider.dll
0x00007ffc60d90000 - 0x00007ffc60e15000 	C:\WINDOWS\System32\MMDevApi.dll
0x00007ffc6cd00000 - 0x00007ffc6cd2c000 	C:\WINDOWS\System32\DEVOBJ.dll
0x00007ffc2bb60000 - 0x00007ffc2bc03000 	C:\WINDOWS\system32\wpdshext.dll
0x00007ffc29120000 - 0x00007ffc292cb000 	C:\WINDOWS\WinSxS\amd64_microsoft.windows.gdiplus_6595b64144ccf1df_1.1.19041.928_none_faefac437613c6cc\gdiplus.dll
0x00007ffc3f830000 - 0x00007ffc3f8d3000 	C:\Windows\System32\PortableDeviceApi.dll
0x00007ffc6f280000 - 0x00007ffc6f6e9000 	C:\WINDOWS\System32\SETUPAPI.dll
0x00007ffc6d240000 - 0x00007ffc6d267000 	C:\WINDOWS\System32\bcrypt.dll
0x00007ffc6d1b0000 - 0x00007ffc6d210000 	C:\WINDOWS\System32\WINTRUST.dll
0x00007ffc6d310000 - 0x00007ffc6d46f000 	C:\WINDOWS\System32\CRYPT32.dll
0x00007ffc6cb40000 - 0x00007ffc6cb52000 	C:\WINDOWS\System32\MSASN1.dll
0x00007ffc477a0000 - 0x00007ffc477d7000 	C:\Windows\System32\EhStorShell.dll
0x00007ffc38010000 - 0x00007ffc38036000 	C:\Windows\System32\EhStorAPI.dll
0x00007ffc64c60000 - 0x00007ffc64c74000 	C:\Windows\System32\WTSAPI32.dll
0x00007ffc64670000 - 0x00007ffc6467d000 	C:\WINDOWS\SYSTEM32\LINKINFO.dll
0x00007ffc51f20000 - 0x00007ffc520d4000 	C:\WINDOWS\SYSTEM32\WindowsCodecs.dll
0x00007ffc55a20000 - 0x00007ffc55a5e000 	C:\WINDOWS\system32\dataexchange.dll
0x00007ffc65350000 - 0x00007ffc655b4000 	C:\WINDOWS\system32\d3d11.dll
0x00007ffc65c10000 - 0x00007ffc65df5000 	C:\WINDOWS\system32\dcomp.dll
0x00007ffc6b890000 - 0x00007ffc6b984000 	C:\WINDOWS\system32\dxgi.dll
0x00007ffc649f0000 - 0x00007ffc64bf1000 	C:\WINDOWS\system32\twinapi.appcore.dll
0x00007ffc57ee0000 - 0x00007ffc57fd9000 	C:\WINDOWS\SYSTEM32\textinputframework.dll
0x00007ffc65e00000 - 0x00007ffc6615e000 	C:\WINDOWS\System32\CoreUIComponents.dll
0x00007ffc664e0000 - 0x00007ffc665d2000 	C:\WINDOWS\System32\CoreMessaging.dll
0x00007ffc6bdb0000 - 0x00007ffc6bde3000 	C:\WINDOWS\SYSTEM32\ntmarta.dll
0x00007ffc66b90000 - 0x00007ffc66ce4000 	C:\WINDOWS\SYSTEM32\wintypes.dll
0x00007ffc54b40000 - 0x00007ffc54b50000 	C:\Users\Hiep\.p2\pool\plugins\org.eclipse.justj.openjdk.hotspot.jre.full.win32.x86_64_15.0.2.v20210201-0955\jre\bin\verify.dll
0x00007ffc4cd30000 - 0x00007ffc4cddc000 	C:\WINDOWS\SYSTEM32\TextShaping.dll

dbghelp: loaded successfully - version: 4.0.5 - missing functions: none
symbol engine: initialized successfully - sym options: 0x614 - pdb path: .;C:\Users\Hiep\.p2\pool\plugins\org.eclipse.justj.openjdk.hotspot.jre.full.win32.x86_64_15.0.2.v20210201-0955\jre\bin;C:\WINDOWS\SYSTEM32;C:\WINDOWS\WinSxS\amd64_microsoft.windows.common-controls_6595b64144ccf1df_6.0.19041.844_none_ca00b6081b84eb1d;C:\Users\Hiep\.p2\pool\plugins\org.eclipse.justj.openjdk.hotspot.jre.full.win32.x86_64_15.0.2.v20210201-0955\jre\bin\server;C:\WINDOWS\WinSxS\amd64_microsoft.windows.common-controls_6595b64144ccf1df_5.82.19041.844_none_423537bff6b9828c;C:\WINDOWS\WinSxS\amd64_microsoft.windows.gdiplus_6595b64144ccf1df_1.1.19041.928_none_faefac437613c6cc

VM Arguments:
jvm_args: -Dfile.encoding=UTF-8 -XX:+ShowCodeDetailsInExceptionMessages 
java_command: test.project
java_class_path (initial): D:\TTH\app code\Visual Studio\Java\Java_Eclipse\OOProject\MainProject\bin;C:\Users\Hiep\.m2\repository\org\graphstream\gs-core\2.0\gs-core-2.0.jar;C:\Users\Hiep\.m2\repository\org\graphstream\pherd\1.0\pherd-1.0.jar;C:\Users\Hiep\.m2\repository\org\graphstream\mbox2\1.0\mbox2-1.0.jar
Launcher Type: SUN_STANDARD

[Global flags]
     intx CICompilerCount                          = 4                                         {product} {ergonomic}
     uint ConcGCThreads                            = 2                                         {product} {ergonomic}
     uint G1ConcRefinementThreads                  = 8                                         {product} {ergonomic}
   size_t G1HeapRegionSize                         = 1048576                                   {product} {ergonomic}
    uintx GCDrainStackTargetSize                   = 64                                        {product} {ergonomic}
   size_t InitialHeapSize                          = 134217728                                 {product} {ergonomic}
   size_t MarkStackSize                            = 4194304                                   {product} {ergonomic}
   size_t MaxHeapSize                              = 2116026368                                {product} {ergonomic}
   size_t MaxNewSize                               = 1268776960                                {product} {ergonomic}
   size_t MinHeapDeltaBytes                        = 1048576                                   {product} {ergonomic}
   size_t MinHeapSize                              = 8388608                                   {product} {ergonomic}
    uintx NonNMethodCodeHeapSize                   = 5839372                                {pd product} {ergonomic}
    uintx NonProfiledCodeHeapSize                  = 122909434                              {pd product} {ergonomic}
    uintx ProfiledCodeHeapSize                     = 122909434                              {pd product} {ergonomic}
    uintx ReservedCodeCacheSize                    = 251658240                              {pd product} {ergonomic}
     bool SegmentedCodeCache                       = true                                      {product} {ergonomic}
     bool ShowCodeDetailsInExceptionMessages       = true                                   {manageable} {command line}
   size_t SoftMaxHeapSize                          = 2116026368                             {manageable} {ergonomic}
     bool UseCompressedClassPointers               = true                                 {lp64_product} {ergonomic}
     bool UseCompressedOops                        = true                                 {lp64_product} {ergonomic}
     bool UseG1GC                                  = true                                      {product} {ergonomic}
     bool UseLargePagesIndividualAllocation        = false                                  {pd product} {ergonomic}

Logging:
Log output configuration:
 #0: stdout all=warning uptime,level,tags
 #1: stderr all=off uptime,level,tags

Environment Variables:
JAVA_HOME=C:\Program Files\Java\jdk-14\bin
PATH=C:/Users/Hiep/.p2/pool/plugins/org.eclipse.justj.openjdk.hotspot.jre.full.win32.x86_64_15.0.2.v20210201-0955/jre/bin/server;C:/Users/Hiep/.p2/pool/plugins/org.eclipse.justj.openjdk.hotspot.jre.full.win32.x86_64_15.0.2.v20210201-0955/jre/bin;C:\Program Files\Common Files\Oracle\Java\javapath;C:\Program Files\AdoptOpenJDK\jdk-11.0.10.9-hotspot;C:\Program Files (x86)\VMware\VMware Workstation\bin\;C:\ProgramData\Anaconda3;C:\ProgramData\Anaconda3\Library\mingw-w64\bin;C:\ProgramData\Anaconda3\Library\usr\bin;C:\ProgramData\Anaconda3\Library\bin;C:\ProgramData\Anaconda3\Scripts;C:\Program Files\Java\jdk-14\bin;C:\Program Files\Calibre2\;C:\Program Files\Microsoft Network Monitor 3\;C:\Program Files\mingw-w64\x86_64-8.1.0-posix-seh-rt_v6-rev0\mingw64\bin;C:\WINDOWS\system32\WindowsPowerShell\v1.0\powershell.exe;D:\Git\cmd;C:\Program Files\AdoptOpenJDK\jdk-11.0.10.9-hotspot\bin;;C:\WINDOWS\system32;C:\WINDOWS;C:\WINDOWS\System32\Wbem;C:\WINDOWS\System32\WindowsPowerShell\v1.0\;C:\WINDOWS\System32\OpenSSH\;C:\Users\Hiep\AppData\Local\Programs\Python\Python38-32\Scripts\;C:\Users\Hiep\AppData\Local\Programs\Python\Python38-32\;C:\Users\Hiep\AppData\Local\Microsoft\WindowsApps;C:\Users\Hiep\AppData\Local\Programs\Microsoft VS Code\bin;C:\Program Files (x86)\CodeBlocks\MinGW\bin;C:\Program Files\JetBrains\PyCharm 2020.2.3\bin;;;C:\Users\Hiep;
USERNAME=Hiep
OS=Windows_NT
PROCESSOR_IDENTIFIER=Intel64 Family 6 Model 142 Stepping 12, GenuineIntel



---------------  S Y S T E M  ---------------

OS:
 Windows 10 , 64 bit Build 19041 (10.0.19041.928)
OS uptime: 2 days 5:55 hours

CPU: total 8 (initial active 8) (4 cores per cpu, 2 threads per core) family 6 model 142 stepping 12 microcode 0xca, cmov, cx8, fxsr, mmx, sse, sse2, sse3, ssse3, sse4.1, sse4.2, popcnt, vzeroupper, avx, avx2, aes, clmul, erms, 3dnowpref, lzcnt, ht, tsc, tscinvbit, bmi1, bmi2, adx, fma, clflush, clflushopt

Memory: 4k page, system-wide physical 8068M (443M free)
TotalPageFile size 21492M (AvailPageFile size 5M)
current process WorkingSet (physical memory assigned to process): 40M, peak: 155M
current process commit charge ("private bytes"): 189M, peak: 276M

vm_info: OpenJDK 64-Bit Server VM (15.0.2+7-27) for windows-amd64 JRE (15.0.2+7-27), built on Dec  7 2020 20:02:38 by "mach5one" with unknown MS VC++:1925

END.
