#
# There is insufficient memory for the Java Runtime Environment to continue.
# Native memory allocation (malloc) failed to allocate 820656 bytes for Chunk::new
# Possible reasons:
#   The system is out of physical RAM or swap space
#   The process is running with CompressedOops enabled, and the Java Heap may be blocking the growth of the native heap
# Possible solutions:
#   Reduce memory load on the system
#   Increase physical memory or swap space
#   Check if swap backing store is full
#   Decrease Java heap size (-Xmx/-Xms)
#   Decrease number of Java threads
#   Decrease Java thread stack sizes (-Xss)
#   Set larger code cache with -XX:ReservedCodeCacheSize=
#   JVM is running with Unscaled Compressed Oops mode in which the Java heap is
#     placed in the first 4GB address space. The Java Heap base address is the
#     maximum limit for the native heap growth. Please use -XX:HeapBaseMinAddress
#     to set the Java Heap base and to place the Java Heap above 4GB virtual address.
# This output file may be truncated or incomplete.
#
#  Out of Memory Error (./open/src/hotspot/share/memory/arena.cpp:195), pid=20952, tid=19420
#
# JRE version: OpenJDK Runtime Environment (15.0.2+7) (build 15.0.2+7-27)
# Java VM: OpenJDK 64-Bit Server VM (15.0.2+7-27, mixed mode, tiered, compressed oops, g1 gc, windows-amd64)
# No core dump will be written. Minidumps are not enabled by default on client versions of Windows
#

---------------  S U M M A R Y ------------

Command Line: -Dfile.encoding=UTF-8 -XX:+ShowCodeDetailsInExceptionMessages test.project

Host: Intel(R) Core(TM) i7-8565U CPU @ 1.80GHz, 8 cores, 7G,  Windows 10 , 64 bit Build 19041 (10.0.19041.928)
Time: Fri May 21 00:26:56 2021 SE Asia Standard Time elapsed time: 5754.679023 seconds (0d 1h 35m 54s)

---------------  T H R E A D  ---------------

Current thread (0x00000196d990ddc0):  JavaThread "C2 CompilerThread0" daemon [_thread_in_native, id=19420, stack(0x0000003377300000,0x0000003377400000)]


Current CompileTask:
C2:5754679 2747   !   4       sun.awt.PostEventQueue::flush (168 bytes)

Stack: [0x0000003377300000,0x0000003377400000]
Native frames: (J=compiled Java code, j=interpreted, Vv=VM code, C=native code)
V  [jvm.dll+0x62ae9a]
V  [jvm.dll+0x7817a9]
V  [jvm.dll+0x782f03]
V  [jvm.dll+0x783563]
V  [jvm.dll+0x216325]
V  [jvm.dll+0x97f3a]
V  [jvm.dll+0x9861c]
V  [jvm.dll+0x32e2a8]
V  [jvm.dll+0x18e1ba]
V  [jvm.dll+0x1ea822]
V  [jvm.dll+0x1e996e]
V  [jvm.dll+0x178567]
V  [jvm.dll+0x1f9225]
V  [jvm.dll+0x1f72cc]
V  [jvm.dll+0x74495d]
V  [jvm.dll+0x73d75a]
V  [jvm.dll+0x629c56]
C  [ucrtbase.dll+0x21bb2]
C  [KERNEL32.DLL+0x17034]
C  [ntdll.dll+0x52651]


---------------  P R O C E S S  ---------------

Threads class SMR info:
_java_thread_list=0x00000196da62a720, length=18, elements={
0x00000196d90b0040, 0x00000196d90b11a0, 0x00000196d90b7220, 0x00000196d9909020,
0x00000196d990a180, 0x00000196d990ddc0, 0x00000196d98c8c20, 0x00000196d98cc4b0,
0x00000196d9a6bd40, 0x00000196d9a6e1e0, 0x00000196d9cbe8a0, 0x00000196da0c2390,
0x00000196da0c5320, 0x00000196da121ac0, 0x00000196bccee800, 0x00000196da1aeae0,
0x00000196dccfae40, 0x00000196da067ce0
}

Java Threads: ( => current thread )
  0x00000196d90b0040 JavaThread "Reference Handler" daemon [_thread_blocked, id=12156, stack(0x0000003376e00000,0x0000003376f00000)]
  0x00000196d90b11a0 JavaThread "Finalizer" daemon [_thread_blocked, id=10204, stack(0x0000003376f00000,0x0000003377000000)]
  0x00000196d90b7220 JavaThread "Signal Dispatcher" daemon [_thread_blocked, id=11752, stack(0x0000003377000000,0x0000003377100000)]
  0x00000196d9909020 JavaThread "Attach Listener" daemon [_thread_blocked, id=1184, stack(0x0000003377100000,0x0000003377200000)]
  0x00000196d990a180 JavaThread "Service Thread" daemon [_thread_blocked, id=16936, stack(0x0000003377200000,0x0000003377300000)]
=>0x00000196d990ddc0 JavaThread "C2 CompilerThread0" daemon [_thread_in_native, id=19420, stack(0x0000003377300000,0x0000003377400000)]
  0x00000196d98c8c20 JavaThread "C1 CompilerThread0" daemon [_thread_blocked, id=4732, stack(0x0000003377400000,0x0000003377500000)]
  0x00000196d98cc4b0 JavaThread "Sweeper thread" daemon [_thread_blocked, id=18032, stack(0x0000003377500000,0x0000003377600000)]
  0x00000196d9a6bd40 JavaThread "Notification Thread" daemon [_thread_blocked, id=14580, stack(0x0000003377600000,0x0000003377700000)]
  0x00000196d9a6e1e0 JavaThread "Common-Cleaner" daemon [_thread_blocked, id=5800, stack(0x0000003377800000,0x0000003377900000)]
  0x00000196d9cbe8a0 JavaThread "Java2D Disposer" daemon [_thread_blocked, id=20264, stack(0x0000003377900000,0x0000003377a00000)]
  0x00000196da0c2390 JavaThread "AWT-Shutdown" [_thread_blocked, id=17556, stack(0x0000003377a00000,0x0000003377b00000)]
  0x00000196da0c5320 JavaThread "AWT-Windows" daemon [_thread_in_native, id=11452, stack(0x0000003377b00000,0x0000003377c00000)]
  0x00000196da121ac0 JavaThread "AWT-EventQueue-0" [_thread_blocked, id=7080, stack(0x0000003377c00000,0x0000003377d00000)]
  0x00000196bccee800 JavaThread "DestroyJavaVM" [_thread_blocked, id=13620, stack(0x0000003376700000,0x0000003376800000)]
  0x00000196da1aeae0 JavaThread "Swing-Shell" daemon [_thread_blocked, id=16904, stack(0x0000003377e00000,0x0000003377f00000)]
  0x00000196dccfae40 JavaThread "TimerQueue" daemon [_thread_blocked, id=18736, stack(0x0000003378400000,0x0000003378500000)]
  0x00000196da067ce0 JavaThread "Thread-0" [_thread_blocked, id=10132, stack(0x0000003378900000,0x0000003378a00000)]

Other Threads:
  0x00000196d90984c0 VMThread "VM Thread" [stack: 0x0000003376d00000,0x0000003376e00000] [id=15940]
  0x00000196d9a6c9b0 WatcherThread [stack: 0x0000003377700000,0x0000003377800000] [id=16720]
  0x00000196bee117b0 GCTaskThread "GC Thread#0" [stack: 0x0000003376800000,0x0000003376900000] [id=20488]
  0x00000196da1cc9e0 GCTaskThread "GC Thread#1" [stack: 0x0000003378300000,0x0000003378400000] [id=12524]
  0x00000196da1cb060 GCTaskThread "GC Thread#2" [stack: 0x0000003378500000,0x0000003378600000] [id=20064]
  0x00000196da1cad30 GCTaskThread "GC Thread#3" [stack: 0x0000003378600000,0x0000003378700000] [id=19028]
  0x00000196da1cb390 GCTaskThread "GC Thread#4" [stack: 0x0000003378700000,0x0000003378800000] [id=12872]
  0x00000196da1cc380 GCTaskThread "GC Thread#5" [stack: 0x0000003378800000,0x0000003378900000] [id=17140]
  0x00000196da1cb9f0 GCTaskThread "GC Thread#6" [stack: 0x0000003378a00000,0x0000003378b00000] [id=20112]
  0x00000196da1cbd20 GCTaskThread "GC Thread#7" [stack: 0x0000003378b00000,0x0000003378c00000] [id=7988]
  0x00000196bee225d0 ConcurrentGCThread "G1 Main Marker" [stack: 0x0000003376900000,0x0000003376a00000] [id=17860]
  0x00000196bee24900 ConcurrentGCThread "G1 Conc#0" [stack: 0x0000003376a00000,0x0000003376b00000] [id=13196]
  0x00000196da1c96e0 ConcurrentGCThread "G1 Conc#1" [stack: 0x0000003378c00000,0x0000003378d00000] [id=5524]
  0x00000196beea0c30 ConcurrentGCThread "G1 Refine#0" [stack: 0x0000003376b00000,0x0000003376c00000] [id=21012]
  0x00000196beea1740 ConcurrentGCThread "G1 Young RemSet Sampling" [stack: 0x0000003376c00000,0x0000003376d00000] [id=2020]

Threads with active compile tasks:
C2 CompilerThread0  5754718 2747   !   4       sun.awt.PostEventQueue::flush (168 bytes)

VM state: not at safepoint (normal execution)

VM Mutex/Monitor currently owned by a thread: None

Heap address: 0x0000000081e00000, size: 2018 MB, Compressed Oops mode: 32-bit
CDS disabled.
Compressed class space mapped at: 0x0000000100000000-0x0000000140000000, size: 1073741824
Narrow klass base: 0x0000000000000000, Narrow klass shift: 3, Narrow klass range: 0x140000000

GC Precious Log:
 CPUs: 8 total, 8 available
 Memory: 8068M
 Large Page Support: Disabled
 NUMA Support: Disabled
 Compressed Oops: Enabled (32-bit)
 Heap Region Size: 1M
 Heap Min Capacity: 8M
 Heap Initial Capacity: 128M
 Heap Max Capacity: 2018M
 Pre-touch: Disabled
 Parallel Workers: 8
 Concurrent Workers: 2
 Concurrent Refinement Workers: 8
 Periodic GC: Disabled

Heap:
 garbage-first heap   total 65536K, used 16001K [0x0000000081e00000, 0x0000000100000000)
  region size 1024K, 2 young (2048K), 1 survivors (1024K)
 Metaspace       used 22765K, capacity 22970K, committed 23168K, reserved 1071104K
  class space    used 2321K, capacity 2378K, committed 2432K, reserved 1048576K

Heap Regions: E=young(eden), S=young(survivor), O=old, HS=humongous(starts), HC=humongous(continues), CS=collection set, F=free, OA=open archive, CA=closed archive, TAMS=top-at-mark-start (previous, next)
|   0|0x0000000081e00000, 0x0000000081f00000, 0x0000000081f00000|100%|HS|  |TAMS 0x0000000081f00000, 0x0000000081e00000| Complete 
|   1|0x0000000081f00000, 0x0000000082000000, 0x0000000082000000|100%|HC|  |TAMS 0x0000000082000000, 0x0000000081f00000| Complete 
|   2|0x0000000082000000, 0x0000000082100000, 0x0000000082100000|100%|HC|  |TAMS 0x0000000082100000, 0x0000000082000000| Complete 
|   3|0x0000000082100000, 0x0000000082200000, 0x0000000082200000|100%|HS|  |TAMS 0x0000000082200000, 0x0000000082100000| Complete 
|   4|0x0000000082200000, 0x0000000082300000, 0x0000000082300000|100%|HC|  |TAMS 0x0000000082300000, 0x0000000082200000| Complete 
|   5|0x0000000082300000, 0x0000000082400000, 0x0000000082400000|100%|HC|  |TAMS 0x0000000082400000, 0x0000000082300000| Complete 
|   6|0x0000000082400000, 0x0000000082500000, 0x0000000082500000|100%|HC|  |TAMS 0x0000000082500000, 0x0000000082400000| Complete 
|   7|0x0000000082500000, 0x0000000082600000, 0x0000000082600000|100%|HC|  |TAMS 0x0000000082600000, 0x0000000082500000| Complete 
|   8|0x0000000082600000, 0x0000000082700000, 0x0000000082700000|100%|HC|  |TAMS 0x0000000082700000, 0x0000000082600000| Complete 
|   9|0x0000000082700000, 0x0000000082800000, 0x0000000082800000|100%|HC|  |TAMS 0x0000000082800000, 0x0000000082700000| Complete 
|  10|0x0000000082800000, 0x0000000082900000, 0x0000000082900000|100%|HC|  |TAMS 0x0000000082900000, 0x0000000082800000| Complete 
|  11|0x0000000082900000, 0x0000000082a00000, 0x0000000082a00000|100%| O|  |TAMS 0x00000000829b7000, 0x0000000082900000| Untracked 
|  12|0x0000000082a00000, 0x0000000082b00000, 0x0000000082b00000|100%| O|  |TAMS 0x0000000082a00000, 0x0000000082a00000| Untracked 
|  13|0x0000000082b00000, 0x0000000082c00000, 0x0000000082c00000|100%| O|  |TAMS 0x0000000082b00000, 0x0000000082b00000| Untracked 
|  14|0x0000000082c00000, 0x0000000082cb2400, 0x0000000082d00000| 69%| O|  |TAMS 0x0000000082c00000, 0x0000000082c00000| Untracked 
|  15|0x0000000082d00000, 0x0000000082d00000, 0x0000000082e00000|  0%| F|  |TAMS 0x0000000082d00000, 0x0000000082d00000| Untracked 
|  16|0x0000000082e00000, 0x0000000082e00000, 0x0000000082f00000|  0%| F|  |TAMS 0x0000000082e00000, 0x0000000082e00000| Untracked 
|  17|0x0000000082f00000, 0x0000000082f00000, 0x0000000083000000|  0%| F|  |TAMS 0x0000000082f00000, 0x0000000082f00000| Untracked 
|  18|0x0000000083000000, 0x0000000083000000, 0x0000000083100000|  0%| F|  |TAMS 0x0000000083000000, 0x0000000083000000| Untracked 
|  19|0x0000000083100000, 0x0000000083100000, 0x0000000083200000|  0%| F|  |TAMS 0x0000000083100000, 0x0000000083100000| Untracked 
|  20|0x0000000083200000, 0x0000000083200000, 0x0000000083300000|  0%| F|  |TAMS 0x0000000083200000, 0x0000000083200000| Untracked 
|  21|0x0000000083300000, 0x0000000083300000, 0x0000000083400000|  0%| F|  |TAMS 0x0000000083300000, 0x0000000083300000| Untracked 
|  22|0x0000000083400000, 0x0000000083400000, 0x0000000083500000|  0%| F|  |TAMS 0x0000000083400000, 0x0000000083400000| Untracked 
|  23|0x0000000083500000, 0x0000000083500000, 0x0000000083600000|  0%| F|  |TAMS 0x0000000083500000, 0x0000000083500000| Untracked 
|  24|0x0000000083600000, 0x0000000083600000, 0x0000000083700000|  0%| F|  |TAMS 0x0000000083600000, 0x0000000083600000| Untracked 
|  25|0x0000000083700000, 0x0000000083700000, 0x0000000083800000|  0%| F|  |TAMS 0x0000000083700000, 0x0000000083700000| Untracked 
|  26|0x0000000083800000, 0x0000000083800000, 0x0000000083900000|  0%| F|  |TAMS 0x0000000083800000, 0x0000000083800000| Untracked 
|  27|0x0000000083900000, 0x0000000083900000, 0x0000000083a00000|  0%| F|  |TAMS 0x0000000083900000, 0x0000000083900000| Untracked 
|  28|0x0000000083a00000, 0x0000000083a00000, 0x0000000083b00000|  0%| F|  |TAMS 0x0000000083a00000, 0x0000000083a00000| Untracked 
|  29|0x0000000083b00000, 0x0000000083b00000, 0x0000000083c00000|  0%| F|  |TAMS 0x0000000083b00000, 0x0000000083b00000| Untracked 
|  30|0x0000000083c00000, 0x0000000083c00000, 0x0000000083d00000|  0%| F|  |TAMS 0x0000000083c00000, 0x0000000083c00000| Untracked 
|  31|0x0000000083d00000, 0x0000000083dee060, 0x0000000083e00000| 92%| S|CS|TAMS 0x0000000083d00000, 0x0000000083d00000| Complete 
|  32|0x0000000083e00000, 0x0000000083e00000, 0x0000000083f00000|  0%| F|  |TAMS 0x0000000083e00000, 0x0000000083e00000| Untracked 
|  33|0x0000000083f00000, 0x0000000083f00000, 0x0000000084000000|  0%| F|  |TAMS 0x0000000083f00000, 0x0000000083f00000| Untracked 
|  34|0x0000000084000000, 0x0000000084000000, 0x0000000084100000|  0%| F|  |TAMS 0x0000000084000000, 0x0000000084000000| Untracked 
|  35|0x0000000084100000, 0x0000000084100000, 0x0000000084200000|  0%| F|  |TAMS 0x0000000084100000, 0x0000000084100000| Untracked 
|  36|0x0000000084200000, 0x0000000084200000, 0x0000000084300000|  0%| F|  |TAMS 0x0000000084200000, 0x0000000084200000| Untracked 
|  37|0x0000000084300000, 0x0000000084300000, 0x0000000084400000|  0%| F|  |TAMS 0x0000000084300000, 0x0000000084300000| Untracked 
|  38|0x0000000084400000, 0x0000000084400000, 0x0000000084500000|  0%| F|  |TAMS 0x0000000084400000, 0x0000000084400000| Untracked 
|  39|0x0000000084500000, 0x0000000084500000, 0x0000000084600000|  0%| F|  |TAMS 0x0000000084500000, 0x0000000084500000| Untracked 
|  40|0x0000000084600000, 0x0000000084600000, 0x0000000084700000|  0%| F|  |TAMS 0x0000000084600000, 0x0000000084600000| Untracked 
|  41|0x0000000084700000, 0x0000000084700000, 0x0000000084800000|  0%| F|  |TAMS 0x0000000084700000, 0x0000000084700000| Untracked 
|  42|0x0000000084800000, 0x0000000084800000, 0x0000000084900000|  0%| F|  |TAMS 0x0000000084800000, 0x0000000084800000| Untracked 
|  43|0x0000000084900000, 0x0000000084900000, 0x0000000084a00000|  0%| F|  |TAMS 0x0000000084900000, 0x0000000084900000| Untracked 
|  44|0x0000000084a00000, 0x0000000084a00000, 0x0000000084b00000|  0%| F|  |TAMS 0x0000000084a00000, 0x0000000084a00000| Untracked 
|  45|0x0000000084b00000, 0x0000000084b00000, 0x0000000084c00000|  0%| F|  |TAMS 0x0000000084b00000, 0x0000000084b00000| Untracked 
|  46|0x0000000084c00000, 0x0000000084c00000, 0x0000000084d00000|  0%| F|  |TAMS 0x0000000084c00000, 0x0000000084c00000| Untracked 
|  47|0x0000000084d00000, 0x0000000084d00000, 0x0000000084e00000|  0%| F|  |TAMS 0x0000000084d00000, 0x0000000084d00000| Untracked 
|  48|0x0000000084e00000, 0x0000000084e00000, 0x0000000084f00000|  0%| F|  |TAMS 0x0000000084e00000, 0x0000000084e00000| Untracked 
|  49|0x0000000084f00000, 0x0000000084f00000, 0x0000000085000000|  0%| F|  |TAMS 0x0000000084f00000, 0x0000000084f00000| Untracked 
|  50|0x0000000085000000, 0x0000000085000000, 0x0000000085100000|  0%| F|  |TAMS 0x0000000085000000, 0x0000000085000000| Untracked 
|  51|0x0000000085100000, 0x0000000085100000, 0x0000000085200000|  0%| F|  |TAMS 0x0000000085100000, 0x0000000085100000| Untracked 
|  52|0x0000000085200000, 0x0000000085200000, 0x0000000085300000|  0%| F|  |TAMS 0x0000000085200000, 0x0000000085200000| Untracked 
|  53|0x0000000085300000, 0x0000000085300000, 0x0000000085400000|  0%| F|  |TAMS 0x0000000085300000, 0x0000000085300000| Untracked 
|  54|0x0000000085400000, 0x0000000085400000, 0x0000000085500000|  0%| F|  |TAMS 0x0000000085400000, 0x0000000085400000| Untracked 
|  55|0x0000000085500000, 0x0000000085500000, 0x0000000085600000|  0%| F|  |TAMS 0x0000000085500000, 0x0000000085500000| Untracked 
|  56|0x0000000085600000, 0x0000000085600000, 0x0000000085700000|  0%| F|  |TAMS 0x0000000085600000, 0x0000000085600000| Untracked 
|  57|0x0000000085700000, 0x0000000085700000, 0x0000000085800000|  0%| F|  |TAMS 0x0000000085700000, 0x0000000085700000| Untracked 
|  58|0x0000000085800000, 0x0000000085800000, 0x0000000085900000|  0%| F|  |TAMS 0x0000000085800000, 0x0000000085800000| Untracked 
|  59|0x0000000085900000, 0x0000000085900000, 0x0000000085a00000|  0%| F|  |TAMS 0x0000000085900000, 0x0000000085900000| Untracked 
| 117|0x0000000089300000, 0x0000000089300000, 0x0000000089400000|  0%| F|  |TAMS 0x0000000089300000, 0x0000000089300000| Untracked 
| 118|0x0000000089400000, 0x0000000089400000, 0x0000000089500000|  0%| F|  |TAMS 0x0000000089400000, 0x0000000089400000| Untracked 
| 126|0x0000000089c00000, 0x0000000089c00000, 0x0000000089d00000|  0%| F|  |TAMS 0x0000000089c00000, 0x0000000089c00000| Untracked 
| 127|0x0000000089d00000, 0x0000000089dcf538, 0x0000000089e00000| 80%| E|  |TAMS 0x0000000089d00000, 0x0000000089d00000| Complete 

Card table byte_map: [0x00000196d1f20000,0x00000196d2320000] _byte_map_base: 0x00000196d1b11000

Marking Bits (Prev, Next): (CMBitMap*) 0x00000196bee11f70, (CMBitMap*) 0x00000196bee11f30
 Prev Bits: [0x00000196d46b0000, 0x00000196d6638000)
 Next Bits: [0x00000196d2720000, 0x00000196d46a8000)

Polling page: 0x00000196bcd50000

Metaspace:

Usage:
  Non-class:     20.11 MB capacity,    19.97 MB (>99%) used,   122.11 KB ( <1%) free+waste,    25.69 KB ( <1%) overhead. 
      Class:      2.32 MB capacity,     2.27 MB ( 98%) used,    48.44 KB (  2%) free+waste,     8.19 KB ( <1%) overhead. 
       Both:     22.43 MB capacity,    22.23 MB (>99%) used,   170.55 KB ( <1%) free+waste,    33.88 KB ( <1%) overhead. 

Virtual space:
  Non-class space:       22.00 MB reserved,      20.25 MB ( 92%) committed 
      Class space:        1.00 GB reserved,       2.38 MB ( <1%) committed 
             Both:        1.02 GB reserved,      22.62 MB (  2%) committed 

Chunk freelists:
   Non-Class:  16.00 KB
       Class:  22.00 KB
        Both:  38.00 KB

MaxMetaspaceSize: 17179869184.00 GB
CompressedClassSpaceSize: 1.00 GB

CodeHeap 'non-profiled nmethods': size=120000Kb used=1056Kb max_used=1056Kb free=118943Kb
 bounds [0x00000196ca2c0000, 0x00000196ca530000, 0x00000196d17f0000]
CodeHeap 'profiled nmethods': size=120000Kb used=5185Kb max_used=5185Kb free=114814Kb
 bounds [0x00000196c2d90000, 0x00000196c32b0000, 0x00000196ca2c0000]
CodeHeap 'non-nmethods': size=5760Kb used=1362Kb max_used=1429Kb free=4397Kb
 bounds [0x00000196c27f0000, 0x00000196c2a60000, 0x00000196c2d90000]
 total_blobs=3417 nmethods=2744 adapters=585
 compilation: enabled
              stopped_count=0, restarted_count=0
 full_count=0

Compilation events (20 events):
Event: 5676.688 Thread 0x00000196d98c8c20 nmethod 2737 0x00000196c3297310 code [0x00000196c32975a0, 0x00000196c3298268]
Event: 5677.131 Thread 0x00000196d990ddc0 2738       4       java.security.AccessController::doPrivileged (17 bytes)
Event: 5677.136 Thread 0x00000196d990ddc0 nmethod 2738 0x00000196ca3c5d10 code [0x00000196ca3c5ea0, 0x00000196ca3c5f78]
Event: 5680.351 Thread 0x00000196d98c8c20 2739       3       javax.swing.Timer::post (36 bytes)
Event: 5680.362 Thread 0x00000196d98c8c20 nmethod 2739 0x00000196c3298890 code [0x00000196c3298b80, 0x00000196c3299ab8]
Event: 5680.685 Thread 0x00000196d98c8c20 2740   !   3       java.awt.EventQueue::postEventPrivate (104 bytes)
Event: 5680.691 Thread 0x00000196d98c8c20 nmethod 2740 0x00000196c329a090 code [0x00000196c329a2e0, 0x00000196c329aaa8]
Event: 5680.824 Thread 0x00000196d990ddc0 2741       4       java.awt.EventQueue::getPriority (78 bytes)
Event: 5680.825 Thread 0x00000196d990ddc0 nmethod 2741 0x00000196ca3c6110 code [0x00000196ca3c6280, 0x00000196ca3c6338]
Event: 5682.504 Thread 0x00000196d990ddc0 2742       4       java.awt.EventQueue::cacheEQItem (60 bytes)
Event: 5682.512 Thread 0x00000196d990ddc0 nmethod 2742 0x00000196ca3c6410 code [0x00000196ca3c65a0, 0x00000196ca3c69d8]
Event: 5683.203 Thread 0x00000196d990ddc0 2743       4       java.util.concurrent.locks.AbstractQueuedSynchronizer$ConditionObject::doSignal (54 bytes)
Event: 5683.221 Thread 0x00000196d990ddc0 nmethod 2743 0x00000196ca3c6c10 code [0x00000196ca3c6da0, 0x00000196ca3c7398]
Event: 5690.261 Thread 0x00000196d990ddc0 2744   !   4       sun.awt.AWTAutoShutdown::notifyThreadBusy (88 bytes)
Event: 5690.275 Thread 0x00000196d990ddc0 nmethod 2744 0x00000196ca3c7590 code [0x00000196ca3c7760, 0x00000196ca3c7ef0]
Event: 5722.207 Thread 0x00000196d98c8c20 2745 % !   3       javax.swing.TimerQueue::run @ 9 (242 bytes)
Event: 5722.223 Thread 0x00000196d98c8c20 nmethod 2745% 0x00000196c329ad90 code [0x00000196c329b1e0, 0x00000196c329d3d8]
Event: 5726.553 Thread 0x00000196d98c8c20 2746       3       org.graphstream.ui.layout.LayoutRunner::run (125 bytes)
Event: 5726.555 Thread 0x00000196d98c8c20 nmethod 2746 0x00000196c329e610 code [0x00000196c329e960, 0x00000196c329fe28]
Event: 5754.428 Thread 0x00000196d990ddc0 2747   !   4       sun.awt.PostEventQueue::flush (168 bytes)

GC Heap History (8 events):
Event: 1.980 GC heap before
{Heap before GC invocations=0 (full 0):
 garbage-first heap   total 131072K, used 34816K [0x0000000081e00000, 0x0000000100000000)
  region size 1024K, 23 young (23552K), 0 survivors (0K)
 Metaspace       used 17616K, capacity 17764K, committed 17920K, reserved 1064960K
  class space    used 1861K, capacity 1923K, committed 2048K, reserved 1048576K
}
Event: 1.985 GC heap after
{Heap after GC invocations=1 (full 0):
 garbage-first heap   total 131072K, used 15068K [0x0000000081e00000, 0x0000000100000000)
  region size 1024K, 3 young (3072K), 3 survivors (3072K)
 Metaspace       used 17616K, capacity 17764K, committed 17920K, reserved 1064960K
  class space    used 1861K, capacity 1923K, committed 2048K, reserved 1048576K
}
Event: 3.926 GC heap before
{Heap before GC invocations=1 (full 0):
 garbage-first heap   total 131072K, used 23260K [0x0000000081e00000, 0x0000000100000000)
  region size 1024K, 12 young (12288K), 3 survivors (3072K)
 Metaspace       used 21057K, capacity 21206K, committed 21248K, reserved 1069056K
  class space    used 2224K, capacity 2281K, committed 2304K, reserved 1048576K
}
Event: 3.935 GC heap after
{Heap after GC invocations=2 (full 0):
 garbage-first heap   total 131072K, used 16213K [0x0000000081e00000, 0x0000000100000000)
  region size 1024K, 2 young (2048K), 2 survivors (2048K)
 Metaspace       used 21057K, capacity 21206K, committed 21248K, reserved 1069056K
  class space    used 2224K, capacity 2281K, committed 2304K, reserved 1048576K
}
Event: 2628.890 GC heap before
{Heap before GC invocations=3 (full 0):
 garbage-first heap   total 65536K, used 53077K [0x0000000081e00000, 0x0000000100000000)
  region size 1024K, 38 young (38912K), 2 survivors (2048K)
 Metaspace       used 22739K, capacity 22967K, committed 23168K, reserved 1071104K
  class space    used 2318K, capacity 2377K, committed 2432K, reserved 1048576K
}
Event: 2628.916 GC heap after
{Heap after GC invocations=4 (full 0):
 garbage-first heap   total 65536K, used 16444K [0x0000000081e00000, 0x0000000100000000)
  region size 1024K, 2 young (2048K), 2 survivors (2048K)
 Metaspace       used 22739K, capacity 22967K, committed 23168K, reserved 1071104K
  class space    used 2318K, capacity 2377K, committed 2432K, reserved 1048576K
}
Event: 5753.125 GC heap before
{Heap before GC invocations=4 (full 0):
 garbage-first heap   total 65536K, used 49212K [0x0000000081e00000, 0x0000000100000000)
  region size 1024K, 34 young (34816K), 2 survivors (2048K)
 Metaspace       used 22765K, capacity 22970K, committed 23168K, reserved 1071104K
  class space    used 2321K, capacity 2378K, committed 2432K, reserved 1048576K
}
Event: 5753.157 GC heap after
{Heap after GC invocations=5 (full 0):
 garbage-first heap   total 65536K, used 16001K [0x0000000081e00000, 0x0000000100000000)
  region size 1024K, 1 young (1024K), 1 survivors (1024K)
 Metaspace       used 22765K, capacity 22970K, committed 23168K, reserved 1071104K
  class space    used 2321K, capacity 2378K, committed 2432K, reserved 1048576K
}

Deoptimization events (20 events):
Event: 4713.080 Thread 0x00000196da121ac0 DEOPT PACKING pc=0x00000196c328bf9d sp=0x0000003377cfef70
Event: 4713.080 Thread 0x00000196da121ac0 DEOPT UNPACKING pc=0x00000196c283e23f sp=0x0000003377cfe488 mode 0
Event: 4752.623 Thread 0x00000196dccfae40 DEOPT PACKING pc=0x00000196c328e1d6 sp=0x00000033784ff200
Event: 4752.623 Thread 0x00000196dccfae40 DEOPT UNPACKING pc=0x00000196c283e23f sp=0x00000033784fe7a0 mode 0
Event: 5673.652 Thread 0x00000196dccfae40 Uncommon trap: trap_request=0xffffff45 fr.pc=0x00000196ca3c4290 relative=0x0000000000000e30
Event: 5673.653 Thread 0x00000196dccfae40 Uncommon trap: reason=unstable_if action=reinterpret pc=0x00000196ca3c4290 method=javax.swing.Timer.post()V @ 9 c2
Event: 5673.653 Thread 0x00000196dccfae40 DEOPT PACKING pc=0x00000196ca3c4290 sp=0x00000033784ff2c0
Event: 5673.653 Thread 0x00000196dccfae40 DEOPT UNPACKING pc=0x00000196c283e42f sp=0x00000033784ff248 mode 2
Event: 5673.772 Thread 0x00000196dccfae40 Uncommon trap: trap_request=0xffffff45 fr.pc=0x00000196ca3c0ce8 relative=0x0000000000000548
Event: 5673.772 Thread 0x00000196dccfae40 Uncommon trap: reason=unstable_if action=reinterpret pc=0x00000196ca3c0ce8 method=javax.swing.Timer.post()V @ 9 c2
Event: 5673.772 Thread 0x00000196dccfae40 DEOPT PACKING pc=0x00000196ca3c0ce8 sp=0x00000033784ff260
Event: 5673.780 Thread 0x00000196dccfae40 DEOPT UNPACKING pc=0x00000196c283e42f sp=0x00000033784ff240 mode 2
Event: 5674.183 Thread 0x00000196da121ac0 Uncommon trap: trap_request=0xffffff45 fr.pc=0x00000196ca39c94c relative=0x0000000000003ecc
Event: 5674.211 Thread 0x00000196da121ac0 Uncommon trap: reason=unstable_if action=reinterpret pc=0x00000196ca39c94c method=java.awt.EventQueue.coalesceEvent(Ljava/awt/AWTEvent;I)Z @ 16 c2
Event: 5674.212 Thread 0x00000196da121ac0 DEOPT PACKING pc=0x00000196ca39c94c sp=0x0000003377cfea60
Event: 5674.212 Thread 0x00000196da121ac0 DEOPT UNPACKING pc=0x00000196c283e42f sp=0x0000003377cfe8a8 mode 2
Event: 5674.376 Thread 0x00000196da121ac0 Uncommon trap: trap_request=0xffffff45 fr.pc=0x00000196ca3ae690 relative=0x0000000000001930
Event: 5674.381 Thread 0x00000196da121ac0 Uncommon trap: reason=unstable_if action=reinterpret pc=0x00000196ca3ae690 method=java.awt.EventQueue.coalesceEvent(Ljava/awt/AWTEvent;I)Z @ 16 c2
Event: 5674.381 Thread 0x00000196da121ac0 DEOPT PACKING pc=0x00000196ca3ae690 sp=0x0000003377cfe980
Event: 5674.381 Thread 0x00000196da121ac0 DEOPT UNPACKING pc=0x00000196c283e42f sp=0x0000003377cfe880 mode 2

Classes unloaded (0 events):
No events

Classes redefined (0 events):
No events

Internal exceptions (20 events):
Event: 0.138 Thread 0x00000196bccee800 Exception <a 'java/lang/ClassNotFoundException'{0x0000000089c72708}: sun/awt/resources/spi/awtProvider> (0x0000000089c72708) 
thrown [./open/src/hotspot/share/classfile/systemDictionary.cpp, line 295]
Event: 0.162 Thread 0x00000196bccee800 Exception <a 'java/io/FileNotFoundException'{0x0000000089ccea08}> (0x0000000089ccea08) 
thrown [./open/src/hotspot/share/prims/jni.cpp, line 578]
Event: 0.169 Thread 0x00000196bccee800 Exception <a 'java/io/FileNotFoundException'{0x0000000089cfd710}> (0x0000000089cfd710) 
thrown [./open/src/hotspot/share/prims/jni.cpp, line 578]
Event: 0.170 Thread 0x00000196bccee800 Exception <a 'java/lang/NoSuchMethodError'{0x0000000089cfea48}: 'java.lang.Object java.lang.invoke.DirectMethodHandle$Holder.invokeStatic(java.lang.Object)'> (0x0000000089cfea48) 
thrown [./open/src/hotspot/share/interpreter/linkResolver.cpp, line 782]
Event: 0.203 Thread 0x00000196bccee800 Exception <a 'java/lang/NoSuchMethodError'{0x0000000089b48a80}: 'java.lang.Object java.lang.invoke.DirectMethodHandle$Holder.invokeStaticInit(java.lang.Object)'> (0x0000000089b48a80) 
thrown [./open/src/hotspot/share/interpreter/linkResolver.cpp, line 782]
Event: 0.231 Thread 0x00000196bccee800 Exception <a 'java/lang/NoSuchMethodError'{0x0000000089a30fc0}: 'java.lang.Object java.lang.invoke.DirectMethodHandle$Holder.newInvokeSpecial(java.lang.Object, java.lang.Object, java.lang.Object, java.lang.Object, java.lang.Object)'> (0x0000000089a30fc0) 
thrown [./open/src/hotspot/share/interpreter/linkResolver.cpp, line 782]
Event: 0.232 Thread 0x00000196bccee800 Exception <a 'java/lang/NoSuchMethodError'{0x0000000089a3ca50}: 'java.lang.Object java.lang.invoke.DirectMethodHandle$Holder.invokeStatic(java.lang.Object, int, java.lang.Object, java.lang.Object, java.lang.Object, java.lang.Object)'> (0x0000000089a3ca50) 
thrown [./open/src/hotspot/share/interpreter/linkResolver.cpp, line 782]
Event: 0.235 Thread 0x00000196bccee800 Exception <a 'java/lang/NoSuchMethodError'{0x0000000089a62cf8}: 'java.lang.Object java.lang.invoke.DirectMethodHandle$Holder.invokeStatic(java.lang.Object, int, java.lang.Object)'> (0x0000000089a62cf8) 
thrown [./open/src/hotspot/share/interpreter/linkResolver.cpp, line 782]
Event: 0.251 Thread 0x00000196bccee800 Exception <a 'java/lang/ClassNotFoundException'{0x000000008991b688}: com/sun/swing/internal/plaf/metal/resources/spi/metalProvider> (0x000000008991b688) 
thrown [./open/src/hotspot/share/classfile/systemDictionary.cpp, line 295]
Event: 0.251 Thread 0x00000196bccee800 Exception <a 'java/lang/ClassNotFoundException'{0x000000008991f710}: com/sun/swing/internal/plaf/basic/resources/spi/basicProvider> (0x000000008991f710) 
thrown [./open/src/hotspot/share/classfile/systemDictionary.cpp, line 295]
Event: 0.318 Thread 0x00000196da121ac0 Exception <a 'java/lang/NoSuchMethodError'{0x00000000896327d0}: 'void java.lang.invoke.DirectMethodHandle$Holder.invokeStatic(java.lang.Object, java.lang.Object, java.lang.Object)'> (0x00000000896327d0) 
thrown [./open/src/hotspot/share/interpreter/linkResolver.cpp, line 782]
Event: 0.318 Thread 0x00000196da121ac0 Exception <a 'java/lang/NoSuchMethodError'{0x00000000896391e0}: 'void java.lang.invoke.DirectMethodHandle$Holder.invokeStatic(java.lang.Object, java.lang.Object)'> (0x00000000896391e0) 
thrown [./open/src/hotspot/share/interpreter/linkResolver.cpp, line 782]
Event: 0.325 Thread 0x00000196da1290a0 Exception <a 'java/lang/NoSuchMethodError'{0x0000000089686b08}: 'java.lang.Object java.lang.invoke.DirectMethodHandle$Holder.newInvokeSpecial(java.lang.Object, java.lang.Object, java.lang.Object, int, int, int, int, int)'> (0x0000000089686b08) 
thrown [./open/src/hotspot/share/interpreter/linkResolver.cpp, line 782]
Event: 0.558 Thread 0x00000196da121ac0 Exception <a 'java/lang/NoSuchMethodError'{0x0000000089424910}: 'void java.lang.invoke.DirectMethodHandle$Holder.invokeStaticInit(java.lang.Object)'> (0x0000000089424910) 
thrown [./open/src/hotspot/share/interpreter/linkResolver.cpp, line 782]
Event: 2.351 Thread 0x00000196dc4dc7b0 Implicit null exception at 0x00000196ca306a0e to 0x00000196ca306af4
Event: 2.361 Thread 0x00000196da121ac0 Exception <a 'java/lang/NoSuchMethodError'{0x0000000089c34080}: 'int java.lang.invoke.DirectMethodHandle$Holder.invokeStatic(java.lang.Object)'> (0x0000000089c34080) 
thrown [./open/src/hotspot/share/interpreter/linkResolver.cpp, line 782]
Event: 3.510 Thread 0x00000196da121ac0 Exception <a 'java/lang/NoSuchMethodError'{0x0000000089858b20}: 'java.lang.Object java.lang.invoke.Invokers$Holder.invokeExact_MT(java.lang.Object, java.lang.Object, java.lang.Object, java.lang.Object, java.lang.Object, java.lang.Object)'> (0x0000000089858b20) 
thrown [./open/src/hotspot/share/interpreter/linkResolver.cpp, line 782]
Event: 3.908 Thread 0x00000196da121ac0 Exception <a 'java/lang/NoSuchMethodError'{0x0000000089580478}: 'void java.lang.invoke.DirectMethodHandle$Holder.invokeSpecial(java.lang.Object, java.lang.Object, java.lang.Object, java.lang.Object, java.lang.Object)'> (0x0000000089580478) 
thrown [./open/src/hotspot/share/interpreter/linkResolver.cpp, line 782]
Event: 3.955 Thread 0x00000196da121ac0 Implicit null exception at 0x00000196ca306f00 to 0x00000196ca306fd8
Event: 5673.889 Thread 0x00000196da121ac0 Exception <a 'java/lang/NoSuchMethodError'{0x0000000083fa0e50}: 'void java.lang.invoke.DirectMethodHandle$Holder.invokeVirtual(java.lang.Object, java.lang.Object)'> (0x0000000083fa0e50) 
thrown [./open/src/hotspot/share/interpreter/linkResolver.cpp, line 782]

Events (20 events):
Event: 3.978 loading class sun/font/StandardGlyphVector$GlyphStrike done
Event: 3.979 loading class java/awt/geom/EllipseIterator
Event: 3.979 loading class java/awt/geom/EllipseIterator done
Event: 4.246 Loaded shared library C:\Users\Hiep\.p2\pool\plugins\org.eclipse.justj.openjdk.hotspot.jre.full.win32.x86_64_15.0.2.v20210201-0955\jre\bin\java.dll
Event: 5.339 Thread 0x00000196da1290a0 Thread exited: 0x00000196da1290a0
Event: 5.973 Executing VM operation: HandshakeAllThreads
Event: 5.973 Executing VM operation: HandshakeAllThreads done
Event: 19.279 Loaded shared library C:\Users\Hiep\.p2\pool\plugins\org.eclipse.justj.openjdk.hotspot.jre.full.win32.x86_64_15.0.2.v20210201-0955\jre\bin\java.dll
Event: 237.150 loading class java/security/DomainCombiner
Event: 237.150 loading class java/security/DomainCombiner done
Event: 2628.875 Executing VM operation: G1CollectForAllocation
Event: 2628.916 Executing VM operation: G1CollectForAllocation done
Event: 5673.514 loading class java/util/WeakHashMap$KeyIterator
Event: 5673.628 loading class java/util/WeakHashMap$HashIterator
Event: 5673.687 loading class java/util/WeakHashMap$HashIterator done
Event: 5673.687 loading class java/util/WeakHashMap$KeyIterator done
Event: 5674.164 loading class javax/swing/RepaintManager$DisplayChangedRunnable
Event: 5674.177 loading class javax/swing/RepaintManager$DisplayChangedRunnable done
Event: 5753.124 Executing VM operation: G1CollectForAllocation
Event: 5753.157 Executing VM operation: G1CollectForAllocation done


Dynamic libraries:
0x00007ff6eb910000 - 0x00007ff6eb91d000 	C:\Users\Hiep\.p2\pool\plugins\org.eclipse.justj.openjdk.hotspot.jre.full.win32.x86_64_15.0.2.v20210201-0955\jre\bin\javaw.exe
0x00007ffc6f810000 - 0x00007ffc6fa05000 	C:\WINDOWS\SYSTEM32\ntdll.dll
0x00007ffc6de00000 - 0x00007ffc6debd000 	C:\WINDOWS\System32\KERNEL32.DLL
0x00007ffc6d470000 - 0x00007ffc6d738000 	C:\WINDOWS\System32\KERNELBASE.dll
0x00007ffc6d0b0000 - 0x00007ffc6d1b0000 	C:\WINDOWS\System32\ucrtbase.dll
0x00007ffc647d0000 - 0x00007ffc647e8000 	C:\Users\Hiep\.p2\pool\plugins\org.eclipse.justj.openjdk.hotspot.jre.full.win32.x86_64_15.0.2.v20210201-0955\jre\bin\jli.dll
0x00007ffc402a0000 - 0x00007ffc402b9000 	C:\Users\Hiep\.p2\pool\plugins\org.eclipse.justj.openjdk.hotspot.jre.full.win32.x86_64_15.0.2.v20210201-0955\jre\bin\VCRUNTIME140.dll
0x00007ffc6dc60000 - 0x00007ffc6de00000 	C:\WINDOWS\System32\USER32.dll
0x00007ffc6d210000 - 0x00007ffc6d232000 	C:\WINDOWS\System32\win32u.dll
0x00007ffc59920000 - 0x00007ffc59bba000 	C:\WINDOWS\WinSxS\amd64_microsoft.windows.common-controls_6595b64144ccf1df_6.0.19041.844_none_ca00b6081b84eb1d\COMCTL32.dll
0x00007ffc6f250000 - 0x00007ffc6f27a000 	C:\WINDOWS\System32\GDI32.dll
0x00007ffc6cf50000 - 0x00007ffc6d05b000 	C:\WINDOWS\System32\gdi32full.dll
0x00007ffc6e230000 - 0x00007ffc6e2ce000 	C:\WINDOWS\System32\msvcrt.dll
0x00007ffc6d270000 - 0x00007ffc6d30d000 	C:\WINDOWS\System32\msvcp_win.dll
0x00007ffc6dc30000 - 0x00007ffc6dc60000 	C:\WINDOWS\System32\IMM32.DLL
0x00007ffc526a0000 - 0x00007ffc526ac000 	C:\Users\Hiep\.p2\pool\plugins\org.eclipse.justj.openjdk.hotspot.jre.full.win32.x86_64_15.0.2.v20210201-0955\jre\bin\vcruntime140_1.dll
0x00007ffc30f70000 - 0x00007ffc31001000 	C:\Users\Hiep\.p2\pool\plugins\org.eclipse.justj.openjdk.hotspot.jre.full.win32.x86_64_15.0.2.v20210201-0955\jre\bin\msvcp140.dll
0x00007ffbf1910000 - 0x00007ffbf246e000 	C:\Users\Hiep\.p2\pool\plugins\org.eclipse.justj.openjdk.hotspot.jre.full.win32.x86_64_15.0.2.v20210201-0955\jre\bin\server\jvm.dll
0x00007ffc6ef90000 - 0x00007ffc6f03c000 	C:\WINDOWS\System32\ADVAPI32.dll
0x00007ffc6e100000 - 0x00007ffc6e19b000 	C:\WINDOWS\System32\sechost.dll
0x00007ffc6f040000 - 0x00007ffc6f16b000 	C:\WINDOWS\System32\RPCRT4.dll
0x00007ffc6ed50000 - 0x00007ffc6ed58000 	C:\WINDOWS\System32\PSAPI.DLL
0x00007ffc49b10000 - 0x00007ffc49b37000 	C:\WINDOWS\SYSTEM32\WINMM.dll
0x00007ffc61830000 - 0x00007ffc6183a000 	C:\WINDOWS\SYSTEM32\VERSION.dll
0x00007ffc584a0000 - 0x00007ffc584a9000 	C:\WINDOWS\SYSTEM32\WSOCK32.dll
0x00007ffc6e330000 - 0x00007ffc6e39b000 	C:\WINDOWS\System32\WS2_32.dll
0x00007ffc6b850000 - 0x00007ffc6b862000 	C:\WINDOWS\SYSTEM32\kernel.appcore.dll
0x00007ffc55590000 - 0x00007ffc5559a000 	C:\Users\Hiep\.p2\pool\plugins\org.eclipse.justj.openjdk.hotspot.jre.full.win32.x86_64_15.0.2.v20210201-0955\jre\bin\jimage.dll
0x00007ffc6b550000 - 0x00007ffc6b734000 	C:\WINDOWS\SYSTEM32\DBGHELP.DLL
0x00007ffc61860000 - 0x00007ffc6188c000 	C:\WINDOWS\SYSTEM32\dbgcore.DLL
0x00007ffc6d740000 - 0x00007ffc6d7c0000 	C:\WINDOWS\System32\bcryptPrimitives.dll
0x00007ffc3e3b0000 - 0x00007ffc3e3d5000 	C:\Users\Hiep\.p2\pool\plugins\org.eclipse.justj.openjdk.hotspot.jre.full.win32.x86_64_15.0.2.v20210201-0955\jre\bin\java.dll
0x00007ffc440b0000 - 0x00007ffc440c8000 	C:\Users\Hiep\.p2\pool\plugins\org.eclipse.justj.openjdk.hotspot.jre.full.win32.x86_64_15.0.2.v20210201-0955\jre\bin\zip.dll
0x00007ffc6e600000 - 0x00007ffc6ed42000 	C:\WINDOWS\System32\SHELL32.dll
0x00007ffc6acf0000 - 0x00007ffc6b480000 	C:\WINDOWS\SYSTEM32\windows.storage.dll
0x00007ffc6d8d0000 - 0x00007ffc6dc25000 	C:\WINDOWS\System32\combase.dll
0x00007ffc6c9c0000 - 0x00007ffc6c9ec000 	C:\WINDOWS\SYSTEM32\Wldp.dll
0x00007ffc6e550000 - 0x00007ffc6e5fe000 	C:\WINDOWS\System32\SHCORE.dll
0x00007ffc6d870000 - 0x00007ffc6d8c5000 	C:\WINDOWS\System32\shlwapi.dll
0x00007ffc6ce90000 - 0x00007ffc6ceaf000 	C:\WINDOWS\SYSTEM32\profapi.dll
0x00007ffc616a0000 - 0x00007ffc616b9000 	C:\Users\Hiep\.p2\pool\plugins\org.eclipse.justj.openjdk.hotspot.jre.full.win32.x86_64_15.0.2.v20210201-0955\jre\bin\net.dll
0x00007ffc61df0000 - 0x00007ffc61efb000 	C:\WINDOWS\SYSTEM32\WINHTTP.dll
0x00007ffc6c730000 - 0x00007ffc6c79a000 	C:\WINDOWS\system32\mswsock.dll
0x00007ffc554a0000 - 0x00007ffc554b2000 	C:\Users\Hiep\.p2\pool\plugins\org.eclipse.justj.openjdk.hotspot.jre.full.win32.x86_64_15.0.2.v20210201-0955\jre\bin\nio.dll
0x00007ffc2ae90000 - 0x00007ffc2b00f000 	C:\Users\Hiep\.p2\pool\plugins\org.eclipse.justj.openjdk.hotspot.jre.full.win32.x86_64_15.0.2.v20210201-0955\jre\bin\awt.dll
0x00007ffc6f700000 - 0x00007ffc6f7cd000 	C:\WINDOWS\System32\OLEAUT32.dll
0x00007ffc66710000 - 0x00007ffc667a0000 	C:\WINDOWS\SYSTEM32\apphelp.dll
0x00007ffc6a820000 - 0x00007ffc6a84f000 	C:\WINDOWS\system32\DWMAPI.DLL
0x00007ffc667c0000 - 0x00007ffc6685e000 	C:\WINDOWS\system32\uxtheme.dll
0x00007ffc52f60000 - 0x00007ffc53086000 	C:\WINDOWS\system32\opengl32.dll
0x00007ffc5f230000 - 0x00007ffc5f25c000 	C:\WINDOWS\SYSTEM32\GLU32.dll
0x00007ffc6ed60000 - 0x00007ffc6ee75000 	C:\WINDOWS\System32\MSCTF.dll
0x00007ffc6dfd0000 - 0x00007ffc6e0fa000 	C:\WINDOWS\System32\ole32.dll
0x00007ffc38f30000 - 0x00007ffc38f5d000 	C:\Users\Hiep\.p2\pool\plugins\org.eclipse.justj.openjdk.hotspot.jre.full.win32.x86_64_15.0.2.v20210201-0955\jre\bin\javajpeg.dll
0x00007ffc2ed80000 - 0x00007ffc2ee30000 	C:\WINDOWS\WinSxS\amd64_microsoft.windows.common-controls_6595b64144ccf1df_5.82.19041.844_none_423537bff6b9828c\comctl32.dll
0x00007ffc34e50000 - 0x00007ffc34ed5000 	C:\Users\Hiep\.p2\pool\plugins\org.eclipse.justj.openjdk.hotspot.jre.full.win32.x86_64_15.0.2.v20210201-0955\jre\bin\freetype.dll
0x00007ffc2bc10000 - 0x00007ffc2bcb9000 	C:\Users\Hiep\.p2\pool\plugins\org.eclipse.justj.openjdk.hotspot.jre.full.win32.x86_64_15.0.2.v20210201-0955\jre\bin\fontmanager.dll
0x00007ffc6d060000 - 0x00007ffc6d0ae000 	C:\WINDOWS\System32\CFGMGR32.dll
0x00007ffc6ee80000 - 0x00007ffc6ef29000 	C:\WINDOWS\System32\clbcatq.dll
0x00007ffc526b0000 - 0x00007ffc526c7000 	C:\WINDOWS\system32\NetworkExplorer.dll
0x00007ffc67260000 - 0x00007ffc67357000 	C:\WINDOWS\system32\PROPSYS.dll
0x00007ffc42f40000 - 0x00007ffc42f5d000 	C:\WINDOWS\SYSTEM32\MPR.dll
0x00007ffc61750000 - 0x00007ffc6175b000 	C:\WINDOWS\System32\drprov.dll
0x00007ffc6bd50000 - 0x00007ffc6bdaa000 	C:\WINDOWS\System32\WINSTA.dll
0x00007ffc5bf40000 - 0x00007ffc5bf58000 	C:\WINDOWS\System32\ntlanman.dll
0x00007ffc59760000 - 0x00007ffc5977e000 	C:\WINDOWS\System32\davclnt.dll
0x00007ffc2c0a0000 - 0x00007ffc2c0ad000 	C:\WINDOWS\System32\DAVHLPR.dll
0x00007ffc6c180000 - 0x00007ffc6c197000 	C:\WINDOWS\System32\wkscli.dll
0x00007ffc555a0000 - 0x00007ffc555b2000 	C:\WINDOWS\SYSTEM32\cscapi.dll
0x00007ffc6c4e0000 - 0x00007ffc6c4ec000 	C:\WINDOWS\System32\netutils.dll
0x00007ffc3b660000 - 0x00007ffc3b6b8000 	C:\Windows\System32\dlnashext.dll
0x00007ffc39180000 - 0x00007ffc391e4000 	C:\Windows\System32\PlayToDevice.dll
0x00007ffc670c0000 - 0x00007ffc670e0000 	C:\Windows\System32\DevDispItemProvider.dll
0x00007ffc60d90000 - 0x00007ffc60e15000 	C:\WINDOWS\System32\MMDevApi.dll
0x00007ffc6cd00000 - 0x00007ffc6cd2c000 	C:\WINDOWS\System32\DEVOBJ.dll
0x00007ffc2bb60000 - 0x00007ffc2bc03000 	C:\WINDOWS\system32\wpdshext.dll
0x00007ffc29120000 - 0x00007ffc292cb000 	C:\WINDOWS\WinSxS\amd64_microsoft.windows.gdiplus_6595b64144ccf1df_1.1.19041.928_none_faefac437613c6cc\gdiplus.dll
0x00007ffc3f830000 - 0x00007ffc3f8d3000 	C:\Windows\System32\PortableDeviceApi.dll
0x00007ffc6f280000 - 0x00007ffc6f6e9000 	C:\WINDOWS\System32\SETUPAPI.dll
0x00007ffc6d240000 - 0x00007ffc6d267000 	C:\WINDOWS\System32\bcrypt.dll
0x00007ffc6d1b0000 - 0x00007ffc6d210000 	C:\WINDOWS\System32\WINTRUST.dll
0x00007ffc6d310000 - 0x00007ffc6d46f000 	C:\WINDOWS\System32\CRYPT32.dll
0x00007ffc6cb40000 - 0x00007ffc6cb52000 	C:\WINDOWS\System32\MSASN1.dll
0x00007ffc477a0000 - 0x00007ffc477d7000 	C:\Windows\System32\EhStorShell.dll
0x00007ffc38010000 - 0x00007ffc38036000 	C:\Windows\System32\EhStorAPI.dll
0x00007ffc64c60000 - 0x00007ffc64c74000 	C:\Windows\System32\WTSAPI32.dll
0x00007ffc64670000 - 0x00007ffc6467d000 	C:\WINDOWS\SYSTEM32\LINKINFO.dll
0x00007ffc51f20000 - 0x00007ffc520d4000 	C:\WINDOWS\SYSTEM32\WindowsCodecs.dll
0x00007ffc55a20000 - 0x00007ffc55a5e000 	C:\WINDOWS\system32\dataexchange.dll
0x00007ffc65c10000 - 0x00007ffc65df5000 	C:\WINDOWS\system32\dcomp.dll
0x00007ffc65350000 - 0x00007ffc655b4000 	C:\WINDOWS\system32\d3d11.dll
0x00007ffc6b890000 - 0x00007ffc6b984000 	C:\WINDOWS\system32\dxgi.dll
0x00007ffc649f0000 - 0x00007ffc64bf1000 	C:\WINDOWS\system32\twinapi.appcore.dll
0x00007ffc57ee0000 - 0x00007ffc57fd9000 	C:\WINDOWS\SYSTEM32\textinputframework.dll
0x00007ffc65e00000 - 0x00007ffc6615e000 	C:\WINDOWS\System32\CoreUIComponents.dll
0x00007ffc664e0000 - 0x00007ffc665d2000 	C:\WINDOWS\System32\CoreMessaging.dll
0x00007ffc6bdb0000 - 0x00007ffc6bde3000 	C:\WINDOWS\SYSTEM32\ntmarta.dll
0x00007ffc66b90000 - 0x00007ffc66ce4000 	C:\WINDOWS\SYSTEM32\wintypes.dll
0x00007ffc54b40000 - 0x00007ffc54b50000 	C:\Users\Hiep\.p2\pool\plugins\org.eclipse.justj.openjdk.hotspot.jre.full.win32.x86_64_15.0.2.v20210201-0955\jre\bin\verify.dll
0x00007ffc4cd30000 - 0x00007ffc4cddc000 	C:\WINDOWS\SYSTEM32\TextShaping.dll

dbghelp: loaded successfully - version: 4.0.5 - missing functions: none
symbol engine: initialized successfully - sym options: 0x614 - pdb path: .;C:\Users\Hiep\.p2\pool\plugins\org.eclipse.justj.openjdk.hotspot.jre.full.win32.x86_64_15.0.2.v20210201-0955\jre\bin;C:\WINDOWS\SYSTEM32;C:\WINDOWS\WinSxS\amd64_microsoft.windows.common-controls_6595b64144ccf1df_6.0.19041.844_none_ca00b6081b84eb1d;C:\Users\Hiep\.p2\pool\plugins\org.eclipse.justj.openjdk.hotspot.jre.full.win32.x86_64_15.0.2.v20210201-0955\jre\bin\server;C:\WINDOWS\WinSxS\amd64_microsoft.windows.common-controls_6595b64144ccf1df_5.82.19041.844_none_423537bff6b9828c;C:\WINDOWS\WinSxS\amd64_microsoft.windows.gdiplus_6595b64144ccf1df_1.1.19041.928_none_faefac437613c6cc

VM Arguments:
jvm_args: -Dfile.encoding=UTF-8 -XX:+ShowCodeDetailsInExceptionMessages 
java_command: test.project
java_class_path (initial): D:\TTH\app code\Visual Studio\Java\Java_Eclipse\OOProject\MainProject\bin;C:\Users\Hiep\.m2\repository\org\graphstream\gs-core\2.0\gs-core-2.0.jar;C:\Users\Hiep\.m2\repository\org\graphstream\pherd\1.0\pherd-1.0.jar;C:\Users\Hiep\.m2\repository\org\graphstream\mbox2\1.0\mbox2-1.0.jar
Launcher Type: SUN_STANDARD

[Global flags]
     intx CICompilerCount                          = 4                                         {product} {ergonomic}
     uint ConcGCThreads                            = 2                                         {product} {ergonomic}
     uint G1ConcRefinementThreads                  = 8                                         {product} {ergonomic}
   size_t G1HeapRegionSize                         = 1048576                                   {product} {ergonomic}
    uintx GCDrainStackTargetSize                   = 64                                        {product} {ergonomic}
   size_t InitialHeapSize                          = 134217728                                 {product} {ergonomic}
   size_t MarkStackSize                            = 4194304                                   {product} {ergonomic}
   size_t MaxHeapSize                              = 2116026368                                {product} {ergonomic}
   size_t MaxNewSize                               = 1268776960                                {product} {ergonomic}
   size_t MinHeapDeltaBytes                        = 1048576                                   {product} {ergonomic}
   size_t MinHeapSize                              = 8388608                                   {product} {ergonomic}
    uintx NonNMethodCodeHeapSize                   = 5839372                                {pd product} {ergonomic}
    uintx NonProfiledCodeHeapSize                  = 122909434                              {pd product} {ergonomic}
    uintx ProfiledCodeHeapSize                     = 122909434                              {pd product} {ergonomic}
    uintx ReservedCodeCacheSize                    = 251658240                              {pd product} {ergonomic}
     bool SegmentedCodeCache                       = true                                      {product} {ergonomic}
     bool ShowCodeDetailsInExceptionMessages       = true                                   {manageable} {command line}
   size_t SoftMaxHeapSize                          = 2116026368                             {manageable} {ergonomic}
     bool UseCompressedClassPointers               = true                                 {lp64_product} {ergonomic}
     bool UseCompressedOops                        = true                                 {lp64_product} {ergonomic}
     bool UseG1GC                                  = true                                      {product} {ergonomic}
     bool UseLargePagesIndividualAllocation        = false                                  {pd product} {ergonomic}

Logging:
Log output configuration:
 #0: stdout all=warning uptime,level,tags
 #1: stderr all=off uptime,level,tags

Environment Variables:
JAVA_HOME=C:\Program Files\Java\jdk-14\bin
PATH=C:/Users/Hiep/.p2/pool/plugins/org.eclipse.justj.openjdk.hotspot.jre.full.win32.x86_64_15.0.2.v20210201-0955/jre/bin/server;C:/Users/Hiep/.p2/pool/plugins/org.eclipse.justj.openjdk.hotspot.jre.full.win32.x86_64_15.0.2.v20210201-0955/jre/bin;C:\Program Files\Common Files\Oracle\Java\javapath;C:\Program Files\AdoptOpenJDK\jdk-11.0.10.9-hotspot;C:\Program Files (x86)\VMware\VMware Workstation\bin\;C:\ProgramData\Anaconda3;C:\ProgramData\Anaconda3\Library\mingw-w64\bin;C:\ProgramData\Anaconda3\Library\usr\bin;C:\ProgramData\Anaconda3\Library\bin;C:\ProgramData\Anaconda3\Scripts;C:\Program Files\Java\jdk-14\bin;C:\Program Files\Calibre2\;C:\Program Files\Microsoft Network Monitor 3\;C:\Program Files\mingw-w64\x86_64-8.1.0-posix-seh-rt_v6-rev0\mingw64\bin;C:\WINDOWS\system32\WindowsPowerShell\v1.0\powershell.exe;D:\Git\cmd;C:\Program Files\AdoptOpenJDK\jdk-11.0.10.9-hotspot\bin;;C:\WINDOWS\system32;C:\WINDOWS;C:\WINDOWS\System32\Wbem;C:\WINDOWS\System32\WindowsPowerShell\v1.0\;C:\WINDOWS\System32\OpenSSH\;C:\Users\Hiep\AppData\Local\Programs\Python\Python38-32\Scripts\;C:\Users\Hiep\AppData\Local\Programs\Python\Python38-32\;C:\Users\Hiep\AppData\Local\Microsoft\WindowsApps;C:\Users\Hiep\AppData\Local\Programs\Microsoft VS Code\bin;C:\Program Files (x86)\CodeBlocks\MinGW\bin;C:\Program Files\JetBrains\PyCharm 2020.2.3\bin;;;C:\Users\Hiep;
USERNAME=Hiep
OS=Windows_NT
PROCESSOR_IDENTIFIER=Intel64 Family 6 Model 142 Stepping 12, GenuineIntel



---------------  S Y S T E M  ---------------

OS:
 Windows 10 , 64 bit Build 19041 (10.0.19041.928)
OS uptime: 2 days 5:55 hours

CPU: total 8 (initial active 8) (4 cores per cpu, 2 threads per core) family 6 model 142 stepping 12 microcode 0xca, cmov, cx8, fxsr, mmx, sse, sse2, sse3, ssse3, sse4.1, sse4.2, popcnt, vzeroupper, avx, avx2, aes, clmul, erms, 3dnowpref, lzcnt, ht, tsc, tscinvbit, bmi1, bmi2, adx, fma, clflush, clflushopt

Memory: 4k page, system-wide physical 8068M (445M free)
TotalPageFile size 21492M (AvailPageFile size 5M)
current process WorkingSet (physical memory assigned to process): 52M, peak: 156M
current process commit charge ("private bytes"): 194M, peak: 276M

vm_info: OpenJDK 64-Bit Server VM (15.0.2+7-27) for windows-amd64 JRE (15.0.2+7-27), built on Dec  7 2020 20:02:38 by "mach5one" with unknown MS VC++:1925

END.
